---------------------------------------------------------------
[ 2018-05-18T10:49:46+08:00 ] 127.0.0.1 127.0.0.1 GET /allianz/dcp
[ info ] test.mlxyadmin.com:8080/allianz/dcp [运行时间：0.547832s][吞吐率：1.83req/s] [内存消耗：6,826.76kb] [文件加载：86]
[ info ] [ LANG ] D:\www\mlxyadmin\thinkphp\lang\zh-cn.php
[ info ] [ ROUTE ] array (
  'type' => 'module',
  'module' => 
  array (
    0 => 'dcp',
    1 => 'Index',
    2 => 'service_details',
  ),
  'convert' => false,
)
[ info ] [ HEADER ] array (
  'host' => 'test.mlxyadmin.com:8080',
  'connection' => 'keep-alive',
  'cache-control' => 'max-age=0',
  'upgrade-insecure-requests' => '1',
  'user-agent' => 'Mozilla/5.0 (Windows NT 10.0; WOW64) AppleWebKit/537.36 (KHTML, like Gecko) Chrome/63.0.3239.9 Safari/537.36',
  'accept' => 'text/html,application/xhtml+xml,application/xml;q=0.9,image/webp,image/apng,*/*;q=0.8',
  'accept-encoding' => 'gzip, deflate',
  'accept-language' => 'zh-CN,zh;q=0.9',
)
[ info ] [ PARAM ] array (
)
[ info ] [ CACHE ] INIT File
[ info ] [ DB ] INIT mysql
[ info ] [ BEHAVIOR ] Run \app\common\behaviors\LoadConfigBehavior @module_init [ RunTime:0.072070s ]
[ info ] [ RUN ] app\dcp\controller\Index->service_details[ D:\www\mlxyadmin\application\dcp\controller\Index.php ]
[ info ] [ VIEW ] D:\www\mlxyadmin\application\dcp\view\index\service_details.html [ array (
  0 => 'site_version',
  1 => 'static_path',
  2 => 'module_path',
  3 => 'lib_path',
  4 => 'service_list',
  5 => 'area',
  6 => 'country_list',
  7 => 'userid',
  8 => 'minedata',
  9 => 'service_id',
  10 => 'site_title',
) ]
[ info ] [ LOG ] INIT File
[ sql ] [ DB ] CONNECT:[ UseTime:0.016307s ] mysql:dbname=databases;host=localhost;port=3306;charset=utf8
[ sql ] [ SQL ] SHOW COLUMNS FROM `nd_manage_config` [ RunTime:0.016632s ]
[ sql ] [ SQL ] SELECT * FROM `nd_manage_config` [ RunTime:0.000865s ]
[ sql ] [ SQL ] SHOW COLUMNS FROM `nd_cases_case_type` [ RunTime:0.017123s ]
[ sql ] [ SQL ] SELECT * FROM `nd_cases_case_type` ORDER BY sort desc [ RunTime:0.000500s ]
[ sql ] [ SQL ] SHOW COLUMNS FROM `nd_cases_area` [ RunTime:0.021015s ]
[ sql ] [ SQL ] SELECT * FROM `nd_cases_area` WHERE  `parent_id` = 0 [ RunTime:0.031022s ]
[ sql ] [ SQL ] SHOW COLUMNS FROM `nd_cases_country` [ RunTime:0.016695s ]
[ sql ] [ SQL ] SELECT * FROM `nd_cases_country` ORDER BY locate('Malaysia',ename) desc [ RunTime:0.001077s ]
[ sql ] [ SQL ] SHOW COLUMNS FROM `nd_cases_chatuser` [ RunTime:0.012429s ]
[ sql ] [ SQL ] SELECT `a_chatuser`.*,a_case_company.name as companyname FROM `nd_cases_chatuser` `a_chatuser` INNER JOIN `nd_cases_company` `a_case_company` ON `a_chatuser`.`company`=`a_case_company`.`id` ORDER BY a_chatuser.sort desc LIMIT 1 [ RunTime:0.011858s ]
[ error ] [2]DOMDocument::loadHTML(): Tag section invalid in Entity, line: 39[D:\www\mlxyadmin\thinkcms\library\minify\HtmlMinify.php:21]
[ error ] [2]DOMDocument::loadHTML(): ID patient-gender2 already defined in Entity, line: 508[D:\www\mlxyadmin\thinkcms\library\minify\HtmlMinify.php:21]
[ error ] [2]DOMDocument::loadHTML(): ID patient-gender2 already defined in Entity, line: 522[D:\www\mlxyadmin\thinkcms\library\minify\HtmlMinify.php:21]
[ error ] [2]DOMDocument::loadHTML(): ID patient-gender2 already defined in Entity, line: 536[D:\www\mlxyadmin\thinkcms\library\minify\HtmlMinify.php:21]
[ error ] [2]DOMDocument::loadHTML(): ID patient-gender2 already defined in Entity, line: 550[D:\www\mlxyadmin\thinkcms\library\minify\HtmlMinify.php:21]
[ error ] [2]DOMDocument::loadHTML(): Unexpected end tag : option in Entity, line: 834[D:\www\mlxyadmin\thinkcms\library\minify\HtmlMinify.php:21]
[ error ] [2]DOMDocument::loadHTML(): Unexpected end tag : option in Entity, line: 838[D:\www\mlxyadmin\thinkcms\library\minify\HtmlMinify.php:21]
[ error ] [2]DOMDocument::loadHTML(): Unexpected end tag : option in Entity, line: 855[D:\www\mlxyadmin\thinkcms\library\minify\HtmlMinify.php:21]
[ error ] [2]DOMDocument::loadHTML(): Unexpected end tag : option in Entity, line: 858[D:\www\mlxyadmin\thinkcms\library\minify\HtmlMinify.php:21]
[ error ] [2]DOMDocument::loadHTML(): Unexpected end tag : option in Entity, line: 865[D:\www\mlxyadmin\thinkcms\library\minify\HtmlMinify.php:21]
[ error ] [2]DOMDocument::loadHTML(): Unexpected end tag : option in Entity, line: 870[D:\www\mlxyadmin\thinkcms\library\minify\HtmlMinify.php:21]
[ error ] [2]DOMDocument::loadHTML(): Unexpected end tag : option in Entity, line: 876[D:\www\mlxyadmin\thinkcms\library\minify\HtmlMinify.php:21]
[ error ] [2]DOMDocument::loadHTML(): Unexpected end tag : option in Entity, line: 878[D:\www\mlxyadmin\thinkcms\library\minify\HtmlMinify.php:21]
[ error ] [2]DOMDocument::loadHTML(): Unexpected end tag : span in Entity, line: 927[D:\www\mlxyadmin\thinkcms\library\minify\HtmlMinify.php:21]
[ error ] [2]DOMDocument::loadHTML(): Unexpected end tag : span in Entity, line: 930[D:\www\mlxyadmin\thinkcms\library\minify\HtmlMinify.php:21]
[ error ] [2]DOMDocument::loadHTML(): Unexpected end tag : span in Entity, line: 935[D:\www\mlxyadmin\thinkcms\library\minify\HtmlMinify.php:21]
---------------------------------------------------------------
[ 2018-05-18T11:04:53+08:00 ] 127.0.0.1 127.0.0.1 POST /module/cases/Interfaces/valid_login.html
[ info ] test.mlxyadmin.com:8080/module/cases/Interfaces/valid_login.html [运行时间：0.123627s][吞吐率：8.09req/s] [内存消耗：5,349.49kb] [文件加载：68]
[ info ] [ LANG ] D:\www\mlxyadmin\thinkphp\lang\zh-cn.php
[ info ] [ ROUTE ] array (
  'type' => 'module',
  'module' => 
  array (
    0 => 'manage',
    1 => 'loader',
    2 => 'run',
  ),
  'convert' => false,
)
[ info ] [ HEADER ] array (
  'host' => 'test.mlxyadmin.com:8080',
  'connection' => 'keep-alive',
  'content-length' => '0',
  'accept' => 'application/json, text/javascript, */*; q=0.01',
  'origin' => 'http://test.mlxyadmin.com:8080',
  'x-requested-with' => 'XMLHttpRequest',
  'user-agent' => 'Mozilla/5.0 (Windows NT 10.0; WOW64) AppleWebKit/537.36 (KHTML, like Gecko) Chrome/63.0.3239.9 Safari/537.36',
  'referer' => 'http://test.mlxyadmin.com:8080/allianz/dcp',
  'accept-encoding' => 'gzip, deflate',
  'accept-language' => 'zh-CN,zh;q=0.9',
  'cookie' => 'savedump=dcp; amback=http%3A%2F%2Ftest.mlxyadmin.com%3A8080%2Fallianz%2Fdcp',
)
[ info ] [ PARAM ] array (
  '_module_' => 'cases',
  '_controller_' => 'Interfaces',
  '_action_' => 'valid_login',
)
[ info ] [ CACHE ] INIT File
[ info ] [ DB ] INIT mysql
[ info ] [ BEHAVIOR ] Run \app\common\behaviors\LoadConfigBehavior @module_init [ RunTime:0.053977s ]
[ info ] [ RUN ] app\manage\controller\Loader->run[ D:\www\mlxyadmin\application\manage\controller\Loader.php ]
[ info ] [ RUN ] module\cases\controller\Interfaces->valid_login[ D:\www\mlxyadmin\application\module\cases\controller\Interfaces.php ]
[ info ] [ LOG ] INIT File
[ sql ] [ DB ] CONNECT:[ UseTime:0.007064s ] mysql:dbname=databases;host=localhost;port=3306;charset=utf8
[ sql ] [ SQL ] SHOW COLUMNS FROM `nd_manage_config` [ RunTime:0.011904s ]
[ sql ] [ SQL ] SELECT * FROM `nd_manage_config` [ RunTime:0.000900s ]
---------------------------------------------------------------
[ 2018-05-18T11:04:53+08:00 ] 127.0.0.1 127.0.0.1 GET /dcp/Login/index.html
[ info ] test.mlxyadmin.com:8080/dcp/Login/index.html [运行时间：0.290776s][吞吐率：3.44req/s] [内存消耗：4,033.89kb] [文件加载：68]
[ info ] [ LANG ] D:\www\mlxyadmin\thinkphp\lang\zh-cn.php
[ info ] [ ROUTE ] array (
  'type' => 'module',
  'module' => 
  array (
    0 => 'dcp',
    1 => 'Login',
    2 => 'index',
  ),
)
[ info ] [ HEADER ] array (
  'host' => 'test.mlxyadmin.com:8080',
  'connection' => 'keep-alive',
  'upgrade-insecure-requests' => '1',
  'user-agent' => 'Mozilla/5.0 (Windows NT 10.0; WOW64) AppleWebKit/537.36 (KHTML, like Gecko) Chrome/63.0.3239.9 Safari/537.36',
  'accept' => 'text/html,application/xhtml+xml,application/xml;q=0.9,image/webp,image/apng,*/*;q=0.8',
  'referer' => 'http://test.mlxyadmin.com:8080/allianz/dcp',
  'accept-encoding' => 'gzip, deflate',
  'accept-language' => 'zh-CN,zh;q=0.9',
  'cookie' => 'savedump=dcp; amback=http%3A%2F%2Ftest.mlxyadmin.com%3A8080%2Fallianz%2Fdcp',
)
[ info ] [ PARAM ] array (
)
[ info ] [ CACHE ] INIT File
[ info ] [ BEHAVIOR ] Run \app\common\behaviors\LoadConfigBehavior @module_init [ RunTime:0.010194s ]
[ info ] [ RUN ] app\dcp\controller\Login->index[ D:\www\mlxyadmin\application\dcp\controller\Login.php ]
[ info ] [ VIEW ] D:\www\mlxyadmin\application\dcp\view\login\index.html [ array (
  0 => 'site_version',
  1 => 'static_path',
  2 => 'module_path',
  3 => 'lib_path',
  4 => 'site_title',
) ]
[ info ] [ LOG ] INIT File
---------------------------------------------------------------
[ 2018-05-18T11:05:00+08:00 ] 127.0.0.1 127.0.0.1 POST /dcp/login/dologin.html
[ info ] test.mlxyadmin.com:8080/dcp/login/dologin.html [运行时间：0.293766s][吞吐率：3.40req/s] [内存消耗：4,951.02kb] [文件加载：62]
[ info ] [ LANG ] D:\www\mlxyadmin\thinkphp\lang\zh-cn.php
[ info ] [ ROUTE ] array (
  'type' => 'module',
  'module' => 
  array (
    0 => 'dcp',
    1 => 'login',
    2 => 'dologin',
  ),
)
[ info ] [ HEADER ] array (
  'host' => 'test.mlxyadmin.com:8080',
  'connection' => 'keep-alive',
  'content-length' => '41',
  'accept' => '*/*',
  'origin' => 'http://test.mlxyadmin.com:8080',
  'x-requested-with' => 'XMLHttpRequest',
  'user-agent' => 'Mozilla/5.0 (Windows NT 10.0; WOW64) AppleWebKit/537.36 (KHTML, like Gecko) Chrome/63.0.3239.9 Safari/537.36',
  'content-type' => 'application/x-www-form-urlencoded; charset=UTF-8',
  'referer' => 'http://test.mlxyadmin.com:8080/dcp/Login/index.html',
  'accept-encoding' => 'gzip, deflate',
  'accept-language' => 'zh-CN,zh;q=0.9',
  'cookie' => 'savedump=dcp; amback=http%3A%2F%2Ftest.mlxyadmin.com%3A8080%2Fallianz%2Fdcp',
)
[ info ] [ PARAM ] array (
  'user_name' => 'wangqiang@meetuuu.com',
  'pwd' => '123',
)
[ info ] [ CACHE ] INIT File
[ info ] [ BEHAVIOR ] Run \app\common\behaviors\LoadConfigBehavior @module_init [ RunTime:0.008044s ]
[ info ] [ RUN ] app\dcp\controller\Login->doLogin[ D:\www\mlxyadmin\application\dcp\controller\Login.php ]
[ info ] [ DB ] INIT mysql
[ info ] [ LOG ] INIT File
[ sql ] [ DB ] CONNECT:[ UseTime:0.014514s ] mysql:dbname=databases;host=localhost;port=3306;charset=utf8
[ sql ] [ SQL ] SHOW COLUMNS FROM `nd_cases_chatuser` [ RunTime:0.014265s ]
[ sql ] [ SQL ] SELECT `id`,`user_name`,`pwd`,`sign`,`avatar`,`is_manager`,`company` FROM `nd_cases_chatuser` WHERE  `user_name` = 'wangqiang@meetuuu.com'  AND `u_status` = 1  AND `delete_time` = 0 LIMIT 1 [ RunTime:0.000621s ]
---------------------------------------------------------------
[ 2018-05-18T11:07:12+08:00 ] 127.0.0.1 127.0.0.1 POST /dcp/login/dologin.html
[ info ] test.mlxyadmin.com:8080/dcp/login/dologin.html [运行时间：0.300987s][吞吐率：3.32req/s] [内存消耗：4,998.40kb] [文件加载：63]
[ info ] [ LANG ] D:\www\mlxyadmin\thinkphp\lang\zh-cn.php
[ info ] [ ROUTE ] array (
  'type' => 'module',
  'module' => 
  array (
    0 => 'dcp',
    1 => 'login',
    2 => 'dologin',
  ),
)
[ info ] [ HEADER ] array (
  'host' => 'test.mlxyadmin.com:8080',
  'connection' => 'keep-alive',
  'content-length' => '41',
  'accept' => '*/*',
  'origin' => 'http://test.mlxyadmin.com:8080',
  'x-requested-with' => 'XMLHttpRequest',
  'user-agent' => 'Mozilla/5.0 (Windows NT 10.0; WOW64) AppleWebKit/537.36 (KHTML, like Gecko) Chrome/63.0.3239.9 Safari/537.36',
  'content-type' => 'application/x-www-form-urlencoded; charset=UTF-8',
  'referer' => 'http://test.mlxyadmin.com:8080/dcp/Login/index.html',
  'accept-encoding' => 'gzip, deflate',
  'accept-language' => 'zh-CN,zh;q=0.9',
  'cookie' => 'savedump=dcp; amback=http%3A%2F%2Ftest.mlxyadmin.com%3A8080%2Fallianz%2Fdcp',
)
[ info ] [ PARAM ] array (
  'user_name' => 'wangqiang@meetuuu.com',
  'pwd' => '123',
)
[ info ] [ CACHE ] INIT File
[ info ] [ BEHAVIOR ] Run \app\common\behaviors\LoadConfigBehavior @module_init [ RunTime:0.011812s ]
[ info ] [ RUN ] app\dcp\controller\Login->doLogin[ D:\www\mlxyadmin\application\dcp\controller\Login.php ]
[ info ] [ DB ] INIT mysql
[ info ] [ LOG ] INIT File
[ sql ] [ DB ] CONNECT:[ UseTime:0.002560s ] mysql:dbname=databases;host=localhost;port=3306;charset=utf8
[ sql ] [ SQL ] SHOW COLUMNS FROM `nd_cases_chatuser` [ RunTime:0.015500s ]
[ sql ] [ SQL ] SELECT `id`,`user_name`,`pwd`,`sign`,`avatar`,`is_manager`,`company` FROM `nd_cases_chatuser` WHERE  `user_name` = 'wangqiang@meetuuu.com'  AND `u_status` = 1  AND `delete_time` = 0 LIMIT 1 [ RunTime:0.000550s ]
[ sql ] [ SQL ] UPDATE `nd_cases_chatuser`  SET `status`=1  WHERE  `id` = 31 [ RunTime:0.007010s ]
---------------------------------------------------------------
[ 2018-05-18T11:07:13+08:00 ] 127.0.0.1 127.0.0.1 GET /allianz/dcp
[ info ] test.mlxyadmin.com:8080/allianz/dcp [运行时间：0.429026s][吞吐率：2.33req/s] [内存消耗：6,757.32kb] [文件加载：85]
[ info ] [ LANG ] D:\www\mlxyadmin\thinkphp\lang\zh-cn.php
[ info ] [ ROUTE ] array (
  'type' => 'module',
  'module' => 
  array (
    0 => 'dcp',
    1 => 'Index',
    2 => 'service_details',
  ),
  'convert' => false,
)
[ info ] [ HEADER ] array (
  'host' => 'test.mlxyadmin.com:8080',
  'connection' => 'keep-alive',
  'upgrade-insecure-requests' => '1',
  'user-agent' => 'Mozilla/5.0 (Windows NT 10.0; WOW64) AppleWebKit/537.36 (KHTML, like Gecko) Chrome/63.0.3239.9 Safari/537.36',
  'accept' => 'text/html,application/xhtml+xml,application/xml;q=0.9,image/webp,image/apng,*/*;q=0.8',
  'referer' => 'http://test.mlxyadmin.com:8080/dcp/Login/index.html',
  'accept-encoding' => 'gzip, deflate',
  'accept-language' => 'zh-CN,zh;q=0.9',
  'cookie' => 'savedump=dcp; amback=http%3A%2F%2Ftest.mlxyadmin.com%3A8080%2Fallianz%2Fdcp; phone_user_name=wangqiang%40meetuuu.com; phone_user_id=31; phone_user_avatar=http%3A%2F%2Foqi1zfida.bkt.clouddn.com%2Fupload%2Fjpeg%2Fd1f80cdeb3b802bd128bdaa479f01426.jpeg',
)
[ info ] [ PARAM ] array (
)
[ info ] [ CACHE ] INIT File
[ info ] [ BEHAVIOR ] Run \app\common\behaviors\LoadConfigBehavior @module_init [ RunTime:0.008132s ]
[ info ] [ DB ] INIT mysql
[ info ] [ RUN ] app\dcp\controller\Index->service_details[ D:\www\mlxyadmin\application\dcp\controller\Index.php ]
[ info ] [ VIEW ] D:\www\mlxyadmin\application\dcp\view\index\service_details.html [ array (
  0 => 'site_version',
  1 => 'static_path',
  2 => 'module_path',
  3 => 'lib_path',
  4 => 'service_list',
  5 => 'area',
  6 => 'country_list',
  7 => 'userid',
  8 => 'minedata',
  9 => 'service_id',
  10 => 'site_title',
) ]
[ info ] [ LOG ] INIT File
[ sql ] [ DB ] CONNECT:[ UseTime:0.012361s ] mysql:dbname=databases;host=localhost;port=3306;charset=utf8
[ sql ] [ SQL ] SHOW COLUMNS FROM `nd_cases_case_type` [ RunTime:0.014576s ]
[ sql ] [ SQL ] SELECT * FROM `nd_cases_case_type` ORDER BY sort desc [ RunTime:0.000455s ]
[ sql ] [ SQL ] SHOW COLUMNS FROM `nd_cases_area` [ RunTime:0.011049s ]
[ sql ] [ SQL ] SELECT * FROM `nd_cases_area` WHERE  `parent_id` = 0 [ RunTime:0.013698s ]
[ sql ] [ SQL ] SHOW COLUMNS FROM `nd_cases_country` [ RunTime:0.010185s ]
[ sql ] [ SQL ] SELECT * FROM `nd_cases_country` ORDER BY locate('Malaysia',ename) desc [ RunTime:0.000951s ]
[ sql ] [ SQL ] SHOW COLUMNS FROM `nd_cases_chatuser` [ RunTime:0.010233s ]
[ sql ] [ SQL ] SELECT `a_chatuser`.*,a_case_company.name as companyname FROM `nd_cases_chatuser` `a_chatuser` INNER JOIN `nd_cases_company` `a_case_company` ON `a_chatuser`.`company`=`a_case_company`.`id` WHERE  `a_chatuser`.`id` = '31' ORDER BY a_chatuser.sort desc LIMIT 1 [ RunTime:0.001468s ]
[ error ] [2]DOMDocument::loadHTML(): Tag section invalid in Entity, line: 39[D:\www\mlxyadmin\thinkcms\library\minify\HtmlMinify.php:21]
[ error ] [2]DOMDocument::loadHTML(): ID patient-gender2 already defined in Entity, line: 509[D:\www\mlxyadmin\thinkcms\library\minify\HtmlMinify.php:21]
[ error ] [2]DOMDocument::loadHTML(): ID patient-gender2 already defined in Entity, line: 523[D:\www\mlxyadmin\thinkcms\library\minify\HtmlMinify.php:21]
[ error ] [2]DOMDocument::loadHTML(): ID patient-gender2 already defined in Entity, line: 537[D:\www\mlxyadmin\thinkcms\library\minify\HtmlMinify.php:21]
[ error ] [2]DOMDocument::loadHTML(): ID patient-gender2 already defined in Entity, line: 551[D:\www\mlxyadmin\thinkcms\library\minify\HtmlMinify.php:21]
[ error ] [2]DOMDocument::loadHTML(): Unexpected end tag : option in Entity, line: 835[D:\www\mlxyadmin\thinkcms\library\minify\HtmlMinify.php:21]
[ error ] [2]DOMDocument::loadHTML(): Unexpected end tag : option in Entity, line: 839[D:\www\mlxyadmin\thinkcms\library\minify\HtmlMinify.php:21]
[ error ] [2]DOMDocument::loadHTML(): Unexpected end tag : option in Entity, line: 856[D:\www\mlxyadmin\thinkcms\library\minify\HtmlMinify.php:21]
[ error ] [2]DOMDocument::loadHTML(): Unexpected end tag : option in Entity, line: 859[D:\www\mlxyadmin\thinkcms\library\minify\HtmlMinify.php:21]
[ error ] [2]DOMDocument::loadHTML(): Unexpected end tag : option in Entity, line: 866[D:\www\mlxyadmin\thinkcms\library\minify\HtmlMinify.php:21]
[ error ] [2]DOMDocument::loadHTML(): Unexpected end tag : option in Entity, line: 871[D:\www\mlxyadmin\thinkcms\library\minify\HtmlMinify.php:21]
[ error ] [2]DOMDocument::loadHTML(): Unexpected end tag : option in Entity, line: 877[D:\www\mlxyadmin\thinkcms\library\minify\HtmlMinify.php:21]
[ error ] [2]DOMDocument::loadHTML(): Unexpected end tag : option in Entity, line: 879[D:\www\mlxyadmin\thinkcms\library\minify\HtmlMinify.php:21]
[ error ] [2]DOMDocument::loadHTML(): Unexpected end tag : span in Entity, line: 928[D:\www\mlxyadmin\thinkcms\library\minify\HtmlMinify.php:21]
[ error ] [2]DOMDocument::loadHTML(): Unexpected end tag : span in Entity, line: 931[D:\www\mlxyadmin\thinkcms\library\minify\HtmlMinify.php:21]
[ error ] [2]DOMDocument::loadHTML(): Unexpected end tag : span in Entity, line: 936[D:\www\mlxyadmin\thinkcms\library\minify\HtmlMinify.php:21]
---------------------------------------------------------------
[ 2018-05-18T11:07:16+08:00 ] 127.0.0.1 127.0.0.1 POST /module/cases/Interfaces/valid_login.html
[ info ] test.mlxyadmin.com:8080/module/cases/Interfaces/valid_login.html [运行时间：0.057138s][吞吐率：17.50req/s] [内存消耗：3,435.95kb] [文件加载：59]
[ info ] [ LANG ] D:\www\mlxyadmin\thinkphp\lang\zh-cn.php
[ info ] [ ROUTE ] array (
  'type' => 'module',
  'module' => 
  array (
    0 => 'manage',
    1 => 'loader',
    2 => 'run',
  ),
  'convert' => false,
)
[ info ] [ HEADER ] array (
  'host' => 'test.mlxyadmin.com:8080',
  'connection' => 'keep-alive',
  'content-length' => '0',
  'accept' => 'application/json, text/javascript, */*; q=0.01',
  'origin' => 'http://test.mlxyadmin.com:8080',
  'x-requested-with' => 'XMLHttpRequest',
  'user-agent' => 'Mozilla/5.0 (Windows NT 10.0; WOW64) AppleWebKit/537.36 (KHTML, like Gecko) Chrome/63.0.3239.9 Safari/537.36',
  'referer' => 'http://test.mlxyadmin.com:8080/allianz/dcp',
  'accept-encoding' => 'gzip, deflate',
  'accept-language' => 'zh-CN,zh;q=0.9',
  'cookie' => 'savedump=dcp; amback=http%3A%2F%2Ftest.mlxyadmin.com%3A8080%2Fallianz%2Fdcp; phone_user_name=wangqiang%40meetuuu.com; phone_user_id=31; phone_user_avatar=http%3A%2F%2Foqi1zfida.bkt.clouddn.com%2Fupload%2Fjpeg%2Fd1f80cdeb3b802bd128bdaa479f01426.jpeg',
)
[ info ] [ PARAM ] array (
  '_module_' => 'cases',
  '_controller_' => 'Interfaces',
  '_action_' => 'valid_login',
)
[ info ] [ CACHE ] INIT File
[ info ] [ BEHAVIOR ] Run \app\common\behaviors\LoadConfigBehavior @module_init [ RunTime:0.013133s ]
[ info ] [ RUN ] app\manage\controller\Loader->run[ D:\www\mlxyadmin\application\manage\controller\Loader.php ]
[ info ] [ RUN ] module\cases\controller\Interfaces->valid_login[ D:\www\mlxyadmin\application\module\cases\controller\Interfaces.php ]
[ info ] [ LOG ] INIT File
---------------------------------------------------------------
[ 2018-05-18T11:07:55+08:00 ] 127.0.0.1 127.0.0.1 POST /dcp/Upload/upload.html
[ info ] test.mlxyadmin.com:8080/dcp/Upload/upload.html [运行时间：1.188763s][吞吐率：0.84req/s] [内存消耗：7,078.82kb] [文件加载：115]
[ info ] [ LANG ] D:\www\mlxyadmin\thinkphp\lang\zh-cn.php
[ info ] [ ROUTE ] array (
  'type' => 'module',
  'module' => 
  array (
    0 => 'dcp',
    1 => 'Upload',
    2 => 'upload',
  ),
)
[ info ] [ HEADER ] array (
  'host' => 'test.mlxyadmin.com:8080',
  'connection' => 'keep-alive',
  'content-length' => '13947',
  'accept' => 'application/json, text/javascript, */*; q=0.01',
  'origin' => 'http://test.mlxyadmin.com:8080',
  'x-requested-with' => 'XMLHttpRequest',
  'user-agent' => 'Mozilla/5.0 (Windows NT 10.0; WOW64) AppleWebKit/537.36 (KHTML, like Gecko) Chrome/63.0.3239.9 Safari/537.36',
  'content-type' => 'multipart/form-data; boundary=----WebKitFormBoundary83pezJgKzbhDtnNo',
  'referer' => 'http://test.mlxyadmin.com:8080/allianz/dcp',
  'accept-encoding' => 'gzip, deflate',
  'accept-language' => 'zh-CN,zh;q=0.9',
  'cookie' => 'savedump=dcp; amback=http%3A%2F%2Ftest.mlxyadmin.com%3A8080%2Fallianz%2Fdcp; phone_user_name=wangqiang%40meetuuu.com; phone_user_id=31; phone_user_avatar=http%3A%2F%2Foqi1zfida.bkt.clouddn.com%2Fupload%2Fjpeg%2Fd1f80cdeb3b802bd128bdaa479f01426.jpeg',
)
[ info ] [ PARAM ] array (
)
[ info ] [ CACHE ] INIT File
[ info ] [ BEHAVIOR ] Run \app\common\behaviors\LoadConfigBehavior @module_init [ RunTime:0.008037s ]
[ info ] [ RUN ] app\dcp\controller\Upload->upload[ D:\www\mlxyadmin\application\dcp\controller\Upload.php ]
[ info ] [ DB ] INIT mysql
[ info ] [ LOG ] INIT File
[ sql ] [ DB ] CONNECT:[ UseTime:0.013193s ] mysql:dbname=databases;host=localhost;port=3306;charset=utf8
[ sql ] [ SQL ] SHOW COLUMNS FROM `nd_manage_file` [ RunTime:0.018985s ]
[ sql ] [ SQL ] SELECT * FROM `nd_manage_file` WHERE  `file_hash` = '9cf9a499e662cec69fa4ff47303a71b0' LIMIT 1 [ RunTime:0.000455s ]
[ sql ] [ SQL ] SELECT * FROM `nd_manage_file` WHERE  `file_hash` = '9cf9a499e662cec69fa4ff47303a71b0' LIMIT 1 [ RunTime:0.000522s ]
[ sql ] [ SQL ] INSERT INTO `nd_manage_file` (`file_hash` , `file_ext` , `file_size` , `file_path` , `file_url` , `create_time` , `update_time`) VALUES ('9cf9a499e662cec69fa4ff47303a71b0' , 'jpeg' , 13753 , 'upload/jpeg/9cf9a499e662cec69fa4ff47303a71b0.jpeg' , 'http://oqi1zfida.bkt.clouddn.com/upload/jpeg/9cf9a499e662cec69fa4ff47303a71b0.jpeg' , 1526612875 , 1526612875) [ RunTime:0.008420s ]
---------------------------------------------------------------
[ 2018-05-18T11:09:30+08:00 ] 127.0.0.1 127.0.0.1 POST /dcp/Upload/upload.html
[ info ] test.mlxyadmin.com:8080/dcp/Upload/upload.html [运行时间：0.054962s][吞吐率：18.19req/s] [内存消耗：2,973.65kb] [文件加载：59]
[ info ] [ LANG ] D:\www\mlxyadmin\thinkphp\lang\zh-cn.php
[ info ] [ ROUTE ] array (
  'type' => 'module',
  'module' => 
  array (
    0 => 'dcp',
    1 => 'Upload',
    2 => 'upload',
  ),
)
[ info ] [ HEADER ] array (
  'host' => 'test.mlxyadmin.com:8080',
  'connection' => 'keep-alive',
  'content-length' => '2368769',
  'accept' => 'application/json, text/javascript, */*; q=0.01',
  'origin' => 'http://test.mlxyadmin.com:8080',
  'x-requested-with' => 'XMLHttpRequest',
  'user-agent' => 'Mozilla/5.0 (Windows NT 10.0; WOW64) AppleWebKit/537.36 (KHTML, like Gecko) Chrome/63.0.3239.9 Safari/537.36',
  'content-type' => 'multipart/form-data; boundary=----WebKitFormBoundarydjECgsBjgZwAkYH9',
  'referer' => 'http://test.mlxyadmin.com:8080/allianz/dcp',
  'accept-encoding' => 'gzip, deflate',
  'accept-language' => 'zh-CN,zh;q=0.9',
  'cookie' => 'savedump=dcp; amback=http%3A%2F%2Ftest.mlxyadmin.com%3A8080%2Fallianz%2Fdcp; phone_user_name=wangqiang%40meetuuu.com; phone_user_id=31; phone_user_avatar=http%3A%2F%2Foqi1zfida.bkt.clouddn.com%2Fupload%2Fjpeg%2Fd1f80cdeb3b802bd128bdaa479f01426.jpeg',
)
[ info ] [ PARAM ] array (
)
[ info ] [ CACHE ] INIT File
[ info ] [ BEHAVIOR ] Run \app\common\behaviors\LoadConfigBehavior @module_init [ RunTime:0.008931s ]
[ info ] [ RUN ] app\dcp\controller\Upload->upload[ D:\www\mlxyadmin\application\dcp\controller\Upload.php ]
[ info ] [ LOG ] INIT File
---------------------------------------------------------------
[ 2018-05-18T11:13:44+08:00 ] 127.0.0.1 127.0.0.1 POST /dcp/Upload/upload.html
[ info ] test.mlxyadmin.com:8080/dcp/Upload/upload.html [运行时间：0.053450s][吞吐率：18.71req/s] [内存消耗：2,973.65kb] [文件加载：59]
[ info ] [ LANG ] D:\www\mlxyadmin\thinkphp\lang\zh-cn.php
[ info ] [ ROUTE ] array (
  'type' => 'module',
  'module' => 
  array (
    0 => 'dcp',
    1 => 'Upload',
    2 => 'upload',
  ),
)
[ info ] [ HEADER ] array (
  'host' => 'test.mlxyadmin.com:8080',
  'connection' => 'keep-alive',
  'content-length' => '2368769',
  'accept' => 'application/json, text/javascript, */*; q=0.01',
  'origin' => 'http://test.mlxyadmin.com:8080',
  'x-requested-with' => 'XMLHttpRequest',
  'user-agent' => 'Mozilla/5.0 (Windows NT 10.0; WOW64) AppleWebKit/537.36 (KHTML, like Gecko) Chrome/63.0.3239.9 Safari/537.36',
  'content-type' => 'multipart/form-data; boundary=----WebKitFormBoundaryz5xabRcJSmYvmZvV',
  'referer' => 'http://test.mlxyadmin.com:8080/allianz/dcp',
  'accept-encoding' => 'gzip, deflate',
  'accept-language' => 'zh-CN,zh;q=0.9',
  'cookie' => 'savedump=dcp; amback=http%3A%2F%2Ftest.mlxyadmin.com%3A8080%2Fallianz%2Fdcp; phone_user_name=wangqiang%40meetuuu.com; phone_user_id=31; phone_user_avatar=http%3A%2F%2Foqi1zfida.bkt.clouddn.com%2Fupload%2Fjpeg%2Fd1f80cdeb3b802bd128bdaa479f01426.jpeg',
)
[ info ] [ PARAM ] array (
)
[ info ] [ CACHE ] INIT File
[ info ] [ BEHAVIOR ] Run \app\common\behaviors\LoadConfigBehavior @module_init [ RunTime:0.008281s ]
[ info ] [ RUN ] app\dcp\controller\Upload->upload[ D:\www\mlxyadmin\application\dcp\controller\Upload.php ]
[ info ] [ LOG ] INIT File
---------------------------------------------------------------
[ 2018-05-18T11:14:01+08:00 ] 127.0.0.1 127.0.0.1 POST /dcp/Upload/upload.html
[ info ] test.mlxyadmin.com:8080/dcp/Upload/upload.html [运行时间：0.043411s][吞吐率：23.04req/s] [内存消耗：2,973.41kb] [文件加载：59]
[ info ] [ LANG ] D:\www\mlxyadmin\thinkphp\lang\zh-cn.php
[ info ] [ ROUTE ] array (
  'type' => 'module',
  'module' => 
  array (
    0 => 'dcp',
    1 => 'Upload',
    2 => 'upload',
  ),
)
[ info ] [ HEADER ] array (
  'host' => 'test.mlxyadmin.com:8080',
  'connection' => 'keep-alive',
  'content-length' => '4529401',
  'accept' => 'application/json, text/javascript, */*; q=0.01',
  'origin' => 'http://test.mlxyadmin.com:8080',
  'x-requested-with' => 'XMLHttpRequest',
  'user-agent' => 'Mozilla/5.0 (Windows NT 10.0; WOW64) AppleWebKit/537.36 (KHTML, like Gecko) Chrome/63.0.3239.9 Safari/537.36',
  'content-type' => 'multipart/form-data; boundary=----WebKitFormBoundaryEkUoDxVQjybqA95x',
  'referer' => 'http://test.mlxyadmin.com:8080/allianz/dcp',
  'accept-encoding' => 'gzip, deflate',
  'accept-language' => 'zh-CN,zh;q=0.9',
  'cookie' => 'savedump=dcp; amback=http%3A%2F%2Ftest.mlxyadmin.com%3A8080%2Fallianz%2Fdcp; phone_user_name=wangqiang%40meetuuu.com; phone_user_id=31; phone_user_avatar=http%3A%2F%2Foqi1zfida.bkt.clouddn.com%2Fupload%2Fjpeg%2Fd1f80cdeb3b802bd128bdaa479f01426.jpeg',
)
[ info ] [ PARAM ] array (
)
[ info ] [ CACHE ] INIT File
[ info ] [ BEHAVIOR ] Run \app\common\behaviors\LoadConfigBehavior @module_init [ RunTime:0.007723s ]
[ info ] [ RUN ] app\dcp\controller\Upload->upload[ D:\www\mlxyadmin\application\dcp\controller\Upload.php ]
[ info ] [ LOG ] INIT File
---------------------------------------------------------------
[ 2018-05-18T11:15:39+08:00 ] 127.0.0.1 127.0.0.1 POST /dcp/Upload/upload.html
[ info ] test.mlxyadmin.com:8080/dcp/Upload/upload.html [运行时间：0.098639s][吞吐率：10.14req/s] [内存消耗：6,149.75kb] [文件加载：94]
[ info ] [ LANG ] D:\www\mlxyadmin\thinkphp\lang\zh-cn.php
[ info ] [ ROUTE ] array (
  'type' => 'module',
  'module' => 
  array (
    0 => 'dcp',
    1 => 'Upload',
    2 => 'upload',
  ),
)
[ info ] [ HEADER ] array (
  'host' => 'test.mlxyadmin.com:8080',
  'connection' => 'keep-alive',
  'content-length' => '6750',
  'accept' => 'application/json, text/javascript, */*; q=0.01',
  'origin' => 'http://test.mlxyadmin.com:8080',
  'x-requested-with' => 'XMLHttpRequest',
  'user-agent' => 'Mozilla/5.0 (Windows NT 10.0; WOW64) AppleWebKit/537.36 (KHTML, like Gecko) Chrome/63.0.3239.9 Safari/537.36',
  'content-type' => 'multipart/form-data; boundary=----WebKitFormBoundaryu9IUCOBat54qWUed',
  'referer' => 'http://test.mlxyadmin.com:8080/allianz/dcp',
  'accept-encoding' => 'gzip, deflate',
  'accept-language' => 'zh-CN,zh;q=0.9',
  'cookie' => 'savedump=dcp; amback=http%3A%2F%2Ftest.mlxyadmin.com%3A8080%2Fallianz%2Fdcp; phone_user_name=wangqiang%40meetuuu.com; phone_user_id=31; phone_user_avatar=http%3A%2F%2Foqi1zfida.bkt.clouddn.com%2Fupload%2Fjpeg%2Fd1f80cdeb3b802bd128bdaa479f01426.jpeg',
)
[ info ] [ PARAM ] array (
)
[ info ] [ CACHE ] INIT File
[ info ] [ DB ] INIT mysql
[ info ] [ BEHAVIOR ] Run \app\common\behaviors\LoadConfigBehavior @module_init [ RunTime:0.043623s ]
[ info ] [ RUN ] app\dcp\controller\Upload->upload[ D:\www\mlxyadmin\application\dcp\controller\Upload.php ]
[ info ] [ LOG ] INIT File
[ sql ] [ DB ] CONNECT:[ UseTime:0.002742s ] mysql:dbname=databases;host=localhost;port=3306;charset=utf8
[ sql ] [ SQL ] SHOW COLUMNS FROM `nd_manage_config` [ RunTime:0.013010s ]
[ sql ] [ SQL ] SELECT * FROM `nd_manage_config` [ RunTime:0.000552s ]
---------------------------------------------------------------
[ 2018-05-18T11:15:56+08:00 ] 127.0.0.1 127.0.0.1 POST /dcp/Upload/upload.html
[ info ] test.mlxyadmin.com:8080/dcp/Upload/upload.html [运行时间：0.052596s][吞吐率：19.01req/s] [内存消耗：2,973.41kb] [文件加载：59]
[ info ] [ LANG ] D:\www\mlxyadmin\thinkphp\lang\zh-cn.php
[ info ] [ ROUTE ] array (
  'type' => 'module',
  'module' => 
  array (
    0 => 'dcp',
    1 => 'Upload',
    2 => 'upload',
  ),
)
[ info ] [ HEADER ] array (
  'host' => 'test.mlxyadmin.com:8080',
  'connection' => 'keep-alive',
  'content-length' => '4529401',
  'accept' => 'application/json, text/javascript, */*; q=0.01',
  'origin' => 'http://test.mlxyadmin.com:8080',
  'x-requested-with' => 'XMLHttpRequest',
  'user-agent' => 'Mozilla/5.0 (Windows NT 10.0; WOW64) AppleWebKit/537.36 (KHTML, like Gecko) Chrome/63.0.3239.9 Safari/537.36',
  'content-type' => 'multipart/form-data; boundary=----WebKitFormBoundaryqjTkZ7vN4LUYjrIW',
  'referer' => 'http://test.mlxyadmin.com:8080/allianz/dcp',
  'accept-encoding' => 'gzip, deflate',
  'accept-language' => 'zh-CN,zh;q=0.9',
  'cookie' => 'savedump=dcp; amback=http%3A%2F%2Ftest.mlxyadmin.com%3A8080%2Fallianz%2Fdcp; phone_user_name=wangqiang%40meetuuu.com; phone_user_id=31; phone_user_avatar=http%3A%2F%2Foqi1zfida.bkt.clouddn.com%2Fupload%2Fjpeg%2Fd1f80cdeb3b802bd128bdaa479f01426.jpeg',
)
[ info ] [ PARAM ] array (
)
[ info ] [ CACHE ] INIT File
[ info ] [ BEHAVIOR ] Run \app\common\behaviors\LoadConfigBehavior @module_init [ RunTime:0.010230s ]
[ info ] [ RUN ] app\dcp\controller\Upload->upload[ D:\www\mlxyadmin\application\dcp\controller\Upload.php ]
[ info ] [ LOG ] INIT File
---------------------------------------------------------------
[ 2018-05-18T11:16:57+08:00 ] 127.0.0.1 127.0.0.1 POST /dcp/Upload/upload.html
[ info ] test.mlxyadmin.com:8080/dcp/Upload/upload.html [运行时间：0.058714s][吞吐率：17.03req/s] [内存消耗：2,973.52kb] [文件加载：59]
[ info ] [ LANG ] D:\www\mlxyadmin\thinkphp\lang\zh-cn.php
[ info ] [ ROUTE ] array (
  'type' => 'module',
  'module' => 
  array (
    0 => 'dcp',
    1 => 'Upload',
    2 => 'upload',
  ),
)
[ info ] [ HEADER ] array (
  'host' => 'test.mlxyadmin.com:8080',
  'connection' => 'keep-alive',
  'content-length' => '4363576',
  'accept' => 'application/json, text/javascript, */*; q=0.01',
  'origin' => 'http://test.mlxyadmin.com:8080',
  'x-requested-with' => 'XMLHttpRequest',
  'user-agent' => 'Mozilla/5.0 (Windows NT 10.0; WOW64) AppleWebKit/537.36 (KHTML, like Gecko) Chrome/63.0.3239.9 Safari/537.36',
  'content-type' => 'multipart/form-data; boundary=----WebKitFormBoundaryecDWRbUyZTE3aP8A',
  'referer' => 'http://test.mlxyadmin.com:8080/allianz/dcp',
  'accept-encoding' => 'gzip, deflate',
  'accept-language' => 'zh-CN,zh;q=0.9',
  'cookie' => 'savedump=dcp; amback=http%3A%2F%2Ftest.mlxyadmin.com%3A8080%2Fallianz%2Fdcp; phone_user_name=wangqiang%40meetuuu.com; phone_user_id=31; phone_user_avatar=http%3A%2F%2Foqi1zfida.bkt.clouddn.com%2Fupload%2Fjpeg%2Fd1f80cdeb3b802bd128bdaa479f01426.jpeg',
)
[ info ] [ PARAM ] array (
)
[ info ] [ CACHE ] INIT File
[ info ] [ BEHAVIOR ] Run \app\common\behaviors\LoadConfigBehavior @module_init [ RunTime:0.010478s ]
[ info ] [ RUN ] app\dcp\controller\Upload->upload[ D:\www\mlxyadmin\application\dcp\controller\Upload.php ]
[ info ] [ LOG ] INIT File
---------------------------------------------------------------
[ 2018-05-18T11:17:14+08:00 ] 127.0.0.1 127.0.0.1 POST /dcp/Upload/upload.html
[ info ] test.mlxyadmin.com:8080/dcp/Upload/upload.html [运行时间：0.047008s][吞吐率：21.27req/s] [内存消耗：2,973.41kb] [文件加载：59]
[ info ] [ LANG ] D:\www\mlxyadmin\thinkphp\lang\zh-cn.php
[ info ] [ ROUTE ] array (
  'type' => 'module',
  'module' => 
  array (
    0 => 'dcp',
    1 => 'Upload',
    2 => 'upload',
  ),
)
[ info ] [ HEADER ] array (
  'host' => 'test.mlxyadmin.com:8080',
  'connection' => 'keep-alive',
  'content-length' => '4529401',
  'accept' => 'application/json, text/javascript, */*; q=0.01',
  'origin' => 'http://test.mlxyadmin.com:8080',
  'x-requested-with' => 'XMLHttpRequest',
  'user-agent' => 'Mozilla/5.0 (Windows NT 10.0; WOW64) AppleWebKit/537.36 (KHTML, like Gecko) Chrome/63.0.3239.9 Safari/537.36',
  'content-type' => 'multipart/form-data; boundary=----WebKitFormBoundaryAaFqbrES75A5i8wB',
  'referer' => 'http://test.mlxyadmin.com:8080/allianz/dcp',
  'accept-encoding' => 'gzip, deflate',
  'accept-language' => 'zh-CN,zh;q=0.9',
  'cookie' => 'savedump=dcp; amback=http%3A%2F%2Ftest.mlxyadmin.com%3A8080%2Fallianz%2Fdcp; phone_user_name=wangqiang%40meetuuu.com; phone_user_id=31; phone_user_avatar=http%3A%2F%2Foqi1zfida.bkt.clouddn.com%2Fupload%2Fjpeg%2Fd1f80cdeb3b802bd128bdaa479f01426.jpeg',
)
[ info ] [ PARAM ] array (
)
[ info ] [ CACHE ] INIT File
[ info ] [ BEHAVIOR ] Run \app\common\behaviors\LoadConfigBehavior @module_init [ RunTime:0.007316s ]
[ info ] [ RUN ] app\dcp\controller\Upload->upload[ D:\www\mlxyadmin\application\dcp\controller\Upload.php ]
[ info ] [ LOG ] INIT File
---------------------------------------------------------------
[ 2018-05-18T11:17:56+08:00 ] 127.0.0.1 127.0.0.1 POST /dcp/Upload/upload.html
[ info ] test.mlxyadmin.com:8080/dcp/Upload/upload.html [运行时间：0.049288s][吞吐率：20.29req/s] [内存消耗：2,974.15kb] [文件加载：59]
[ info ] [ LANG ] D:\www\mlxyadmin\thinkphp\lang\zh-cn.php
[ info ] [ ROUTE ] array (
  'type' => 'module',
  'module' => 
  array (
    0 => 'dcp',
    1 => 'Upload',
    2 => 'upload',
  ),
)
[ info ] [ HEADER ] array (
  'host' => 'test.mlxyadmin.com:8080',
  'connection' => 'keep-alive',
  'content-length' => '4363576',
  'accept' => 'application/json, text/javascript, */*; q=0.01',
  'origin' => 'http://test.mlxyadmin.com:8080',
  'x-requested-with' => 'XMLHttpRequest',
  'user-agent' => 'Mozilla/5.0 (Windows NT 10.0; WOW64) AppleWebKit/537.36 (KHTML, like Gecko) Chrome/63.0.3239.9 Safari/537.36',
  'content-type' => 'multipart/form-data; boundary=----WebKitFormBoundaryXQ7GotKR98GAT4v8',
  'referer' => 'http://test.mlxyadmin.com:8080/allianz/dcp',
  'accept-encoding' => 'gzip, deflate',
  'accept-language' => 'zh-CN,zh;q=0.9',
  'cookie' => 'savedump=dcp; amback=http%3A%2F%2Ftest.mlxyadmin.com%3A8080%2Fallianz%2Fdcp; phone_user_name=wangqiang%40meetuuu.com; phone_user_id=31; phone_user_avatar=http%3A%2F%2Foqi1zfida.bkt.clouddn.com%2Fupload%2Fjpeg%2Fd1f80cdeb3b802bd128bdaa479f01426.jpeg',
)
[ info ] [ PARAM ] array (
)
[ info ] [ CACHE ] INIT File
[ info ] [ BEHAVIOR ] Run \app\common\behaviors\LoadConfigBehavior @module_init [ RunTime:0.007708s ]
[ info ] [ RUN ] app\dcp\controller\Upload->upload[ D:\www\mlxyadmin\application\dcp\controller\Upload.php ]
[ info ] [ LOG ] INIT File
---------------------------------------------------------------
[ 2018-05-18T11:18:12+08:00 ] 127.0.0.1 127.0.0.1 POST /dcp/Upload/upload.html
[ info ] test.mlxyadmin.com:8080/dcp/Upload/upload.html [运行时间：0.082595s][吞吐率：12.11req/s] [内存消耗：2,974.08kb] [文件加载：59]
[ info ] [ LANG ] D:\www\mlxyadmin\thinkphp\lang\zh-cn.php
[ info ] [ ROUTE ] array (
  'type' => 'module',
  'module' => 
  array (
    0 => 'dcp',
    1 => 'Upload',
    2 => 'upload',
  ),
)
[ info ] [ HEADER ] array (
  'host' => 'test.mlxyadmin.com:8080',
  'connection' => 'keep-alive',
  'content-length' => '4529401',
  'accept' => 'application/json, text/javascript, */*; q=0.01',
  'origin' => 'http://test.mlxyadmin.com:8080',
  'x-requested-with' => 'XMLHttpRequest',
  'user-agent' => 'Mozilla/5.0 (Windows NT 10.0; WOW64) AppleWebKit/537.36 (KHTML, like Gecko) Chrome/63.0.3239.9 Safari/537.36',
  'content-type' => 'multipart/form-data; boundary=----WebKitFormBoundaryBZ7CGogMlnp5Jhmi',
  'referer' => 'http://test.mlxyadmin.com:8080/allianz/dcp',
  'accept-encoding' => 'gzip, deflate',
  'accept-language' => 'zh-CN,zh;q=0.9',
  'cookie' => 'savedump=dcp; amback=http%3A%2F%2Ftest.mlxyadmin.com%3A8080%2Fallianz%2Fdcp; phone_user_name=wangqiang%40meetuuu.com; phone_user_id=31; phone_user_avatar=http%3A%2F%2Foqi1zfida.bkt.clouddn.com%2Fupload%2Fjpeg%2Fd1f80cdeb3b802bd128bdaa479f01426.jpeg',
)
[ info ] [ PARAM ] array (
)
[ info ] [ CACHE ] INIT File
[ info ] [ BEHAVIOR ] Run \app\common\behaviors\LoadConfigBehavior @module_init [ RunTime:0.012977s ]
[ info ] [ RUN ] app\dcp\controller\Upload->upload[ D:\www\mlxyadmin\application\dcp\controller\Upload.php ]
[ info ] [ LOG ] INIT File
---------------------------------------------------------------
[ 2018-05-18T11:18:27+08:00 ] 127.0.0.1 127.0.0.1 POST /dcp/Upload/upload.html
[ info ] test.mlxyadmin.com:8080/dcp/Upload/upload.html [运行时间：0.053818s][吞吐率：18.58req/s] [内存消耗：3,115.80kb] [文件加载：56]
[ info ] [ LANG ] D:\www\mlxyadmin\thinkphp\lang\zh-cn.php
[ info ] [ ROUTE ] array (
  'type' => 'module',
  'module' => 
  array (
    0 => 'dcp',
    1 => 'Upload',
    2 => 'upload',
  ),
)
[ info ] [ HEADER ] array (
  'host' => 'test.mlxyadmin.com:8080',
  'connection' => 'keep-alive',
  'content-length' => '4363576',
  'accept' => 'application/json, text/javascript, */*; q=0.01',
  'origin' => 'http://test.mlxyadmin.com:8080',
  'x-requested-with' => 'XMLHttpRequest',
  'user-agent' => 'Mozilla/5.0 (Windows NT 10.0; WOW64) AppleWebKit/537.36 (KHTML, like Gecko) Chrome/63.0.3239.9 Safari/537.36',
  'content-type' => 'multipart/form-data; boundary=----WebKitFormBoundarynvaZ1ViGyAx0glQc',
  'referer' => 'http://test.mlxyadmin.com:8080/allianz/dcp',
  'accept-encoding' => 'gzip, deflate',
  'accept-language' => 'zh-CN,zh;q=0.9',
  'cookie' => 'savedump=dcp; amback=http%3A%2F%2Ftest.mlxyadmin.com%3A8080%2Fallianz%2Fdcp; phone_user_name=wangqiang%40meetuuu.com; phone_user_id=31; phone_user_avatar=http%3A%2F%2Foqi1zfida.bkt.clouddn.com%2Fupload%2Fjpeg%2Fd1f80cdeb3b802bd128bdaa479f01426.jpeg',
)
[ info ] [ PARAM ] array (
)
[ info ] [ CACHE ] INIT File
[ info ] [ BEHAVIOR ] Run \app\common\behaviors\LoadConfigBehavior @module_init [ RunTime:0.007046s ]
[ info ] [ RUN ] app\dcp\controller\Upload->upload[ D:\www\mlxyadmin\application\dcp\controller\Upload.php ]
[ info ] [ LOG ] INIT File
[ error ] [1]Call to undefined function app\dcp\controller\prin_r()[D:\www\mlxyadmin\application\dcp\controller\Upload.php:57]
---------------------------------------------------------------
[ 2018-05-18T11:19:10+08:00 ] 127.0.0.1 127.0.0.1 POST /dcp/Upload/upload.html
[ info ] test.mlxyadmin.com:8080/dcp/Upload/upload.html [运行时间：0.040168s][吞吐率：24.90req/s] [内存消耗：2,866.74kb] [文件加载：50]
[ info ] [ LANG ] D:\www\mlxyadmin\thinkphp\lang\zh-cn.php
[ info ] [ ROUTE ] array (
  'type' => 'module',
  'module' => 
  array (
    0 => 'dcp',
    1 => 'Upload',
    2 => 'upload',
  ),
)
[ info ] [ HEADER ] array (
  'host' => 'test.mlxyadmin.com:8080',
  'connection' => 'keep-alive',
  'content-length' => '4529401',
  'accept' => 'application/json, text/javascript, */*; q=0.01',
  'origin' => 'http://test.mlxyadmin.com:8080',
  'x-requested-with' => 'XMLHttpRequest',
  'user-agent' => 'Mozilla/5.0 (Windows NT 10.0; WOW64) AppleWebKit/537.36 (KHTML, like Gecko) Chrome/63.0.3239.9 Safari/537.36',
  'content-type' => 'multipart/form-data; boundary=----WebKitFormBoundaryiT5o3iBsUiXxWSiP',
  'referer' => 'http://test.mlxyadmin.com:8080/allianz/dcp',
  'accept-encoding' => 'gzip, deflate',
  'accept-language' => 'zh-CN,zh;q=0.9',
  'cookie' => 'savedump=dcp; amback=http%3A%2F%2Ftest.mlxyadmin.com%3A8080%2Fallianz%2Fdcp; phone_user_name=wangqiang%40meetuuu.com; phone_user_id=31; phone_user_avatar=http%3A%2F%2Foqi1zfida.bkt.clouddn.com%2Fupload%2Fjpeg%2Fd1f80cdeb3b802bd128bdaa479f01426.jpeg',
)
[ info ] [ PARAM ] array (
)
[ info ] [ CACHE ] INIT File
[ info ] [ BEHAVIOR ] Run \app\common\behaviors\LoadConfigBehavior @module_init [ RunTime:0.006096s ]
[ info ] [ RUN ] app\dcp\controller\Upload->upload[ D:\www\mlxyadmin\application\dcp\controller\Upload.php ]
[ info ] [ LOG ] INIT File
---------------------------------------------------------------
[ 2018-05-18T11:19:43+08:00 ] 127.0.0.1 127.0.0.1 POST /dcp/Upload/upload.html
[ info ] test.mlxyadmin.com:8080/dcp/Upload/upload.html [运行时间：0.045025s][吞吐率：22.21req/s] [内存消耗：2,974.15kb] [文件加载：59]
[ info ] [ LANG ] D:\www\mlxyadmin\thinkphp\lang\zh-cn.php
[ info ] [ ROUTE ] array (
  'type' => 'module',
  'module' => 
  array (
    0 => 'dcp',
    1 => 'Upload',
    2 => 'upload',
  ),
)
[ info ] [ HEADER ] array (
  'host' => 'test.mlxyadmin.com:8080',
  'connection' => 'keep-alive',
  'content-length' => '4363576',
  'accept' => 'application/json, text/javascript, */*; q=0.01',
  'origin' => 'http://test.mlxyadmin.com:8080',
  'x-requested-with' => 'XMLHttpRequest',
  'user-agent' => 'Mozilla/5.0 (Windows NT 10.0; WOW64) AppleWebKit/537.36 (KHTML, like Gecko) Chrome/63.0.3239.9 Safari/537.36',
  'content-type' => 'multipart/form-data; boundary=----WebKitFormBoundaryzllXHm4per3V8sMH',
  'referer' => 'http://test.mlxyadmin.com:8080/allianz/dcp',
  'accept-encoding' => 'gzip, deflate',
  'accept-language' => 'zh-CN,zh;q=0.9',
  'cookie' => 'savedump=dcp; amback=http%3A%2F%2Ftest.mlxyadmin.com%3A8080%2Fallianz%2Fdcp; phone_user_name=wangqiang%40meetuuu.com; phone_user_id=31; phone_user_avatar=http%3A%2F%2Foqi1zfida.bkt.clouddn.com%2Fupload%2Fjpeg%2Fd1f80cdeb3b802bd128bdaa479f01426.jpeg',
)
[ info ] [ PARAM ] array (
)
[ info ] [ CACHE ] INIT File
[ info ] [ BEHAVIOR ] Run \app\common\behaviors\LoadConfigBehavior @module_init [ RunTime:0.006824s ]
[ info ] [ RUN ] app\dcp\controller\Upload->upload[ D:\www\mlxyadmin\application\dcp\controller\Upload.php ]
[ info ] [ LOG ] INIT File
---------------------------------------------------------------
[ 2018-05-18T11:20:32+08:00 ] 127.0.0.1 127.0.0.1 POST /dcp/Upload/upload.html
[ info ] test.mlxyadmin.com:8080/dcp/Upload/upload.html [运行时间：0.044220s][吞吐率：22.61req/s] [内存消耗：2,876.95kb] [文件加载：53]
[ info ] [ LANG ] D:\www\mlxyadmin\thinkphp\lang\zh-cn.php
[ info ] [ ROUTE ] array (
  'type' => 'module',
  'module' => 
  array (
    0 => 'dcp',
    1 => 'Upload',
    2 => 'upload',
  ),
)
[ info ] [ HEADER ] array (
  'host' => 'test.mlxyadmin.com:8080',
  'connection' => 'keep-alive',
  'content-length' => '4529401',
  'accept' => 'application/json, text/javascript, */*; q=0.01',
  'origin' => 'http://test.mlxyadmin.com:8080',
  'x-requested-with' => 'XMLHttpRequest',
  'user-agent' => 'Mozilla/5.0 (Windows NT 10.0; WOW64) AppleWebKit/537.36 (KHTML, like Gecko) Chrome/63.0.3239.9 Safari/537.36',
  'content-type' => 'multipart/form-data; boundary=----WebKitFormBoundaryWvsutITZC69nA94F',
  'referer' => 'http://test.mlxyadmin.com:8080/allianz/dcp',
  'accept-encoding' => 'gzip, deflate',
  'accept-language' => 'zh-CN,zh;q=0.9',
  'cookie' => 'savedump=dcp; amback=http%3A%2F%2Ftest.mlxyadmin.com%3A8080%2Fallianz%2Fdcp; phone_user_name=wangqiang%40meetuuu.com; phone_user_id=31; phone_user_avatar=http%3A%2F%2Foqi1zfida.bkt.clouddn.com%2Fupload%2Fjpeg%2Fd1f80cdeb3b802bd128bdaa479f01426.jpeg',
)
[ info ] [ PARAM ] array (
)
[ info ] [ CACHE ] INIT File
[ info ] [ BEHAVIOR ] Run \app\common\behaviors\LoadConfigBehavior @module_init [ RunTime:0.007971s ]
[ info ] [ RUN ] app\dcp\controller\Upload->upload[ D:\www\mlxyadmin\application\dcp\controller\Upload.php ]
[ info ] [ LOG ] INIT File
---------------------------------------------------------------
[ 2018-05-18T11:20:58+08:00 ] 127.0.0.1 127.0.0.1 POST /dcp/Upload/upload.html
[ info ] test.mlxyadmin.com:8080/dcp/Upload/upload.html [运行时间：0.042754s][吞吐率：23.39req/s] [内存消耗：2,973.74kb] [文件加载：59]
[ info ] [ LANG ] D:\www\mlxyadmin\thinkphp\lang\zh-cn.php
[ info ] [ ROUTE ] array (
  'type' => 'module',
  'module' => 
  array (
    0 => 'dcp',
    1 => 'Upload',
    2 => 'upload',
  ),
)
[ info ] [ HEADER ] array (
  'host' => 'test.mlxyadmin.com:8080',
  'connection' => 'keep-alive',
  'content-length' => '4363576',
  'accept' => 'application/json, text/javascript, */*; q=0.01',
  'origin' => 'http://test.mlxyadmin.com:8080',
  'x-requested-with' => 'XMLHttpRequest',
  'user-agent' => 'Mozilla/5.0 (Windows NT 10.0; WOW64) AppleWebKit/537.36 (KHTML, like Gecko) Chrome/63.0.3239.9 Safari/537.36',
  'content-type' => 'multipart/form-data; boundary=----WebKitFormBoundaryiN8XNDWgTBJiSNjB',
  'referer' => 'http://test.mlxyadmin.com:8080/allianz/dcp',
  'accept-encoding' => 'gzip, deflate',
  'accept-language' => 'zh-CN,zh;q=0.9',
  'cookie' => 'savedump=dcp; amback=http%3A%2F%2Ftest.mlxyadmin.com%3A8080%2Fallianz%2Fdcp; phone_user_name=wangqiang%40meetuuu.com; phone_user_id=31; phone_user_avatar=http%3A%2F%2Foqi1zfida.bkt.clouddn.com%2Fupload%2Fjpeg%2Fd1f80cdeb3b802bd128bdaa479f01426.jpeg',
)
[ info ] [ PARAM ] array (
)
[ info ] [ CACHE ] INIT File
[ info ] [ BEHAVIOR ] Run \app\common\behaviors\LoadConfigBehavior @module_init [ RunTime:0.006410s ]
[ info ] [ RUN ] app\dcp\controller\Upload->upload[ D:\www\mlxyadmin\application\dcp\controller\Upload.php ]
[ info ] [ LOG ] INIT File
---------------------------------------------------------------
[ 2018-05-18T15:09:03+08:00 ] 127.0.0.1 127.0.0.1 POST /dcp/Upload/upload.html
[ info ] test.mlxyadmin.com:8080/dcp/Upload/upload.html [运行时间：0.132978s][吞吐率：7.52req/s] [内存消耗：6,123.56kb] [文件加载：93]
[ info ] [ LANG ] D:\www\mlxyadmin\thinkphp\lang\zh-cn.php
[ info ] [ ROUTE ] array (
  'type' => 'module',
  'module' => 
  array (
    0 => 'dcp',
    1 => 'Upload',
    2 => 'upload',
  ),
)
[ info ] [ HEADER ] array (
  'host' => 'test.mlxyadmin.com:8080',
  'connection' => 'keep-alive',
  'content-length' => '714169',
  'accept' => 'application/json, text/javascript, */*; q=0.01',
  'origin' => 'http://test.mlxyadmin.com:8080',
  'x-requested-with' => 'XMLHttpRequest',
  'user-agent' => 'Mozilla/5.0 (Windows NT 10.0; WOW64) AppleWebKit/537.36 (KHTML, like Gecko) Chrome/63.0.3239.9 Safari/537.36',
  'content-type' => 'multipart/form-data; boundary=----WebKitFormBoundaryunjqxzXBWWAMGE7i',
  'referer' => 'http://test.mlxyadmin.com:8080/allianz/dcp',
  'accept-encoding' => 'gzip, deflate',
  'accept-language' => 'zh-CN,zh;q=0.9',
  'cookie' => 'savedump=dcp; amback=http%3A%2F%2Ftest.mlxyadmin.com%3A8080%2Fallianz%2Fdcp',
)
[ info ] [ PARAM ] array (
)
[ info ] [ CACHE ] INIT File
[ info ] [ DB ] INIT mysql
[ info ] [ BEHAVIOR ] Run \app\common\behaviors\LoadConfigBehavior @module_init [ RunTime:0.046728s ]
[ info ] [ RUN ] app\dcp\controller\Upload->upload[ D:\www\mlxyadmin\application\dcp\controller\Upload.php ]
[ info ] [ LOG ] INIT File
[ sql ] [ DB ] CONNECT:[ UseTime:0.004364s ] mysql:dbname=databases;host=localhost;port=3306;charset=utf8
[ sql ] [ SQL ] SHOW COLUMNS FROM `nd_manage_config` [ RunTime:0.012833s ]
[ sql ] [ SQL ] SELECT * FROM `nd_manage_config` [ RunTime:0.000725s ]
---------------------------------------------------------------
[ 2018-05-18T15:09:09+08:00 ] 127.0.0.1 127.0.0.1 POST /dcp/Upload/upload.html
[ info ] test.mlxyadmin.com:8080/dcp/Upload/upload.html [运行时间：0.062964s][吞吐率：15.88req/s] [内存消耗：4,210.40kb] [文件加载：84]
[ info ] [ LANG ] D:\www\mlxyadmin\thinkphp\lang\zh-cn.php
[ info ] [ ROUTE ] array (
  'type' => 'module',
  'module' => 
  array (
    0 => 'dcp',
    1 => 'Upload',
    2 => 'upload',
  ),
)
[ info ] [ HEADER ] array (
  'host' => 'test.mlxyadmin.com:8080',
  'connection' => 'keep-alive',
  'content-length' => '70255',
  'accept' => 'application/json, text/javascript, */*; q=0.01',
  'origin' => 'http://test.mlxyadmin.com:8080',
  'x-requested-with' => 'XMLHttpRequest',
  'user-agent' => 'Mozilla/5.0 (Windows NT 10.0; WOW64) AppleWebKit/537.36 (KHTML, like Gecko) Chrome/63.0.3239.9 Safari/537.36',
  'content-type' => 'multipart/form-data; boundary=----WebKitFormBoundarySeTnBrxyGahjV7X8',
  'referer' => 'http://test.mlxyadmin.com:8080/allianz/dcp',
  'accept-encoding' => 'gzip, deflate',
  'accept-language' => 'zh-CN,zh;q=0.9',
  'cookie' => 'savedump=dcp; amback=http%3A%2F%2Ftest.mlxyadmin.com%3A8080%2Fallianz%2Fdcp',
)
[ info ] [ PARAM ] array (
)
[ info ] [ CACHE ] INIT File
[ info ] [ BEHAVIOR ] Run \app\common\behaviors\LoadConfigBehavior @module_init [ RunTime:0.007748s ]
[ info ] [ RUN ] app\dcp\controller\Upload->upload[ D:\www\mlxyadmin\application\dcp\controller\Upload.php ]
[ info ] [ LOG ] INIT File
---------------------------------------------------------------
[ 2018-05-18T15:09:23+08:00 ] 127.0.0.1 127.0.0.1 POST /dcp/Upload/upload.html
[ info ] test.mlxyadmin.com:8080/dcp/Upload/upload.html [运行时间：0.047718s][吞吐率：20.96req/s] [内存消耗：2,972.84kb] [文件加载：59]
[ info ] [ LANG ] D:\www\mlxyadmin\thinkphp\lang\zh-cn.php
[ info ] [ ROUTE ] array (
  'type' => 'module',
  'module' => 
  array (
    0 => 'dcp',
    1 => 'Upload',
    2 => 'upload',
  ),
)
[ info ] [ HEADER ] array (
  'host' => 'test.mlxyadmin.com:8080',
  'connection' => 'keep-alive',
  'content-length' => '5559839',
  'accept' => 'application/json, text/javascript, */*; q=0.01',
  'origin' => 'http://test.mlxyadmin.com:8080',
  'x-requested-with' => 'XMLHttpRequest',
  'user-agent' => 'Mozilla/5.0 (Windows NT 10.0; WOW64) AppleWebKit/537.36 (KHTML, like Gecko) Chrome/63.0.3239.9 Safari/537.36',
  'content-type' => 'multipart/form-data; boundary=----WebKitFormBoundary0003zaIVa6fvjXX2',
  'referer' => 'http://test.mlxyadmin.com:8080/allianz/dcp',
  'accept-encoding' => 'gzip, deflate',
  'accept-language' => 'zh-CN,zh;q=0.9',
  'cookie' => 'savedump=dcp; amback=http%3A%2F%2Ftest.mlxyadmin.com%3A8080%2Fallianz%2Fdcp',
)
[ info ] [ PARAM ] array (
)
[ info ] [ CACHE ] INIT File
[ info ] [ BEHAVIOR ] Run \app\common\behaviors\LoadConfigBehavior @module_init [ RunTime:0.007982s ]
[ info ] [ RUN ] app\dcp\controller\Upload->upload[ D:\www\mlxyadmin\application\dcp\controller\Upload.php ]
[ info ] [ LOG ] INIT File
---------------------------------------------------------------
[ 2018-05-18T15:09:34+08:00 ] 127.0.0.1 127.0.0.1 POST /dcp/Upload/upload.html
[ info ] test.mlxyadmin.com:8080/dcp/Upload/upload.html [运行时间：0.046371s][吞吐率：21.57req/s] [内存消耗：2,972.91kb] [文件加载：59]
[ info ] [ LANG ] D:\www\mlxyadmin\thinkphp\lang\zh-cn.php
[ info ] [ ROUTE ] array (
  'type' => 'module',
  'module' => 
  array (
    0 => 'dcp',
    1 => 'Upload',
    2 => 'upload',
  ),
)
[ info ] [ HEADER ] array (
  'host' => 'test.mlxyadmin.com:8080',
  'connection' => 'keep-alive',
  'content-length' => '2368769',
  'accept' => 'application/json, text/javascript, */*; q=0.01',
  'origin' => 'http://test.mlxyadmin.com:8080',
  'x-requested-with' => 'XMLHttpRequest',
  'user-agent' => 'Mozilla/5.0 (Windows NT 10.0; WOW64) AppleWebKit/537.36 (KHTML, like Gecko) Chrome/63.0.3239.9 Safari/537.36',
  'content-type' => 'multipart/form-data; boundary=----WebKitFormBoundary57nTpTbsSqH6mlEC',
  'referer' => 'http://test.mlxyadmin.com:8080/allianz/dcp',
  'accept-encoding' => 'gzip, deflate',
  'accept-language' => 'zh-CN,zh;q=0.9',
  'cookie' => 'savedump=dcp; amback=http%3A%2F%2Ftest.mlxyadmin.com%3A8080%2Fallianz%2Fdcp',
)
[ info ] [ PARAM ] array (
)
[ info ] [ CACHE ] INIT File
[ info ] [ BEHAVIOR ] Run \app\common\behaviors\LoadConfigBehavior @module_init [ RunTime:0.006483s ]
[ info ] [ RUN ] app\dcp\controller\Upload->upload[ D:\www\mlxyadmin\application\dcp\controller\Upload.php ]
[ info ] [ LOG ] INIT File
