---------------------------------------------------------------
[ 2018-01-31T16:15:16+08:00 ] 127.0.0.1 127.0.0.1 GET /Allianz/dcp
[ info ] test.mlxyadmin.com:8080/Allianz/dcp [运行时间：0.092542s][吞吐率：10.81req/s] [内存消耗：4,118.48kb] [文件加载：61]
[ info ] [ LANG ] D:\www\mlxyadmin\thinkphp\lang\zh-cn.php
[ info ] [ ROUTE ] array (
  'type' => 'module',
  'module' => 
  array (
    0 => 'dcp',
    1 => 'Index',
    2 => 'service_details',
  ),
  'convert' => false,
)
[ info ] [ HEADER ] array (
  'host' => 'test.mlxyadmin.com:8080',
  'connection' => 'keep-alive',
  'user-agent' => 'Mozilla/5.0 (Windows NT 10.0; WOW64) AppleWebKit/537.36 (KHTML, like Gecko) Chrome/63.0.3239.9 Safari/537.36',
  'upgrade-insecure-requests' => '1',
  'accept' => 'text/html,application/xhtml+xml,application/xml;q=0.9,image/webp,image/apng,*/*;q=0.8',
  'accept-encoding' => 'gzip, deflate',
  'accept-language' => 'zh-CN,zh;q=0.9',
)
[ info ] [ PARAM ] array (
)
[ info ] [ CACHE ] INIT File
[ info ] [ DB ] INIT mysql
[ info ] [ LOG ] INIT File
---------------------------------------------------------------
[ 2018-01-31T16:15:16+08:00 ] 127.0.0.1 127.0.0.1 GET /install.html
[ info ] test.mlxyadmin.com:8080/install.html [运行时间：0.042211s][吞吐率：23.69req/s] [内存消耗：2,343.82kb] [文件加载：45]
[ info ] [ LANG ] D:\www\mlxyadmin\thinkphp\lang\zh-cn.php
[ info ] [ ROUTE ] array (
  'type' => 'module',
  'module' => 
  array (
    0 => 'install',
    1 => NULL,
    2 => NULL,
  ),
)
[ info ] [ HEADER ] array (
  'host' => 'test.mlxyadmin.com:8080',
  'connection' => 'keep-alive',
  'user-agent' => 'Mozilla/5.0 (Windows NT 10.0; WOW64) AppleWebKit/537.36 (KHTML, like Gecko) Chrome/63.0.3239.9 Safari/537.36',
  'upgrade-insecure-requests' => '1',
  'accept' => 'text/html,application/xhtml+xml,application/xml;q=0.9,image/webp,image/apng,*/*;q=0.8',
  'accept-encoding' => 'gzip, deflate',
  'accept-language' => 'zh-CN,zh;q=0.9',
)
[ info ] [ PARAM ] array (
)
[ info ] [ LOG ] INIT File
---------------------------------------------------------------
[ 2018-01-31T16:15:34+08:00 ] 127.0.0.1 127.0.0.1 GET /
[ info ] test.mlxyadmin.com:8080/ [运行时间：0.090171s][吞吐率：11.09req/s] [内存消耗：4,204.66kb] [文件加载：62]
[ info ] [ LANG ] D:\www\mlxyadmin\thinkphp\lang\zh-cn.php
[ info ] [ ROUTE ] array (
  'type' => 'module',
  'module' => 
  array (
    0 => '',
    1 => NULL,
    2 => NULL,
  ),
)
[ info ] [ HEADER ] array (
  'host' => 'test.mlxyadmin.com:8080',
  'connection' => 'keep-alive',
  'user-agent' => 'Mozilla/5.0 (Windows NT 10.0; WOW64) AppleWebKit/537.36 (KHTML, like Gecko) Chrome/63.0.3239.9 Safari/537.36',
  'upgrade-insecure-requests' => '1',
  'accept' => 'text/html,application/xhtml+xml,application/xml;q=0.9,image/webp,image/apng,*/*;q=0.8',
  'accept-encoding' => 'gzip, deflate',
  'accept-language' => 'zh-CN,zh;q=0.9',
)
[ info ] [ PARAM ] array (
)
[ info ] [ CACHE ] INIT File
[ info ] [ DB ] INIT mysql
[ info ] [ BEHAVIOR ] Run \app\common\behaviors\LoadConfigBehavior @module_init [ RunTime:0.048948s ]
[ info ] [ LOG ] INIT File
[ sql ] [ DB ] CONNECT:[ UseTime:0.011264s ] mysql:dbname=databases;host=localhost;port=3306;charset=utf8
[ sql ] [ SQL ] SHOW COLUMNS FROM `nd_manage_config` [ RunTime:0.012730s ]
[ sql ] [ SQL ] SELECT * FROM `nd_manage_config` [ RunTime:0.001061s ]
---------------------------------------------------------------
[ 2018-01-31T16:15:43+08:00 ] 127.0.0.1 127.0.0.1 GET /Allianz/dcp
[ info ] test.mlxyadmin.com:8080/Allianz/dcp [运行时间：0.235354s][吞吐率：4.25req/s] [内存消耗：5,937.52kb] [文件加载：84]
[ info ] [ LANG ] D:\www\mlxyadmin\thinkphp\lang\zh-cn.php
[ info ] [ ROUTE ] array (
  'type' => 'module',
  'module' => 
  array (
    0 => 'dcp',
    1 => 'Index',
    2 => 'service_details',
  ),
  'convert' => false,
)
[ info ] [ HEADER ] array (
  'host' => 'test.mlxyadmin.com:8080',
  'connection' => 'keep-alive',
  'user-agent' => 'Mozilla/5.0 (Windows NT 10.0; WOW64) AppleWebKit/537.36 (KHTML, like Gecko) Chrome/63.0.3239.9 Safari/537.36',
  'upgrade-insecure-requests' => '1',
  'accept' => 'text/html,application/xhtml+xml,application/xml;q=0.9,image/webp,image/apng,*/*;q=0.8',
  'accept-encoding' => 'gzip, deflate',
  'accept-language' => 'zh-CN,zh;q=0.9',
)
[ info ] [ PARAM ] array (
)
[ info ] [ CACHE ] INIT File
[ info ] [ BEHAVIOR ] Run \app\common\behaviors\LoadConfigBehavior @module_init [ RunTime:0.008826s ]
[ info ] [ DB ] INIT mysql
[ info ] [ RUN ] app\dcp\controller\Index->service_details[ D:\www\mlxyadmin\application\dcp\controller\Index.php ]
[ info ] [ VIEW ] D:\www\mlxyadmin\application\dcp\view\index\service_details.html [ array (
  0 => 'site_version',
  1 => 'static_path',
  2 => 'module_path',
  3 => 'lib_path',
  4 => 'service_list',
  5 => 'area',
  6 => 'country_list',
  7 => 'userid',
  8 => 'minedata',
  9 => 'service_id',
  10 => 'site_title',
) ]
[ info ] [ LOG ] INIT File
[ sql ] [ DB ] CONNECT:[ UseTime:0.011230s ] mysql:dbname=databases;host=localhost;port=3306;charset=utf8
[ sql ] [ SQL ] SHOW COLUMNS FROM `nd_cases_case_type` [ RunTime:0.011818s ]
[ sql ] [ SQL ] SELECT * FROM `nd_cases_case_type` ORDER BY sort desc [ RunTime:0.002121s ]
[ sql ] [ SQL ] SHOW COLUMNS FROM `nd_cases_area` [ RunTime:0.012043s ]
[ sql ] [ SQL ] SELECT * FROM `nd_cases_area` WHERE  `parent_id` = 0 [ RunTime:0.018729s ]
[ sql ] [ SQL ] SHOW COLUMNS FROM `nd_cases_country` [ RunTime:0.012231s ]
[ sql ] [ SQL ] SELECT * FROM `nd_cases_country` ORDER BY locate('Malaysia',ename) desc [ RunTime:0.004775s ]
[ sql ] [ SQL ] SHOW COLUMNS FROM `nd_cases_chatuser` [ RunTime:0.013839s ]
[ sql ] [ SQL ] SELECT `a_chatuser`.*,a_case_company.name as companyname FROM `nd_cases_chatuser` `a_chatuser` INNER JOIN `nd_cases_company` `a_case_company` ON `a_chatuser`.`company`=`a_case_company`.`id` ORDER BY a_chatuser.sort desc LIMIT 1 [ RunTime:0.011985s ]
[ error ] [2]DOMDocument::loadHTML(): Tag section invalid in Entity, line: 34[D:\www\mlxyadmin\thinkcms\library\minify\HtmlMinify.php:21]
[ error ] [2]DOMDocument::loadHTML(): Unexpected end tag : option in Entity, line: 596[D:\www\mlxyadmin\thinkcms\library\minify\HtmlMinify.php:21]
[ error ] [2]DOMDocument::loadHTML(): Unexpected end tag : option in Entity, line: 600[D:\www\mlxyadmin\thinkcms\library\minify\HtmlMinify.php:21]
[ error ] [2]DOMDocument::loadHTML(): Unexpected end tag : option in Entity, line: 617[D:\www\mlxyadmin\thinkcms\library\minify\HtmlMinify.php:21]
[ error ] [2]DOMDocument::loadHTML(): Unexpected end tag : option in Entity, line: 620[D:\www\mlxyadmin\thinkcms\library\minify\HtmlMinify.php:21]
[ error ] [2]DOMDocument::loadHTML(): Unexpected end tag : option in Entity, line: 627[D:\www\mlxyadmin\thinkcms\library\minify\HtmlMinify.php:21]
[ error ] [2]DOMDocument::loadHTML(): Unexpected end tag : option in Entity, line: 632[D:\www\mlxyadmin\thinkcms\library\minify\HtmlMinify.php:21]
[ error ] [2]DOMDocument::loadHTML(): Unexpected end tag : option in Entity, line: 638[D:\www\mlxyadmin\thinkcms\library\minify\HtmlMinify.php:21]
[ error ] [2]DOMDocument::loadHTML(): Unexpected end tag : option in Entity, line: 640[D:\www\mlxyadmin\thinkcms\library\minify\HtmlMinify.php:21]
[ error ] [2]DOMDocument::loadHTML(): Unexpected end tag : span in Entity, line: 689[D:\www\mlxyadmin\thinkcms\library\minify\HtmlMinify.php:21]
[ error ] [2]DOMDocument::loadHTML(): Unexpected end tag : span in Entity, line: 692[D:\www\mlxyadmin\thinkcms\library\minify\HtmlMinify.php:21]
[ error ] [2]DOMDocument::loadHTML(): Unexpected end tag : span in Entity, line: 697[D:\www\mlxyadmin\thinkcms\library\minify\HtmlMinify.php:21]
---------------------------------------------------------------
[ 2018-01-31T16:15:46+08:00 ] 127.0.0.1 127.0.0.1 POST /module/cases/Interfaces/valid_login.html
[ info ] test.mlxyadmin.com:8080/module/cases/Interfaces/valid_login.html [运行时间：0.061102s][吞吐率：16.37req/s] [内存消耗：2,944.51kb] [文件加载：59]
[ info ] [ LANG ] D:\www\mlxyadmin\thinkphp\lang\zh-cn.php
[ info ] [ ROUTE ] array (
  'type' => 'module',
  'module' => 
  array (
    0 => 'manage',
    1 => 'loader',
    2 => 'run',
  ),
  'convert' => false,
)
[ info ] [ HEADER ] array (
  'host' => 'test.mlxyadmin.com:8080',
  'connection' => 'keep-alive',
  'content-length' => '0',
  'accept' => 'application/json, text/javascript, */*; q=0.01',
  'origin' => 'http://test.mlxyadmin.com:8080',
  'x-requested-with' => 'XMLHttpRequest',
  'user-agent' => 'Mozilla/5.0 (Windows NT 10.0; WOW64) AppleWebKit/537.36 (KHTML, like Gecko) Chrome/63.0.3239.9 Safari/537.36',
  'referer' => 'http://test.mlxyadmin.com:8080/Allianz/dcp',
  'accept-encoding' => 'gzip, deflate',
  'accept-language' => 'zh-CN,zh;q=0.9',
  'cookie' => 'amback=http%3A%2F%2Ftest.mlxyadmin.com%3A8080%2FAllianz%2Fdcp',
)
[ info ] [ PARAM ] array (
  '_module_' => 'cases',
  '_controller_' => 'Interfaces',
  '_action_' => 'valid_login',
)
[ info ] [ CACHE ] INIT File
[ info ] [ BEHAVIOR ] Run \app\common\behaviors\LoadConfigBehavior @module_init [ RunTime:0.009234s ]
[ info ] [ RUN ] app\manage\controller\Loader->run[ D:\www\mlxyadmin\application\manage\controller\Loader.php ]
[ info ] [ RUN ] module\cases\controller\Interfaces->valid_login[ D:\www\mlxyadmin\application\module\cases\controller\Interfaces.php ]
[ info ] [ LOG ] INIT File
---------------------------------------------------------------
[ 2018-01-31T16:15:46+08:00 ] 127.0.0.1 127.0.0.1 GET /dcp/Login/index.html
[ info ] test.mlxyadmin.com:8080/dcp/Login/index.html [运行时间：0.112063s][吞吐率：8.92req/s] [内存消耗：3,461.04kb] [文件加载：68]
[ info ] [ LANG ] D:\www\mlxyadmin\thinkphp\lang\zh-cn.php
[ info ] [ ROUTE ] array (
  'type' => 'module',
  'module' => 
  array (
    0 => 'dcp',
    1 => 'Login',
    2 => 'index',
  ),
)
[ info ] [ HEADER ] array (
  'host' => 'test.mlxyadmin.com:8080',
  'connection' => 'keep-alive',
  'upgrade-insecure-requests' => '1',
  'user-agent' => 'Mozilla/5.0 (Windows NT 10.0; WOW64) AppleWebKit/537.36 (KHTML, like Gecko) Chrome/63.0.3239.9 Safari/537.36',
  'accept' => 'text/html,application/xhtml+xml,application/xml;q=0.9,image/webp,image/apng,*/*;q=0.8',
  'referer' => 'http://test.mlxyadmin.com:8080/Allianz/dcp',
  'accept-encoding' => 'gzip, deflate',
  'accept-language' => 'zh-CN,zh;q=0.9',
  'cookie' => 'amback=http%3A%2F%2Ftest.mlxyadmin.com%3A8080%2FAllianz%2Fdcp',
)
[ info ] [ PARAM ] array (
)
[ info ] [ CACHE ] INIT File
[ info ] [ BEHAVIOR ] Run \app\common\behaviors\LoadConfigBehavior @module_init [ RunTime:0.016060s ]
[ info ] [ RUN ] app\dcp\controller\Login->index[ D:\www\mlxyadmin\application\dcp\controller\Login.php ]
[ info ] [ VIEW ] D:\www\mlxyadmin\application\dcp\view\login\index.html [ array (
  0 => 'site_version',
  1 => 'static_path',
  2 => 'module_path',
  3 => 'lib_path',
  4 => 'site_title',
) ]
[ info ] [ LOG ] INIT File
---------------------------------------------------------------
[ 2018-01-31T16:15:50+08:00 ] 127.0.0.1 127.0.0.1 POST /dcp/login/dologin.html
[ info ] test.mlxyadmin.com:8080/dcp/login/dologin.html [运行时间：0.087621s][吞吐率：11.41req/s] [内存消耗：4,283.46kb] [文件加载：63]
[ info ] [ LANG ] D:\www\mlxyadmin\thinkphp\lang\zh-cn.php
[ info ] [ ROUTE ] array (
  'type' => 'module',
  'module' => 
  array (
    0 => 'dcp',
    1 => 'login',
    2 => 'dologin',
  ),
)
[ info ] [ HEADER ] array (
  'host' => 'test.mlxyadmin.com:8080',
  'connection' => 'keep-alive',
  'content-length' => '41',
  'accept' => '*/*',
  'origin' => 'http://test.mlxyadmin.com:8080',
  'x-requested-with' => 'XMLHttpRequest',
  'user-agent' => 'Mozilla/5.0 (Windows NT 10.0; WOW64) AppleWebKit/537.36 (KHTML, like Gecko) Chrome/63.0.3239.9 Safari/537.36',
  'content-type' => 'application/x-www-form-urlencoded; charset=UTF-8',
  'referer' => 'http://test.mlxyadmin.com:8080/dcp/Login/index.html',
  'accept-encoding' => 'gzip, deflate',
  'accept-language' => 'zh-CN,zh;q=0.9',
  'cookie' => 'amback=http%3A%2F%2Ftest.mlxyadmin.com%3A8080%2FAllianz%2Fdcp',
)
[ info ] [ PARAM ] array (
  'user_name' => 'wangqiang@meetuuu.com',
  'pwd' => '123',
)
[ info ] [ CACHE ] INIT File
[ info ] [ BEHAVIOR ] Run \app\common\behaviors\LoadConfigBehavior @module_init [ RunTime:0.008479s ]
[ info ] [ RUN ] app\dcp\controller\Login->doLogin[ D:\www\mlxyadmin\application\dcp\controller\Login.php ]
[ info ] [ DB ] INIT mysql
[ info ] [ LOG ] INIT File
[ sql ] [ DB ] CONNECT:[ UseTime:0.001581s ] mysql:dbname=databases;host=localhost;port=3306;charset=utf8
[ sql ] [ SQL ] SHOW COLUMNS FROM `nd_cases_chatuser` [ RunTime:0.010915s ]
[ sql ] [ SQL ] SELECT `id`,`user_name`,`pwd`,`sign`,`avatar`,`is_manager` FROM `nd_cases_chatuser` WHERE  `user_name` = 'wangqiang@meetuuu.com'  AND `u_status` = 1 LIMIT 1 [ RunTime:0.000610s ]
[ sql ] [ SQL ] UPDATE `nd_cases_chatuser`  SET `status`=1  WHERE  `id` = 31 [ RunTime:0.002952s ]
---------------------------------------------------------------
[ 2018-01-31T16:15:51+08:00 ] 127.0.0.1 127.0.0.1 GET /Allianz/dcp
[ info ] test.mlxyadmin.com:8080/Allianz/dcp [运行时间：0.234436s][吞吐率：4.27req/s] [内存消耗：5,661.82kb] [文件加载：82]
[ info ] [ LANG ] D:\www\mlxyadmin\thinkphp\lang\zh-cn.php
[ info ] [ ROUTE ] array (
  'type' => 'module',
  'module' => 
  array (
    0 => 'dcp',
    1 => 'Index',
    2 => 'service_details',
  ),
  'convert' => false,
)
[ info ] [ HEADER ] array (
  'host' => 'test.mlxyadmin.com:8080',
  'connection' => 'keep-alive',
  'upgrade-insecure-requests' => '1',
  'user-agent' => 'Mozilla/5.0 (Windows NT 10.0; WOW64) AppleWebKit/537.36 (KHTML, like Gecko) Chrome/63.0.3239.9 Safari/537.36',
  'accept' => 'text/html,application/xhtml+xml,application/xml;q=0.9,image/webp,image/apng,*/*;q=0.8',
  'referer' => 'http://test.mlxyadmin.com:8080/dcp/Login/index.html',
  'accept-encoding' => 'gzip, deflate',
  'accept-language' => 'zh-CN,zh;q=0.9',
  'cookie' => 'amback=http%3A%2F%2Ftest.mlxyadmin.com%3A8080%2FAllianz%2Fdcp; phone_user_name=wangqiang%40meetuuu.com; phone_user_id=31; phone_user_avatar=http%3A%2F%2Foqi1zfida.bkt.clouddn.com%2Fupload%2Fjpeg%2Fd1f80cdeb3b802bd128bdaa479f01426.jpeg',
)
[ info ] [ PARAM ] array (
)
[ info ] [ CACHE ] INIT File
[ info ] [ BEHAVIOR ] Run \app\common\behaviors\LoadConfigBehavior @module_init [ RunTime:0.011438s ]
[ info ] [ DB ] INIT mysql
[ info ] [ RUN ] app\dcp\controller\Index->service_details[ D:\www\mlxyadmin\application\dcp\controller\Index.php ]
[ info ] [ VIEW ] D:\www\mlxyadmin\application\dcp\view\index\service_details.html [ array (
  0 => 'site_version',
  1 => 'static_path',
  2 => 'module_path',
  3 => 'lib_path',
  4 => 'service_list',
  5 => 'area',
  6 => 'country_list',
  7 => 'userid',
  8 => 'minedata',
  9 => 'service_id',
  10 => 'site_title',
) ]
[ info ] [ LOG ] INIT File
[ sql ] [ DB ] CONNECT:[ UseTime:0.004758s ] mysql:dbname=databases;host=localhost;port=3306;charset=utf8
[ sql ] [ SQL ] SHOW COLUMNS FROM `nd_cases_case_type` [ RunTime:0.016138s ]
[ sql ] [ SQL ] SELECT * FROM `nd_cases_case_type` ORDER BY sort desc [ RunTime:0.000769s ]
[ sql ] [ SQL ] SHOW COLUMNS FROM `nd_cases_area` [ RunTime:0.013480s ]
[ sql ] [ SQL ] SELECT * FROM `nd_cases_area` WHERE  `parent_id` = 0 [ RunTime:0.012088s ]
[ sql ] [ SQL ] SHOW COLUMNS FROM `nd_cases_country` [ RunTime:0.010319s ]
[ sql ] [ SQL ] SELECT * FROM `nd_cases_country` ORDER BY locate('Malaysia',ename) desc [ RunTime:0.004349s ]
[ sql ] [ SQL ] SHOW COLUMNS FROM `nd_cases_chatuser` [ RunTime:0.015725s ]
[ sql ] [ SQL ] SELECT `a_chatuser`.*,a_case_company.name as companyname FROM `nd_cases_chatuser` `a_chatuser` INNER JOIN `nd_cases_company` `a_case_company` ON `a_chatuser`.`company`=`a_case_company`.`id` WHERE  `a_chatuser`.`id` = '31' ORDER BY a_chatuser.sort desc LIMIT 1 [ RunTime:0.000926s ]
[ error ] [2]DOMDocument::loadHTML(): Tag section invalid in Entity, line: 34[D:\www\mlxyadmin\thinkcms\library\minify\HtmlMinify.php:21]
[ error ] [2]DOMDocument::loadHTML(): Unexpected end tag : option in Entity, line: 597[D:\www\mlxyadmin\thinkcms\library\minify\HtmlMinify.php:21]
[ error ] [2]DOMDocument::loadHTML(): Unexpected end tag : option in Entity, line: 601[D:\www\mlxyadmin\thinkcms\library\minify\HtmlMinify.php:21]
[ error ] [2]DOMDocument::loadHTML(): Unexpected end tag : option in Entity, line: 618[D:\www\mlxyadmin\thinkcms\library\minify\HtmlMinify.php:21]
[ error ] [2]DOMDocument::loadHTML(): Unexpected end tag : option in Entity, line: 621[D:\www\mlxyadmin\thinkcms\library\minify\HtmlMinify.php:21]
[ error ] [2]DOMDocument::loadHTML(): Unexpected end tag : option in Entity, line: 628[D:\www\mlxyadmin\thinkcms\library\minify\HtmlMinify.php:21]
[ error ] [2]DOMDocument::loadHTML(): Unexpected end tag : option in Entity, line: 633[D:\www\mlxyadmin\thinkcms\library\minify\HtmlMinify.php:21]
[ error ] [2]DOMDocument::loadHTML(): Unexpected end tag : option in Entity, line: 639[D:\www\mlxyadmin\thinkcms\library\minify\HtmlMinify.php:21]
[ error ] [2]DOMDocument::loadHTML(): Unexpected end tag : option in Entity, line: 641[D:\www\mlxyadmin\thinkcms\library\minify\HtmlMinify.php:21]
[ error ] [2]DOMDocument::loadHTML(): Unexpected end tag : span in Entity, line: 690[D:\www\mlxyadmin\thinkcms\library\minify\HtmlMinify.php:21]
[ error ] [2]DOMDocument::loadHTML(): Unexpected end tag : span in Entity, line: 693[D:\www\mlxyadmin\thinkcms\library\minify\HtmlMinify.php:21]
[ error ] [2]DOMDocument::loadHTML(): Unexpected end tag : span in Entity, line: 698[D:\www\mlxyadmin\thinkcms\library\minify\HtmlMinify.php:21]
---------------------------------------------------------------
[ 2018-01-31T16:15:53+08:00 ] 127.0.0.1 127.0.0.1 POST /module/cases/Interfaces/valid_login.html
[ info ] test.mlxyadmin.com:8080/module/cases/Interfaces/valid_login.html [运行时间：0.069824s][吞吐率：14.32req/s] [内存消耗：2,944.86kb] [文件加载：59]
[ info ] [ LANG ] D:\www\mlxyadmin\thinkphp\lang\zh-cn.php
[ info ] [ ROUTE ] array (
  'type' => 'module',
  'module' => 
  array (
    0 => 'manage',
    1 => 'loader',
    2 => 'run',
  ),
  'convert' => false,
)
[ info ] [ HEADER ] array (
  'host' => 'test.mlxyadmin.com:8080',
  'connection' => 'keep-alive',
  'content-length' => '0',
  'accept' => 'application/json, text/javascript, */*; q=0.01',
  'origin' => 'http://test.mlxyadmin.com:8080',
  'x-requested-with' => 'XMLHttpRequest',
  'user-agent' => 'Mozilla/5.0 (Windows NT 10.0; WOW64) AppleWebKit/537.36 (KHTML, like Gecko) Chrome/63.0.3239.9 Safari/537.36',
  'referer' => 'http://test.mlxyadmin.com:8080/Allianz/dcp',
  'accept-encoding' => 'gzip, deflate',
  'accept-language' => 'zh-CN,zh;q=0.9',
  'cookie' => 'amback=http%3A%2F%2Ftest.mlxyadmin.com%3A8080%2FAllianz%2Fdcp; phone_user_name=wangqiang%40meetuuu.com; phone_user_id=31; phone_user_avatar=http%3A%2F%2Foqi1zfida.bkt.clouddn.com%2Fupload%2Fjpeg%2Fd1f80cdeb3b802bd128bdaa479f01426.jpeg',
)
[ info ] [ PARAM ] array (
  '_module_' => 'cases',
  '_controller_' => 'Interfaces',
  '_action_' => 'valid_login',
)
[ info ] [ CACHE ] INIT File
[ info ] [ BEHAVIOR ] Run \app\common\behaviors\LoadConfigBehavior @module_init [ RunTime:0.010605s ]
[ info ] [ RUN ] app\manage\controller\Loader->run[ D:\www\mlxyadmin\application\manage\controller\Loader.php ]
[ info ] [ RUN ] module\cases\controller\Interfaces->valid_login[ D:\www\mlxyadmin\application\module\cases\controller\Interfaces.php ]
[ info ] [ LOG ] INIT File
---------------------------------------------------------------
[ 2018-01-31T16:16:53+08:00 ] 127.0.0.1 127.0.0.1 GET /Allianz/dcp
[ info ] test.mlxyadmin.com:8080/Allianz/dcp [运行时间：0.167275s][吞吐率：5.98req/s] [内存消耗：5,940.27kb] [文件加载：84]
[ info ] [ LANG ] D:\www\mlxyadmin\thinkphp\lang\zh-cn.php
[ info ] [ ROUTE ] array (
  'type' => 'module',
  'module' => 
  array (
    0 => 'dcp',
    1 => 'Index',
    2 => 'service_details',
  ),
  'convert' => false,
)
[ info ] [ HEADER ] array (
  'host' => 'test.mlxyadmin.com:8080',
  'connection' => 'keep-alive',
  'cache-control' => 'max-age=0',
  'user-agent' => 'Mozilla/5.0 (Windows NT 10.0; WOW64) AppleWebKit/537.36 (KHTML, like Gecko) Chrome/63.0.3239.9 Safari/537.36',
  'upgrade-insecure-requests' => '1',
  'accept' => 'text/html,application/xhtml+xml,application/xml;q=0.9,image/webp,image/apng,*/*;q=0.8',
  'referer' => 'http://test.mlxyadmin.com:8080/dcp/Login/index.html',
  'accept-encoding' => 'gzip, deflate',
  'accept-language' => 'zh-CN,zh;q=0.9',
  'cookie' => 'amback=http%3A%2F%2Ftest.mlxyadmin.com%3A8080%2FAllianz%2Fdcp; phone_user_name=wangqiang%40meetuuu.com; phone_user_id=31; phone_user_avatar=http%3A%2F%2Foqi1zfida.bkt.clouddn.com%2Fupload%2Fjpeg%2Fd1f80cdeb3b802bd128bdaa479f01426.jpeg',
)
[ info ] [ PARAM ] array (
)
[ info ] [ CACHE ] INIT File
[ info ] [ BEHAVIOR ] Run \app\common\behaviors\LoadConfigBehavior @module_init [ RunTime:0.007809s ]
[ info ] [ DB ] INIT mysql
[ info ] [ RUN ] app\dcp\controller\Index->service_details[ D:\www\mlxyadmin\application\dcp\controller\Index.php ]
[ info ] [ VIEW ] D:\www\mlxyadmin\application\dcp\view\index\service_details.html [ array (
  0 => 'site_version',
  1 => 'static_path',
  2 => 'module_path',
  3 => 'lib_path',
  4 => 'service_list',
  5 => 'area',
  6 => 'country_list',
  7 => 'userid',
  8 => 'minedata',
  9 => 'service_id',
  10 => 'site_title',
) ]
[ info ] [ LOG ] INIT File
[ sql ] [ DB ] CONNECT:[ UseTime:0.001842s ] mysql:dbname=databases;host=localhost;port=3306;charset=utf8
[ sql ] [ SQL ] SHOW COLUMNS FROM `nd_cases_case_type` [ RunTime:0.009296s ]
[ sql ] [ SQL ] SELECT * FROM `nd_cases_case_type` ORDER BY sort desc [ RunTime:0.000313s ]
[ sql ] [ SQL ] SHOW COLUMNS FROM `nd_cases_area` [ RunTime:0.009399s ]
[ sql ] [ SQL ] SELECT * FROM `nd_cases_area` WHERE  `parent_id` = 0 [ RunTime:0.011858s ]
[ sql ] [ SQL ] SHOW COLUMNS FROM `nd_cases_country` [ RunTime:0.009499s ]
[ sql ] [ SQL ] SELECT * FROM `nd_cases_country` ORDER BY locate('Malaysia',ename) desc [ RunTime:0.001133s ]
[ sql ] [ SQL ] SHOW COLUMNS FROM `nd_cases_chatuser` [ RunTime:0.010411s ]
[ sql ] [ SQL ] SELECT `a_chatuser`.*,a_case_company.name as companyname FROM `nd_cases_chatuser` `a_chatuser` INNER JOIN `nd_cases_company` `a_case_company` ON `a_chatuser`.`company`=`a_case_company`.`id` WHERE  `a_chatuser`.`id` = '31' ORDER BY a_chatuser.sort desc LIMIT 1 [ RunTime:0.000464s ]
[ error ] [2]DOMDocument::loadHTML(): Tag section invalid in Entity, line: 34[D:\www\mlxyadmin\thinkcms\library\minify\HtmlMinify.php:21]
[ error ] [2]DOMDocument::loadHTML(): Unexpected end tag : option in Entity, line: 592[D:\www\mlxyadmin\thinkcms\library\minify\HtmlMinify.php:21]
[ error ] [2]DOMDocument::loadHTML(): Unexpected end tag : option in Entity, line: 596[D:\www\mlxyadmin\thinkcms\library\minify\HtmlMinify.php:21]
[ error ] [2]DOMDocument::loadHTML(): Unexpected end tag : option in Entity, line: 613[D:\www\mlxyadmin\thinkcms\library\minify\HtmlMinify.php:21]
[ error ] [2]DOMDocument::loadHTML(): Unexpected end tag : option in Entity, line: 616[D:\www\mlxyadmin\thinkcms\library\minify\HtmlMinify.php:21]
[ error ] [2]DOMDocument::loadHTML(): Unexpected end tag : option in Entity, line: 623[D:\www\mlxyadmin\thinkcms\library\minify\HtmlMinify.php:21]
[ error ] [2]DOMDocument::loadHTML(): Unexpected end tag : option in Entity, line: 628[D:\www\mlxyadmin\thinkcms\library\minify\HtmlMinify.php:21]
[ error ] [2]DOMDocument::loadHTML(): Unexpected end tag : option in Entity, line: 634[D:\www\mlxyadmin\thinkcms\library\minify\HtmlMinify.php:21]
[ error ] [2]DOMDocument::loadHTML(): Unexpected end tag : option in Entity, line: 636[D:\www\mlxyadmin\thinkcms\library\minify\HtmlMinify.php:21]
[ error ] [2]DOMDocument::loadHTML(): Unexpected end tag : span in Entity, line: 685[D:\www\mlxyadmin\thinkcms\library\minify\HtmlMinify.php:21]
[ error ] [2]DOMDocument::loadHTML(): Unexpected end tag : span in Entity, line: 688[D:\www\mlxyadmin\thinkcms\library\minify\HtmlMinify.php:21]
[ error ] [2]DOMDocument::loadHTML(): Unexpected end tag : span in Entity, line: 693[D:\www\mlxyadmin\thinkcms\library\minify\HtmlMinify.php:21]
---------------------------------------------------------------
[ 2018-01-31T16:16:55+08:00 ] 127.0.0.1 127.0.0.1 POST /module/cases/Interfaces/valid_login.html
[ info ] test.mlxyadmin.com:8080/module/cases/Interfaces/valid_login.html [运行时间：0.080519s][吞吐率：12.42req/s] [内存消耗：2,944.86kb] [文件加载：59]
[ info ] [ LANG ] D:\www\mlxyadmin\thinkphp\lang\zh-cn.php
[ info ] [ ROUTE ] array (
  'type' => 'module',
  'module' => 
  array (
    0 => 'manage',
    1 => 'loader',
    2 => 'run',
  ),
  'convert' => false,
)
[ info ] [ HEADER ] array (
  'host' => 'test.mlxyadmin.com:8080',
  'connection' => 'keep-alive',
  'content-length' => '0',
  'accept' => 'application/json, text/javascript, */*; q=0.01',
  'origin' => 'http://test.mlxyadmin.com:8080',
  'x-requested-with' => 'XMLHttpRequest',
  'user-agent' => 'Mozilla/5.0 (Windows NT 10.0; WOW64) AppleWebKit/537.36 (KHTML, like Gecko) Chrome/63.0.3239.9 Safari/537.36',
  'referer' => 'http://test.mlxyadmin.com:8080/Allianz/dcp',
  'accept-encoding' => 'gzip, deflate',
  'accept-language' => 'zh-CN,zh;q=0.9',
  'cookie' => 'amback=http%3A%2F%2Ftest.mlxyadmin.com%3A8080%2FAllianz%2Fdcp; phone_user_name=wangqiang%40meetuuu.com; phone_user_id=31; phone_user_avatar=http%3A%2F%2Foqi1zfida.bkt.clouddn.com%2Fupload%2Fjpeg%2Fd1f80cdeb3b802bd128bdaa479f01426.jpeg',
)
[ info ] [ PARAM ] array (
  '_module_' => 'cases',
  '_controller_' => 'Interfaces',
  '_action_' => 'valid_login',
)
[ info ] [ CACHE ] INIT File
[ info ] [ BEHAVIOR ] Run \app\common\behaviors\LoadConfigBehavior @module_init [ RunTime:0.011418s ]
[ info ] [ RUN ] app\manage\controller\Loader->run[ D:\www\mlxyadmin\application\manage\controller\Loader.php ]
[ info ] [ RUN ] module\cases\controller\Interfaces->valid_login[ D:\www\mlxyadmin\application\module\cases\controller\Interfaces.php ]
[ info ] [ LOG ] INIT File
---------------------------------------------------------------
[ 2018-01-31T16:18:28+08:00 ] 127.0.0.1 127.0.0.1 GET /Allianz/dcp
[ info ] test.mlxyadmin.com:8080/Allianz/dcp [运行时间：0.174990s][吞吐率：5.71req/s] [内存消耗：5,940.69kb] [文件加载：84]
[ info ] [ LANG ] D:\www\mlxyadmin\thinkphp\lang\zh-cn.php
[ info ] [ ROUTE ] array (
  'type' => 'module',
  'module' => 
  array (
    0 => 'dcp',
    1 => 'Index',
    2 => 'service_details',
  ),
  'convert' => false,
)
[ info ] [ HEADER ] array (
  'host' => 'test.mlxyadmin.com:8080',
  'connection' => 'keep-alive',
  'cache-control' => 'max-age=0',
  'user-agent' => 'Mozilla/5.0 (Windows NT 10.0; WOW64) AppleWebKit/537.36 (KHTML, like Gecko) Chrome/63.0.3239.9 Safari/537.36',
  'upgrade-insecure-requests' => '1',
  'accept' => 'text/html,application/xhtml+xml,application/xml;q=0.9,image/webp,image/apng,*/*;q=0.8',
  'referer' => 'http://test.mlxyadmin.com:8080/dcp/Login/index.html',
  'accept-encoding' => 'gzip, deflate',
  'accept-language' => 'zh-CN,zh;q=0.9',
  'cookie' => 'amback=http%3A%2F%2Ftest.mlxyadmin.com%3A8080%2FAllianz%2Fdcp; phone_user_name=wangqiang%40meetuuu.com; phone_user_id=31; phone_user_avatar=http%3A%2F%2Foqi1zfida.bkt.clouddn.com%2Fupload%2Fjpeg%2Fd1f80cdeb3b802bd128bdaa479f01426.jpeg',
)
[ info ] [ PARAM ] array (
)
[ info ] [ CACHE ] INIT File
[ info ] [ BEHAVIOR ] Run \app\common\behaviors\LoadConfigBehavior @module_init [ RunTime:0.008273s ]
[ info ] [ DB ] INIT mysql
[ info ] [ RUN ] app\dcp\controller\Index->service_details[ D:\www\mlxyadmin\application\dcp\controller\Index.php ]
[ info ] [ VIEW ] D:\www\mlxyadmin\application\dcp\view\index\service_details.html [ array (
  0 => 'site_version',
  1 => 'static_path',
  2 => 'module_path',
  3 => 'lib_path',
  4 => 'service_list',
  5 => 'area',
  6 => 'country_list',
  7 => 'userid',
  8 => 'minedata',
  9 => 'service_id',
  10 => 'site_title',
) ]
[ info ] [ LOG ] INIT File
[ sql ] [ DB ] CONNECT:[ UseTime:0.002730s ] mysql:dbname=databases;host=localhost;port=3306;charset=utf8
[ sql ] [ SQL ] SHOW COLUMNS FROM `nd_cases_case_type` [ RunTime:0.009913s ]
[ sql ] [ SQL ] SELECT * FROM `nd_cases_case_type` ORDER BY sort desc [ RunTime:0.000600s ]
[ sql ] [ SQL ] SHOW COLUMNS FROM `nd_cases_area` [ RunTime:0.011579s ]
[ sql ] [ SQL ] SELECT * FROM `nd_cases_area` WHERE  `parent_id` = 0 [ RunTime:0.011483s ]
[ sql ] [ SQL ] SHOW COLUMNS FROM `nd_cases_country` [ RunTime:0.010224s ]
[ sql ] [ SQL ] SELECT * FROM `nd_cases_country` ORDER BY locate('Malaysia',ename) desc [ RunTime:0.000887s ]
[ sql ] [ SQL ] SHOW COLUMNS FROM `nd_cases_chatuser` [ RunTime:0.010298s ]
[ sql ] [ SQL ] SELECT `a_chatuser`.*,a_case_company.name as companyname FROM `nd_cases_chatuser` `a_chatuser` INNER JOIN `nd_cases_company` `a_case_company` ON `a_chatuser`.`company`=`a_case_company`.`id` WHERE  `a_chatuser`.`id` = '31' ORDER BY a_chatuser.sort desc LIMIT 1 [ RunTime:0.000432s ]
[ error ] [2]DOMDocument::loadHTML(): Tag section invalid in Entity, line: 34[D:\www\mlxyadmin\thinkcms\library\minify\HtmlMinify.php:21]
[ error ] [2]DOMDocument::loadHTML(): Unexpected end tag : option in Entity, line: 597[D:\www\mlxyadmin\thinkcms\library\minify\HtmlMinify.php:21]
[ error ] [2]DOMDocument::loadHTML(): Unexpected end tag : option in Entity, line: 601[D:\www\mlxyadmin\thinkcms\library\minify\HtmlMinify.php:21]
[ error ] [2]DOMDocument::loadHTML(): Unexpected end tag : option in Entity, line: 618[D:\www\mlxyadmin\thinkcms\library\minify\HtmlMinify.php:21]
[ error ] [2]DOMDocument::loadHTML(): Unexpected end tag : option in Entity, line: 621[D:\www\mlxyadmin\thinkcms\library\minify\HtmlMinify.php:21]
[ error ] [2]DOMDocument::loadHTML(): Unexpected end tag : option in Entity, line: 628[D:\www\mlxyadmin\thinkcms\library\minify\HtmlMinify.php:21]
[ error ] [2]DOMDocument::loadHTML(): Unexpected end tag : option in Entity, line: 633[D:\www\mlxyadmin\thinkcms\library\minify\HtmlMinify.php:21]
[ error ] [2]DOMDocument::loadHTML(): Unexpected end tag : option in Entity, line: 639[D:\www\mlxyadmin\thinkcms\library\minify\HtmlMinify.php:21]
[ error ] [2]DOMDocument::loadHTML(): Unexpected end tag : option in Entity, line: 641[D:\www\mlxyadmin\thinkcms\library\minify\HtmlMinify.php:21]
[ error ] [2]DOMDocument::loadHTML(): Unexpected end tag : span in Entity, line: 690[D:\www\mlxyadmin\thinkcms\library\minify\HtmlMinify.php:21]
[ error ] [2]DOMDocument::loadHTML(): Unexpected end tag : span in Entity, line: 693[D:\www\mlxyadmin\thinkcms\library\minify\HtmlMinify.php:21]
[ error ] [2]DOMDocument::loadHTML(): Unexpected end tag : span in Entity, line: 698[D:\www\mlxyadmin\thinkcms\library\minify\HtmlMinify.php:21]
---------------------------------------------------------------
[ 2018-01-31T16:18:31+08:00 ] 127.0.0.1 127.0.0.1 POST /module/cases/Interfaces/valid_login.html
[ info ] test.mlxyadmin.com:8080/module/cases/Interfaces/valid_login.html [运行时间：0.069188s][吞吐率：14.45req/s] [内存消耗：2,944.86kb] [文件加载：59]
[ info ] [ LANG ] D:\www\mlxyadmin\thinkphp\lang\zh-cn.php
[ info ] [ ROUTE ] array (
  'type' => 'module',
  'module' => 
  array (
    0 => 'manage',
    1 => 'loader',
    2 => 'run',
  ),
  'convert' => false,
)
[ info ] [ HEADER ] array (
  'host' => 'test.mlxyadmin.com:8080',
  'connection' => 'keep-alive',
  'content-length' => '0',
  'accept' => 'application/json, text/javascript, */*; q=0.01',
  'origin' => 'http://test.mlxyadmin.com:8080',
  'x-requested-with' => 'XMLHttpRequest',
  'user-agent' => 'Mozilla/5.0 (Windows NT 10.0; WOW64) AppleWebKit/537.36 (KHTML, like Gecko) Chrome/63.0.3239.9 Safari/537.36',
  'referer' => 'http://test.mlxyadmin.com:8080/Allianz/dcp',
  'accept-encoding' => 'gzip, deflate',
  'accept-language' => 'zh-CN,zh;q=0.9',
  'cookie' => 'amback=http%3A%2F%2Ftest.mlxyadmin.com%3A8080%2FAllianz%2Fdcp; phone_user_name=wangqiang%40meetuuu.com; phone_user_id=31; phone_user_avatar=http%3A%2F%2Foqi1zfida.bkt.clouddn.com%2Fupload%2Fjpeg%2Fd1f80cdeb3b802bd128bdaa479f01426.jpeg',
)
[ info ] [ PARAM ] array (
  '_module_' => 'cases',
  '_controller_' => 'Interfaces',
  '_action_' => 'valid_login',
)
[ info ] [ CACHE ] INIT File
[ info ] [ BEHAVIOR ] Run \app\common\behaviors\LoadConfigBehavior @module_init [ RunTime:0.008865s ]
[ info ] [ RUN ] app\manage\controller\Loader->run[ D:\www\mlxyadmin\application\manage\controller\Loader.php ]
[ info ] [ RUN ] module\cases\controller\Interfaces->valid_login[ D:\www\mlxyadmin\application\module\cases\controller\Interfaces.php ]
[ info ] [ LOG ] INIT File
---------------------------------------------------------------
[ 2018-01-31T16:19:30+08:00 ] 127.0.0.1 127.0.0.1 GET /Allianz/dcp
[ info ] test.mlxyadmin.com:8080/Allianz/dcp [运行时间：0.204312s][吞吐率：4.89req/s] [内存消耗：5,940.61kb] [文件加载：84]
[ info ] [ LANG ] D:\www\mlxyadmin\thinkphp\lang\zh-cn.php
[ info ] [ ROUTE ] array (
  'type' => 'module',
  'module' => 
  array (
    0 => 'dcp',
    1 => 'Index',
    2 => 'service_details',
  ),
  'convert' => false,
)
[ info ] [ HEADER ] array (
  'host' => 'test.mlxyadmin.com:8080',
  'connection' => 'keep-alive',
  'cache-control' => 'max-age=0',
  'user-agent' => 'Mozilla/5.0 (Windows NT 10.0; WOW64) AppleWebKit/537.36 (KHTML, like Gecko) Chrome/63.0.3239.9 Safari/537.36',
  'upgrade-insecure-requests' => '1',
  'accept' => 'text/html,application/xhtml+xml,application/xml;q=0.9,image/webp,image/apng,*/*;q=0.8',
  'referer' => 'http://test.mlxyadmin.com:8080/dcp/Login/index.html',
  'accept-encoding' => 'gzip, deflate',
  'accept-language' => 'zh-CN,zh;q=0.9',
  'cookie' => 'amback=http%3A%2F%2Ftest.mlxyadmin.com%3A8080%2FAllianz%2Fdcp; phone_user_name=wangqiang%40meetuuu.com; phone_user_id=31; phone_user_avatar=http%3A%2F%2Foqi1zfida.bkt.clouddn.com%2Fupload%2Fjpeg%2Fd1f80cdeb3b802bd128bdaa479f01426.jpeg',
)
[ info ] [ PARAM ] array (
)
[ info ] [ CACHE ] INIT File
[ info ] [ BEHAVIOR ] Run \app\common\behaviors\LoadConfigBehavior @module_init [ RunTime:0.008892s ]
[ info ] [ DB ] INIT mysql
[ info ] [ RUN ] app\dcp\controller\Index->service_details[ D:\www\mlxyadmin\application\dcp\controller\Index.php ]
[ info ] [ VIEW ] D:\www\mlxyadmin\application\dcp\view\index\service_details.html [ array (
  0 => 'site_version',
  1 => 'static_path',
  2 => 'module_path',
  3 => 'lib_path',
  4 => 'service_list',
  5 => 'area',
  6 => 'country_list',
  7 => 'userid',
  8 => 'minedata',
  9 => 'service_id',
  10 => 'site_title',
) ]
[ info ] [ LOG ] INIT File
[ sql ] [ DB ] CONNECT:[ UseTime:0.011549s ] mysql:dbname=databases;host=localhost;port=3306;charset=utf8
[ sql ] [ SQL ] SHOW COLUMNS FROM `nd_cases_case_type` [ RunTime:0.016222s ]
[ sql ] [ SQL ] SELECT * FROM `nd_cases_case_type` ORDER BY sort desc [ RunTime:0.000628s ]
[ sql ] [ SQL ] SHOW COLUMNS FROM `nd_cases_area` [ RunTime:0.012441s ]
[ sql ] [ SQL ] SELECT * FROM `nd_cases_area` WHERE  `parent_id` = 0 [ RunTime:0.013930s ]
[ sql ] [ SQL ] SHOW COLUMNS FROM `nd_cases_country` [ RunTime:0.013118s ]
[ sql ] [ SQL ] SELECT * FROM `nd_cases_country` ORDER BY locate('Malaysia',ename) desc [ RunTime:0.000994s ]
[ sql ] [ SQL ] SHOW COLUMNS FROM `nd_cases_chatuser` [ RunTime:0.012357s ]
[ sql ] [ SQL ] SELECT `a_chatuser`.*,a_case_company.name as companyname FROM `nd_cases_chatuser` `a_chatuser` INNER JOIN `nd_cases_company` `a_case_company` ON `a_chatuser`.`company`=`a_case_company`.`id` WHERE  `a_chatuser`.`id` = '31' ORDER BY a_chatuser.sort desc LIMIT 1 [ RunTime:0.000673s ]
[ error ] [2]DOMDocument::loadHTML(): Tag section invalid in Entity, line: 34[D:\www\mlxyadmin\thinkcms\library\minify\HtmlMinify.php:21]
[ error ] [2]DOMDocument::loadHTML(): Unexpected end tag : option in Entity, line: 597[D:\www\mlxyadmin\thinkcms\library\minify\HtmlMinify.php:21]
[ error ] [2]DOMDocument::loadHTML(): Unexpected end tag : option in Entity, line: 601[D:\www\mlxyadmin\thinkcms\library\minify\HtmlMinify.php:21]
[ error ] [2]DOMDocument::loadHTML(): Unexpected end tag : option in Entity, line: 618[D:\www\mlxyadmin\thinkcms\library\minify\HtmlMinify.php:21]
[ error ] [2]DOMDocument::loadHTML(): Unexpected end tag : option in Entity, line: 621[D:\www\mlxyadmin\thinkcms\library\minify\HtmlMinify.php:21]
[ error ] [2]DOMDocument::loadHTML(): Unexpected end tag : option in Entity, line: 628[D:\www\mlxyadmin\thinkcms\library\minify\HtmlMinify.php:21]
[ error ] [2]DOMDocument::loadHTML(): Unexpected end tag : option in Entity, line: 633[D:\www\mlxyadmin\thinkcms\library\minify\HtmlMinify.php:21]
[ error ] [2]DOMDocument::loadHTML(): Unexpected end tag : option in Entity, line: 639[D:\www\mlxyadmin\thinkcms\library\minify\HtmlMinify.php:21]
[ error ] [2]DOMDocument::loadHTML(): Unexpected end tag : option in Entity, line: 641[D:\www\mlxyadmin\thinkcms\library\minify\HtmlMinify.php:21]
[ error ] [2]DOMDocument::loadHTML(): Unexpected end tag : span in Entity, line: 690[D:\www\mlxyadmin\thinkcms\library\minify\HtmlMinify.php:21]
[ error ] [2]DOMDocument::loadHTML(): Unexpected end tag : span in Entity, line: 693[D:\www\mlxyadmin\thinkcms\library\minify\HtmlMinify.php:21]
[ error ] [2]DOMDocument::loadHTML(): Unexpected end tag : span in Entity, line: 698[D:\www\mlxyadmin\thinkcms\library\minify\HtmlMinify.php:21]
---------------------------------------------------------------
[ 2018-01-31T16:19:33+08:00 ] 127.0.0.1 127.0.0.1 POST /module/cases/Interfaces/valid_login.html
[ info ] test.mlxyadmin.com:8080/module/cases/Interfaces/valid_login.html [运行时间：0.076853s][吞吐率：13.01req/s] [内存消耗：2,944.86kb] [文件加载：59]
[ info ] [ LANG ] D:\www\mlxyadmin\thinkphp\lang\zh-cn.php
[ info ] [ ROUTE ] array (
  'type' => 'module',
  'module' => 
  array (
    0 => 'manage',
    1 => 'loader',
    2 => 'run',
  ),
  'convert' => false,
)
[ info ] [ HEADER ] array (
  'host' => 'test.mlxyadmin.com:8080',
  'connection' => 'keep-alive',
  'content-length' => '0',
  'accept' => 'application/json, text/javascript, */*; q=0.01',
  'origin' => 'http://test.mlxyadmin.com:8080',
  'x-requested-with' => 'XMLHttpRequest',
  'user-agent' => 'Mozilla/5.0 (Windows NT 10.0; WOW64) AppleWebKit/537.36 (KHTML, like Gecko) Chrome/63.0.3239.9 Safari/537.36',
  'referer' => 'http://test.mlxyadmin.com:8080/Allianz/dcp',
  'accept-encoding' => 'gzip, deflate',
  'accept-language' => 'zh-CN,zh;q=0.9',
  'cookie' => 'amback=http%3A%2F%2Ftest.mlxyadmin.com%3A8080%2FAllianz%2Fdcp; phone_user_name=wangqiang%40meetuuu.com; phone_user_id=31; phone_user_avatar=http%3A%2F%2Foqi1zfida.bkt.clouddn.com%2Fupload%2Fjpeg%2Fd1f80cdeb3b802bd128bdaa479f01426.jpeg',
)
[ info ] [ PARAM ] array (
  '_module_' => 'cases',
  '_controller_' => 'Interfaces',
  '_action_' => 'valid_login',
)
[ info ] [ CACHE ] INIT File
[ info ] [ BEHAVIOR ] Run \app\common\behaviors\LoadConfigBehavior @module_init [ RunTime:0.013261s ]
[ info ] [ RUN ] app\manage\controller\Loader->run[ D:\www\mlxyadmin\application\manage\controller\Loader.php ]
[ info ] [ RUN ] module\cases\controller\Interfaces->valid_login[ D:\www\mlxyadmin\application\module\cases\controller\Interfaces.php ]
[ info ] [ LOG ] INIT File
---------------------------------------------------------------
[ 2018-01-31T16:21:55+08:00 ] 127.0.0.1 127.0.0.1 GET /Allianz/dcp
[ info ] test.mlxyadmin.com:8080/Allianz/dcp [运行时间：0.198657s][吞吐率：5.03req/s] [内存消耗：5,940.54kb] [文件加载：84]
[ info ] [ LANG ] D:\www\mlxyadmin\thinkphp\lang\zh-cn.php
[ info ] [ ROUTE ] array (
  'type' => 'module',
  'module' => 
  array (
    0 => 'dcp',
    1 => 'Index',
    2 => 'service_details',
  ),
  'convert' => false,
)
[ info ] [ HEADER ] array (
  'host' => 'test.mlxyadmin.com:8080',
  'connection' => 'keep-alive',
  'cache-control' => 'max-age=0',
  'upgrade-insecure-requests' => '1',
  'user-agent' => 'Mozilla/5.0 (Windows NT 10.0; WOW64) AppleWebKit/537.36 (KHTML, like Gecko) Chrome/63.0.3239.9 Safari/537.36',
  'accept' => 'text/html,application/xhtml+xml,application/xml;q=0.9,image/webp,image/apng,*/*;q=0.8',
  'referer' => 'http://test.mlxyadmin.com:8080/dcp/Login/index.html',
  'accept-encoding' => 'gzip, deflate',
  'accept-language' => 'zh-CN,zh;q=0.9',
  'cookie' => 'amback=http%3A%2F%2Ftest.mlxyadmin.com%3A8080%2FAllianz%2Fdcp; phone_user_name=wangqiang%40meetuuu.com; phone_user_id=31; phone_user_avatar=http%3A%2F%2Foqi1zfida.bkt.clouddn.com%2Fupload%2Fjpeg%2Fd1f80cdeb3b802bd128bdaa479f01426.jpeg',
)
[ info ] [ PARAM ] array (
)
[ info ] [ CACHE ] INIT File
[ info ] [ BEHAVIOR ] Run \app\common\behaviors\LoadConfigBehavior @module_init [ RunTime:0.008325s ]
[ info ] [ DB ] INIT mysql
[ info ] [ RUN ] app\dcp\controller\Index->service_details[ D:\www\mlxyadmin\application\dcp\controller\Index.php ]
[ info ] [ VIEW ] D:\www\mlxyadmin\application\dcp\view\index\service_details.html [ array (
  0 => 'site_version',
  1 => 'static_path',
  2 => 'module_path',
  3 => 'lib_path',
  4 => 'service_list',
  5 => 'area',
  6 => 'country_list',
  7 => 'userid',
  8 => 'minedata',
  9 => 'service_id',
  10 => 'site_title',
) ]
[ info ] [ LOG ] INIT File
[ sql ] [ DB ] CONNECT:[ UseTime:0.011499s ] mysql:dbname=databases;host=localhost;port=3306;charset=utf8
[ sql ] [ SQL ] SHOW COLUMNS FROM `nd_cases_case_type` [ RunTime:0.010063s ]
[ sql ] [ SQL ] SELECT * FROM `nd_cases_case_type` ORDER BY sort desc [ RunTime:0.000630s ]
[ sql ] [ SQL ] SHOW COLUMNS FROM `nd_cases_area` [ RunTime:0.011264s ]
[ sql ] [ SQL ] SELECT * FROM `nd_cases_area` WHERE  `parent_id` = 0 [ RunTime:0.012657s ]
[ sql ] [ SQL ] SHOW COLUMNS FROM `nd_cases_country` [ RunTime:0.011557s ]
[ sql ] [ SQL ] SELECT * FROM `nd_cases_country` ORDER BY locate('Malaysia',ename) desc [ RunTime:0.000886s ]
[ sql ] [ SQL ] SHOW COLUMNS FROM `nd_cases_chatuser` [ RunTime:0.013217s ]
[ sql ] [ SQL ] SELECT `a_chatuser`.*,a_case_company.name as companyname FROM `nd_cases_chatuser` `a_chatuser` INNER JOIN `nd_cases_company` `a_case_company` ON `a_chatuser`.`company`=`a_case_company`.`id` WHERE  `a_chatuser`.`id` = '31' ORDER BY a_chatuser.sort desc LIMIT 1 [ RunTime:0.000532s ]
[ error ] [2]DOMDocument::loadHTML(): Tag section invalid in Entity, line: 34[D:\www\mlxyadmin\thinkcms\library\minify\HtmlMinify.php:21]
[ error ] [2]DOMDocument::loadHTML(): Unexpected end tag : option in Entity, line: 597[D:\www\mlxyadmin\thinkcms\library\minify\HtmlMinify.php:21]
[ error ] [2]DOMDocument::loadHTML(): Unexpected end tag : option in Entity, line: 601[D:\www\mlxyadmin\thinkcms\library\minify\HtmlMinify.php:21]
[ error ] [2]DOMDocument::loadHTML(): Unexpected end tag : option in Entity, line: 618[D:\www\mlxyadmin\thinkcms\library\minify\HtmlMinify.php:21]
[ error ] [2]DOMDocument::loadHTML(): Unexpected end tag : option in Entity, line: 621[D:\www\mlxyadmin\thinkcms\library\minify\HtmlMinify.php:21]
[ error ] [2]DOMDocument::loadHTML(): Unexpected end tag : option in Entity, line: 628[D:\www\mlxyadmin\thinkcms\library\minify\HtmlMinify.php:21]
[ error ] [2]DOMDocument::loadHTML(): Unexpected end tag : option in Entity, line: 633[D:\www\mlxyadmin\thinkcms\library\minify\HtmlMinify.php:21]
[ error ] [2]DOMDocument::loadHTML(): Unexpected end tag : option in Entity, line: 639[D:\www\mlxyadmin\thinkcms\library\minify\HtmlMinify.php:21]
[ error ] [2]DOMDocument::loadHTML(): Unexpected end tag : option in Entity, line: 641[D:\www\mlxyadmin\thinkcms\library\minify\HtmlMinify.php:21]
[ error ] [2]DOMDocument::loadHTML(): Unexpected end tag : span in Entity, line: 690[D:\www\mlxyadmin\thinkcms\library\minify\HtmlMinify.php:21]
[ error ] [2]DOMDocument::loadHTML(): Unexpected end tag : span in Entity, line: 693[D:\www\mlxyadmin\thinkcms\library\minify\HtmlMinify.php:21]
[ error ] [2]DOMDocument::loadHTML(): Unexpected end tag : span in Entity, line: 698[D:\www\mlxyadmin\thinkcms\library\minify\HtmlMinify.php:21]
---------------------------------------------------------------
[ 2018-01-31T16:21:58+08:00 ] 127.0.0.1 127.0.0.1 POST /module/cases/Interfaces/valid_login.html
[ info ] test.mlxyadmin.com:8080/module/cases/Interfaces/valid_login.html [运行时间：0.086572s][吞吐率：11.55req/s] [内存消耗：2,944.86kb] [文件加载：59]
[ info ] [ LANG ] D:\www\mlxyadmin\thinkphp\lang\zh-cn.php
[ info ] [ ROUTE ] array (
  'type' => 'module',
  'module' => 
  array (
    0 => 'manage',
    1 => 'loader',
    2 => 'run',
  ),
  'convert' => false,
)
[ info ] [ HEADER ] array (
  'host' => 'test.mlxyadmin.com:8080',
  'connection' => 'keep-alive',
  'content-length' => '0',
  'accept' => 'application/json, text/javascript, */*; q=0.01',
  'origin' => 'http://test.mlxyadmin.com:8080',
  'x-requested-with' => 'XMLHttpRequest',
  'user-agent' => 'Mozilla/5.0 (Windows NT 10.0; WOW64) AppleWebKit/537.36 (KHTML, like Gecko) Chrome/63.0.3239.9 Safari/537.36',
  'referer' => 'http://test.mlxyadmin.com:8080/Allianz/dcp',
  'accept-encoding' => 'gzip, deflate',
  'accept-language' => 'zh-CN,zh;q=0.9',
  'cookie' => 'amback=http%3A%2F%2Ftest.mlxyadmin.com%3A8080%2FAllianz%2Fdcp; phone_user_name=wangqiang%40meetuuu.com; phone_user_id=31; phone_user_avatar=http%3A%2F%2Foqi1zfida.bkt.clouddn.com%2Fupload%2Fjpeg%2Fd1f80cdeb3b802bd128bdaa479f01426.jpeg',
)
[ info ] [ PARAM ] array (
  '_module_' => 'cases',
  '_controller_' => 'Interfaces',
  '_action_' => 'valid_login',
)
[ info ] [ CACHE ] INIT File
[ info ] [ BEHAVIOR ] Run \app\common\behaviors\LoadConfigBehavior @module_init [ RunTime:0.012651s ]
[ info ] [ RUN ] app\manage\controller\Loader->run[ D:\www\mlxyadmin\application\manage\controller\Loader.php ]
[ info ] [ RUN ] module\cases\controller\Interfaces->valid_login[ D:\www\mlxyadmin\application\module\cases\controller\Interfaces.php ]
[ info ] [ LOG ] INIT File
---------------------------------------------------------------
[ 2018-01-31T16:22:16+08:00 ] 127.0.0.1 127.0.0.1 GET /Allianz/dcp
[ info ] test.mlxyadmin.com:8080/Allianz/dcp [运行时间：0.189586s][吞吐率：5.27req/s] [内存消耗：5,940.54kb] [文件加载：84]
[ info ] [ LANG ] D:\www\mlxyadmin\thinkphp\lang\zh-cn.php
[ info ] [ ROUTE ] array (
  'type' => 'module',
  'module' => 
  array (
    0 => 'dcp',
    1 => 'Index',
    2 => 'service_details',
  ),
  'convert' => false,
)
[ info ] [ HEADER ] array (
  'host' => 'test.mlxyadmin.com:8080',
  'connection' => 'keep-alive',
  'cache-control' => 'max-age=0',
  'upgrade-insecure-requests' => '1',
  'user-agent' => 'Mozilla/5.0 (Windows NT 10.0; WOW64) AppleWebKit/537.36 (KHTML, like Gecko) Chrome/63.0.3239.9 Safari/537.36',
  'accept' => 'text/html,application/xhtml+xml,application/xml;q=0.9,image/webp,image/apng,*/*;q=0.8',
  'referer' => 'http://test.mlxyadmin.com:8080/dcp/Login/index.html',
  'accept-encoding' => 'gzip, deflate',
  'accept-language' => 'zh-CN,zh;q=0.9',
  'cookie' => 'amback=http%3A%2F%2Ftest.mlxyadmin.com%3A8080%2FAllianz%2Fdcp; phone_user_name=wangqiang%40meetuuu.com; phone_user_id=31; phone_user_avatar=http%3A%2F%2Foqi1zfida.bkt.clouddn.com%2Fupload%2Fjpeg%2Fd1f80cdeb3b802bd128bdaa479f01426.jpeg',
)
[ info ] [ PARAM ] array (
)
[ info ] [ CACHE ] INIT File
[ info ] [ BEHAVIOR ] Run \app\common\behaviors\LoadConfigBehavior @module_init [ RunTime:0.006625s ]
[ info ] [ DB ] INIT mysql
[ info ] [ RUN ] app\dcp\controller\Index->service_details[ D:\www\mlxyadmin\application\dcp\controller\Index.php ]
[ info ] [ VIEW ] D:\www\mlxyadmin\application\dcp\view\index\service_details.html [ array (
  0 => 'site_version',
  1 => 'static_path',
  2 => 'module_path',
  3 => 'lib_path',
  4 => 'service_list',
  5 => 'area',
  6 => 'country_list',
  7 => 'userid',
  8 => 'minedata',
  9 => 'service_id',
  10 => 'site_title',
) ]
[ info ] [ LOG ] INIT File
[ sql ] [ DB ] CONNECT:[ UseTime:0.011656s ] mysql:dbname=databases;host=localhost;port=3306;charset=utf8
[ sql ] [ SQL ] SHOW COLUMNS FROM `nd_cases_case_type` [ RunTime:0.010199s ]
[ sql ] [ SQL ] SELECT * FROM `nd_cases_case_type` ORDER BY sort desc [ RunTime:0.000836s ]
[ sql ] [ SQL ] SHOW COLUMNS FROM `nd_cases_area` [ RunTime:0.011472s ]
[ sql ] [ SQL ] SELECT * FROM `nd_cases_area` WHERE  `parent_id` = 0 [ RunTime:0.012199s ]
[ sql ] [ SQL ] SHOW COLUMNS FROM `nd_cases_country` [ RunTime:0.010472s ]
[ sql ] [ SQL ] SELECT * FROM `nd_cases_country` ORDER BY locate('Malaysia',ename) desc [ RunTime:0.000777s ]
[ sql ] [ SQL ] SHOW COLUMNS FROM `nd_cases_chatuser` [ RunTime:0.011481s ]
[ sql ] [ SQL ] SELECT `a_chatuser`.*,a_case_company.name as companyname FROM `nd_cases_chatuser` `a_chatuser` INNER JOIN `nd_cases_company` `a_case_company` ON `a_chatuser`.`company`=`a_case_company`.`id` WHERE  `a_chatuser`.`id` = '31' ORDER BY a_chatuser.sort desc LIMIT 1 [ RunTime:0.000639s ]
[ error ] [2]DOMDocument::loadHTML(): Tag section invalid in Entity, line: 34[D:\www\mlxyadmin\thinkcms\library\minify\HtmlMinify.php:21]
[ error ] [2]DOMDocument::loadHTML(): Unexpected end tag : option in Entity, line: 597[D:\www\mlxyadmin\thinkcms\library\minify\HtmlMinify.php:21]
[ error ] [2]DOMDocument::loadHTML(): Unexpected end tag : option in Entity, line: 601[D:\www\mlxyadmin\thinkcms\library\minify\HtmlMinify.php:21]
[ error ] [2]DOMDocument::loadHTML(): Unexpected end tag : option in Entity, line: 618[D:\www\mlxyadmin\thinkcms\library\minify\HtmlMinify.php:21]
[ error ] [2]DOMDocument::loadHTML(): Unexpected end tag : option in Entity, line: 621[D:\www\mlxyadmin\thinkcms\library\minify\HtmlMinify.php:21]
[ error ] [2]DOMDocument::loadHTML(): Unexpected end tag : option in Entity, line: 628[D:\www\mlxyadmin\thinkcms\library\minify\HtmlMinify.php:21]
[ error ] [2]DOMDocument::loadHTML(): Unexpected end tag : option in Entity, line: 633[D:\www\mlxyadmin\thinkcms\library\minify\HtmlMinify.php:21]
[ error ] [2]DOMDocument::loadHTML(): Unexpected end tag : option in Entity, line: 639[D:\www\mlxyadmin\thinkcms\library\minify\HtmlMinify.php:21]
[ error ] [2]DOMDocument::loadHTML(): Unexpected end tag : option in Entity, line: 641[D:\www\mlxyadmin\thinkcms\library\minify\HtmlMinify.php:21]
[ error ] [2]DOMDocument::loadHTML(): Unexpected end tag : span in Entity, line: 690[D:\www\mlxyadmin\thinkcms\library\minify\HtmlMinify.php:21]
[ error ] [2]DOMDocument::loadHTML(): Unexpected end tag : span in Entity, line: 693[D:\www\mlxyadmin\thinkcms\library\minify\HtmlMinify.php:21]
[ error ] [2]DOMDocument::loadHTML(): Unexpected end tag : span in Entity, line: 698[D:\www\mlxyadmin\thinkcms\library\minify\HtmlMinify.php:21]
---------------------------------------------------------------
[ 2018-01-31T16:22:19+08:00 ] 127.0.0.1 127.0.0.1 POST /module/cases/Interfaces/valid_login.html
[ info ] test.mlxyadmin.com:8080/module/cases/Interfaces/valid_login.html [运行时间：0.069840s][吞吐率：14.32req/s] [内存消耗：2,944.86kb] [文件加载：59]
[ info ] [ LANG ] D:\www\mlxyadmin\thinkphp\lang\zh-cn.php
[ info ] [ ROUTE ] array (
  'type' => 'module',
  'module' => 
  array (
    0 => 'manage',
    1 => 'loader',
    2 => 'run',
  ),
  'convert' => false,
)
[ info ] [ HEADER ] array (
  'host' => 'test.mlxyadmin.com:8080',
  'connection' => 'keep-alive',
  'content-length' => '0',
  'accept' => 'application/json, text/javascript, */*; q=0.01',
  'origin' => 'http://test.mlxyadmin.com:8080',
  'x-requested-with' => 'XMLHttpRequest',
  'user-agent' => 'Mozilla/5.0 (Windows NT 10.0; WOW64) AppleWebKit/537.36 (KHTML, like Gecko) Chrome/63.0.3239.9 Safari/537.36',
  'referer' => 'http://test.mlxyadmin.com:8080/Allianz/dcp',
  'accept-encoding' => 'gzip, deflate',
  'accept-language' => 'zh-CN,zh;q=0.9',
  'cookie' => 'amback=http%3A%2F%2Ftest.mlxyadmin.com%3A8080%2FAllianz%2Fdcp; phone_user_name=wangqiang%40meetuuu.com; phone_user_id=31; phone_user_avatar=http%3A%2F%2Foqi1zfida.bkt.clouddn.com%2Fupload%2Fjpeg%2Fd1f80cdeb3b802bd128bdaa479f01426.jpeg',
)
[ info ] [ PARAM ] array (
  '_module_' => 'cases',
  '_controller_' => 'Interfaces',
  '_action_' => 'valid_login',
)
[ info ] [ CACHE ] INIT File
[ info ] [ BEHAVIOR ] Run \app\common\behaviors\LoadConfigBehavior @module_init [ RunTime:0.008611s ]
[ info ] [ RUN ] app\manage\controller\Loader->run[ D:\www\mlxyadmin\application\manage\controller\Loader.php ]
[ info ] [ RUN ] module\cases\controller\Interfaces->valid_login[ D:\www\mlxyadmin\application\module\cases\controller\Interfaces.php ]
[ info ] [ LOG ] INIT File
