---------------------------------------------------------------
[ 2018-02-01T12:22:34+08:00 ] 127.0.0.1 127.0.0.1 GET /Allianz/dcp
[ info ] test.mlxyadmin.com:8080/Allianz/dcp [运行时间：0.196380s][吞吐率：5.09req/s] [内存消耗：5,729.32kb] [文件加载：83]
[ info ] [ LANG ] D:\www\mlxyadmin\thinkphp\lang\zh-cn.php
[ info ] [ ROUTE ] array (
  'type' => 'module',
  'module' => 
  array (
    0 => 'dcp',
    1 => 'Index',
    2 => 'service_details',
  ),
  'convert' => false,
)
[ info ] [ HEADER ] array (
  'host' => 'test.mlxyadmin.com:8080',
  'connection' => 'keep-alive',
  'user-agent' => 'Mozilla/5.0 (Windows NT 10.0; WOW64) AppleWebKit/537.36 (KHTML, like Gecko) Chrome/63.0.3239.9 Safari/537.36',
  'upgrade-insecure-requests' => '1',
  'accept' => 'text/html,application/xhtml+xml,application/xml;q=0.9,image/webp,image/apng,*/*;q=0.8',
  'accept-encoding' => 'gzip, deflate',
  'accept-language' => 'zh-CN,zh;q=0.9',
)
[ info ] [ PARAM ] array (
)
[ info ] [ CACHE ] INIT File
[ info ] [ DB ] INIT mysql
[ info ] [ BEHAVIOR ] Run \app\common\behaviors\LoadConfigBehavior @module_init [ RunTime:0.042068s ]
[ info ] [ RUN ] app\dcp\controller\Index->service_details[ D:\www\mlxyadmin\application\dcp\controller\Index.php ]
[ info ] [ VIEW ] D:\www\mlxyadmin\application\dcp\view\index\service_details.html [ array (
  0 => 'site_version',
  1 => 'static_path',
  2 => 'module_path',
  3 => 'lib_path',
  4 => 'service_list',
  5 => 'area',
  6 => 'country_list',
  7 => 'userid',
  8 => 'minedata',
  9 => 'service_id',
  10 => 'site_title',
) ]
[ info ] [ LOG ] INIT File
[ sql ] [ DB ] CONNECT:[ UseTime:0.002009s ] mysql:dbname=databases;host=localhost;port=3306;charset=utf8
[ sql ] [ SQL ] SHOW COLUMNS FROM `nd_manage_config` [ RunTime:0.014096s ]
[ sql ] [ SQL ] SELECT * FROM `nd_manage_config` [ RunTime:0.000535s ]
[ sql ] [ SQL ] SHOW COLUMNS FROM `nd_cases_case_type` [ RunTime:0.012318s ]
[ sql ] [ SQL ] SELECT * FROM `nd_cases_case_type` ORDER BY sort desc [ RunTime:0.000327s ]
[ sql ] [ SQL ] SHOW COLUMNS FROM `nd_cases_area` [ RunTime:0.009819s ]
[ sql ] [ SQL ] SELECT * FROM `nd_cases_area` WHERE  `parent_id` = 0 [ RunTime:0.011513s ]
[ sql ] [ SQL ] SHOW COLUMNS FROM `nd_cases_country` [ RunTime:0.010297s ]
[ sql ] [ SQL ] SELECT * FROM `nd_cases_country` ORDER BY locate('Malaysia',ename) desc [ RunTime:0.000915s ]
[ sql ] [ SQL ] SHOW COLUMNS FROM `nd_cases_chatuser` [ RunTime:0.009857s ]
[ sql ] [ SQL ] SELECT `a_chatuser`.*,a_case_company.name as companyname FROM `nd_cases_chatuser` `a_chatuser` INNER JOIN `nd_cases_company` `a_case_company` ON `a_chatuser`.`company`=`a_case_company`.`id` ORDER BY a_chatuser.sort desc LIMIT 1 [ RunTime:0.006112s ]
[ error ] [2]DOMDocument::loadHTML(): Tag section invalid in Entity, line: 34[D:\www\mlxyadmin\thinkcms\library\minify\HtmlMinify.php:21]
[ error ] [2]DOMDocument::loadHTML(): Unexpected end tag : option in Entity, line: 596[D:\www\mlxyadmin\thinkcms\library\minify\HtmlMinify.php:21]
[ error ] [2]DOMDocument::loadHTML(): Unexpected end tag : option in Entity, line: 600[D:\www\mlxyadmin\thinkcms\library\minify\HtmlMinify.php:21]
[ error ] [2]DOMDocument::loadHTML(): Unexpected end tag : option in Entity, line: 617[D:\www\mlxyadmin\thinkcms\library\minify\HtmlMinify.php:21]
[ error ] [2]DOMDocument::loadHTML(): Unexpected end tag : option in Entity, line: 620[D:\www\mlxyadmin\thinkcms\library\minify\HtmlMinify.php:21]
[ error ] [2]DOMDocument::loadHTML(): Unexpected end tag : option in Entity, line: 627[D:\www\mlxyadmin\thinkcms\library\minify\HtmlMinify.php:21]
[ error ] [2]DOMDocument::loadHTML(): Unexpected end tag : option in Entity, line: 632[D:\www\mlxyadmin\thinkcms\library\minify\HtmlMinify.php:21]
[ error ] [2]DOMDocument::loadHTML(): Unexpected end tag : option in Entity, line: 638[D:\www\mlxyadmin\thinkcms\library\minify\HtmlMinify.php:21]
[ error ] [2]DOMDocument::loadHTML(): Unexpected end tag : option in Entity, line: 640[D:\www\mlxyadmin\thinkcms\library\minify\HtmlMinify.php:21]
[ error ] [2]DOMDocument::loadHTML(): Unexpected end tag : span in Entity, line: 689[D:\www\mlxyadmin\thinkcms\library\minify\HtmlMinify.php:21]
[ error ] [2]DOMDocument::loadHTML(): Unexpected end tag : span in Entity, line: 692[D:\www\mlxyadmin\thinkcms\library\minify\HtmlMinify.php:21]
[ error ] [2]DOMDocument::loadHTML(): Unexpected end tag : span in Entity, line: 697[D:\www\mlxyadmin\thinkcms\library\minify\HtmlMinify.php:21]
---------------------------------------------------------------
[ 2018-02-01T12:22:36+08:00 ] 127.0.0.1 127.0.0.1 GET /dcp/Login/index.html
[ info ] test.mlxyadmin.com:8080/dcp/Login/index.html [运行时间：0.092476s][吞吐率：10.81req/s] [内存消耗：3,687.14kb] [文件加载：70]
[ info ] [ LANG ] D:\www\mlxyadmin\thinkphp\lang\zh-cn.php
[ info ] [ ROUTE ] array (
  'type' => 'module',
  'module' => 
  array (
    0 => 'dcp',
    1 => 'Login',
    2 => 'index',
  ),
)
[ info ] [ HEADER ] array (
  'host' => 'test.mlxyadmin.com:8080',
  'connection' => 'keep-alive',
  'upgrade-insecure-requests' => '1',
  'user-agent' => 'Mozilla/5.0 (Windows NT 10.0; WOW64) AppleWebKit/537.36 (KHTML, like Gecko) Chrome/63.0.3239.9 Safari/537.36',
  'accept' => 'text/html,application/xhtml+xml,application/xml;q=0.9,image/webp,image/apng,*/*;q=0.8',
  'referer' => 'http://test.mlxyadmin.com:8080/Allianz/dcp',
  'accept-encoding' => 'gzip, deflate',
  'accept-language' => 'zh-CN,zh;q=0.9',
  'cookie' => 'amback=http%3A%2F%2Ftest.mlxyadmin.com%3A8080%2FAllianz%2Fdcp',
)
[ info ] [ PARAM ] array (
)
[ info ] [ CACHE ] INIT File
[ info ] [ BEHAVIOR ] Run \app\common\behaviors\LoadConfigBehavior @module_init [ RunTime:0.010992s ]
[ info ] [ RUN ] app\dcp\controller\Login->index[ D:\www\mlxyadmin\application\dcp\controller\Login.php ]
[ info ] [ VIEW ] D:\www\mlxyadmin\application\dcp\view\login\index.html [ array (
  0 => 'site_version',
  1 => 'static_path',
  2 => 'module_path',
  3 => 'lib_path',
  4 => 'site_title',
) ]
[ info ] [ LOG ] INIT File
---------------------------------------------------------------
[ 2018-02-01T12:22:39+08:00 ] 127.0.0.1 127.0.0.1 POST /dcp/login/dologin.html
[ info ] test.mlxyadmin.com:8080/dcp/login/dologin.html [运行时间：0.076719s][吞吐率：13.03req/s] [内存消耗：4,283.46kb] [文件加载：63]
[ info ] [ LANG ] D:\www\mlxyadmin\thinkphp\lang\zh-cn.php
[ info ] [ ROUTE ] array (
  'type' => 'module',
  'module' => 
  array (
    0 => 'dcp',
    1 => 'login',
    2 => 'dologin',
  ),
)
[ info ] [ HEADER ] array (
  'host' => 'test.mlxyadmin.com:8080',
  'connection' => 'keep-alive',
  'content-length' => '41',
  'accept' => '*/*',
  'origin' => 'http://test.mlxyadmin.com:8080',
  'x-requested-with' => 'XMLHttpRequest',
  'user-agent' => 'Mozilla/5.0 (Windows NT 10.0; WOW64) AppleWebKit/537.36 (KHTML, like Gecko) Chrome/63.0.3239.9 Safari/537.36',
  'content-type' => 'application/x-www-form-urlencoded; charset=UTF-8',
  'referer' => 'http://test.mlxyadmin.com:8080/dcp/Login/index.html',
  'accept-encoding' => 'gzip, deflate',
  'accept-language' => 'zh-CN,zh;q=0.9',
  'cookie' => 'amback=http%3A%2F%2Ftest.mlxyadmin.com%3A8080%2FAllianz%2Fdcp',
)
[ info ] [ PARAM ] array (
  'user_name' => 'wangqiang@meetuuu.com',
  'pwd' => '123',
)
[ info ] [ CACHE ] INIT File
[ info ] [ BEHAVIOR ] Run \app\common\behaviors\LoadConfigBehavior @module_init [ RunTime:0.006668s ]
[ info ] [ RUN ] app\dcp\controller\Login->doLogin[ D:\www\mlxyadmin\application\dcp\controller\Login.php ]
[ info ] [ DB ] INIT mysql
[ info ] [ LOG ] INIT File
[ sql ] [ DB ] CONNECT:[ UseTime:0.011004s ] mysql:dbname=databases;host=localhost;port=3306;charset=utf8
[ sql ] [ SQL ] SHOW COLUMNS FROM `nd_cases_chatuser` [ RunTime:0.009677s ]
[ sql ] [ SQL ] SELECT `id`,`user_name`,`pwd`,`sign`,`avatar`,`is_manager` FROM `nd_cases_chatuser` WHERE  `user_name` = 'wangqiang@meetuuu.com'  AND `u_status` = 1 LIMIT 1 [ RunTime:0.000471s ]
[ sql ] [ SQL ] UPDATE `nd_cases_chatuser`  SET `status`=1  WHERE  `id` = 31 [ RunTime:0.000396s ]
---------------------------------------------------------------
[ 2018-02-01T12:22:40+08:00 ] 127.0.0.1 127.0.0.1 GET /Allianz/dcp
[ info ] test.mlxyadmin.com:8080/Allianz/dcp [运行时间：0.168340s][吞吐率：5.94req/s] [内存消耗：5,661.93kb] [文件加载：82]
[ info ] [ LANG ] D:\www\mlxyadmin\thinkphp\lang\zh-cn.php
[ info ] [ ROUTE ] array (
  'type' => 'module',
  'module' => 
  array (
    0 => 'dcp',
    1 => 'Index',
    2 => 'service_details',
  ),
  'convert' => false,
)
[ info ] [ HEADER ] array (
  'host' => 'test.mlxyadmin.com:8080',
  'connection' => 'keep-alive',
  'upgrade-insecure-requests' => '1',
  'user-agent' => 'Mozilla/5.0 (Windows NT 10.0; WOW64) AppleWebKit/537.36 (KHTML, like Gecko) Chrome/63.0.3239.9 Safari/537.36',
  'accept' => 'text/html,application/xhtml+xml,application/xml;q=0.9,image/webp,image/apng,*/*;q=0.8',
  'referer' => 'http://test.mlxyadmin.com:8080/dcp/Login/index.html',
  'accept-encoding' => 'gzip, deflate',
  'accept-language' => 'zh-CN,zh;q=0.9',
  'cookie' => 'amback=http%3A%2F%2Ftest.mlxyadmin.com%3A8080%2FAllianz%2Fdcp; phone_user_name=wangqiang%40meetuuu.com; phone_user_id=31; phone_user_avatar=http%3A%2F%2Foqi1zfida.bkt.clouddn.com%2Fupload%2Fjpeg%2Fd1f80cdeb3b802bd128bdaa479f01426.jpeg',
)
[ info ] [ PARAM ] array (
)
[ info ] [ CACHE ] INIT File
[ info ] [ BEHAVIOR ] Run \app\common\behaviors\LoadConfigBehavior @module_init [ RunTime:0.006981s ]
[ info ] [ DB ] INIT mysql
[ info ] [ RUN ] app\dcp\controller\Index->service_details[ D:\www\mlxyadmin\application\dcp\controller\Index.php ]
[ info ] [ VIEW ] D:\www\mlxyadmin\application\dcp\view\index\service_details.html [ array (
  0 => 'site_version',
  1 => 'static_path',
  2 => 'module_path',
  3 => 'lib_path',
  4 => 'service_list',
  5 => 'area',
  6 => 'country_list',
  7 => 'userid',
  8 => 'minedata',
  9 => 'service_id',
  10 => 'site_title',
) ]
[ info ] [ LOG ] INIT File
[ sql ] [ DB ] CONNECT:[ UseTime:0.001503s ] mysql:dbname=databases;host=localhost;port=3306;charset=utf8
[ sql ] [ SQL ] SHOW COLUMNS FROM `nd_cases_case_type` [ RunTime:0.013288s ]
[ sql ] [ SQL ] SELECT * FROM `nd_cases_case_type` ORDER BY sort desc [ RunTime:0.000960s ]
[ sql ] [ SQL ] SHOW COLUMNS FROM `nd_cases_area` [ RunTime:0.016991s ]
[ sql ] [ SQL ] SELECT * FROM `nd_cases_area` WHERE  `parent_id` = 0 [ RunTime:0.012749s ]
[ sql ] [ SQL ] SHOW COLUMNS FROM `nd_cases_country` [ RunTime:0.014296s ]
[ sql ] [ SQL ] SELECT * FROM `nd_cases_country` ORDER BY locate('Malaysia',ename) desc [ RunTime:0.000896s ]
[ sql ] [ SQL ] SHOW COLUMNS FROM `nd_cases_chatuser` [ RunTime:0.013854s ]
[ sql ] [ SQL ] SELECT `a_chatuser`.*,a_case_company.name as companyname FROM `nd_cases_chatuser` `a_chatuser` INNER JOIN `nd_cases_company` `a_case_company` ON `a_chatuser`.`company`=`a_case_company`.`id` WHERE  `a_chatuser`.`id` = '31' ORDER BY a_chatuser.sort desc LIMIT 1 [ RunTime:0.000775s ]
[ error ] [2]DOMDocument::loadHTML(): Tag section invalid in Entity, line: 34[D:\www\mlxyadmin\thinkcms\library\minify\HtmlMinify.php:21]
[ error ] [2]DOMDocument::loadHTML(): Unexpected end tag : option in Entity, line: 597[D:\www\mlxyadmin\thinkcms\library\minify\HtmlMinify.php:21]
[ error ] [2]DOMDocument::loadHTML(): Unexpected end tag : option in Entity, line: 601[D:\www\mlxyadmin\thinkcms\library\minify\HtmlMinify.php:21]
[ error ] [2]DOMDocument::loadHTML(): Unexpected end tag : option in Entity, line: 618[D:\www\mlxyadmin\thinkcms\library\minify\HtmlMinify.php:21]
[ error ] [2]DOMDocument::loadHTML(): Unexpected end tag : option in Entity, line: 621[D:\www\mlxyadmin\thinkcms\library\minify\HtmlMinify.php:21]
[ error ] [2]DOMDocument::loadHTML(): Unexpected end tag : option in Entity, line: 628[D:\www\mlxyadmin\thinkcms\library\minify\HtmlMinify.php:21]
[ error ] [2]DOMDocument::loadHTML(): Unexpected end tag : option in Entity, line: 633[D:\www\mlxyadmin\thinkcms\library\minify\HtmlMinify.php:21]
[ error ] [2]DOMDocument::loadHTML(): Unexpected end tag : option in Entity, line: 639[D:\www\mlxyadmin\thinkcms\library\minify\HtmlMinify.php:21]
[ error ] [2]DOMDocument::loadHTML(): Unexpected end tag : option in Entity, line: 641[D:\www\mlxyadmin\thinkcms\library\minify\HtmlMinify.php:21]
[ error ] [2]DOMDocument::loadHTML(): Unexpected end tag : span in Entity, line: 690[D:\www\mlxyadmin\thinkcms\library\minify\HtmlMinify.php:21]
[ error ] [2]DOMDocument::loadHTML(): Unexpected end tag : span in Entity, line: 693[D:\www\mlxyadmin\thinkcms\library\minify\HtmlMinify.php:21]
[ error ] [2]DOMDocument::loadHTML(): Unexpected end tag : span in Entity, line: 698[D:\www\mlxyadmin\thinkcms\library\minify\HtmlMinify.php:21]
---------------------------------------------------------------
[ 2018-02-01T12:22:42+08:00 ] 127.0.0.1 127.0.0.1 GET /dcp/Login/logout.html
[ info ] test.mlxyadmin.com:8080/dcp/Login/logout.html [运行时间：0.069058s][吞吐率：14.48req/s] [内存消耗：3,656.09kb] [文件加载：72]
[ info ] [ LANG ] D:\www\mlxyadmin\thinkphp\lang\zh-cn.php
[ info ] [ ROUTE ] array (
  'type' => 'module',
  'module' => 
  array (
    0 => 'dcp',
    1 => 'Login',
    2 => 'logout',
  ),
)
[ info ] [ HEADER ] array (
  'host' => 'test.mlxyadmin.com:8080',
  'connection' => 'keep-alive',
  'upgrade-insecure-requests' => '1',
  'user-agent' => 'Mozilla/5.0 (Windows NT 10.0; WOW64) AppleWebKit/537.36 (KHTML, like Gecko) Chrome/63.0.3239.9 Safari/537.36',
  'accept' => 'text/html,application/xhtml+xml,application/xml;q=0.9,image/webp,image/apng,*/*;q=0.8',
  'referer' => 'http://test.mlxyadmin.com:8080/Allianz/dcp',
  'accept-encoding' => 'gzip, deflate',
  'accept-language' => 'zh-CN,zh;q=0.9',
  'cookie' => 'amback=http%3A%2F%2Ftest.mlxyadmin.com%3A8080%2FAllianz%2Fdcp; phone_user_name=wangqiang%40meetuuu.com; phone_user_id=31; phone_user_avatar=http%3A%2F%2Foqi1zfida.bkt.clouddn.com%2Fupload%2Fjpeg%2Fd1f80cdeb3b802bd128bdaa479f01426.jpeg',
)
[ info ] [ PARAM ] array (
)
[ info ] [ CACHE ] INIT File
[ info ] [ BEHAVIOR ] Run \app\common\behaviors\LoadConfigBehavior @module_init [ RunTime:0.007772s ]
[ info ] [ RUN ] app\dcp\controller\Login->logout[ D:\www\mlxyadmin\application\dcp\controller\Login.php ]
[ info ] [ VIEW ] D:\www\mlxyadmin\application\manage\view\common\jump.html [ array (
  0 => 'site_version',
  1 => 'static_path',
  2 => 'module_path',
  3 => 'lib_path',
  4 => 'code',
  5 => 'msg',
  6 => 'url',
  7 => 'data',
  8 => 'wait',
) ]
[ info ] [ LOG ] INIT File
---------------------------------------------------------------
[ 2018-02-01T12:22:44+08:00 ] 127.0.0.1 127.0.0.1 GET /Allianz/dcp
[ info ] test.mlxyadmin.com:8080/Allianz/dcp [运行时间：0.151388s][吞吐率：6.61req/s] [内存消耗：5,659.85kb] [文件加载：82]
[ info ] [ LANG ] D:\www\mlxyadmin\thinkphp\lang\zh-cn.php
[ info ] [ ROUTE ] array (
  'type' => 'module',
  'module' => 
  array (
    0 => 'dcp',
    1 => 'Index',
    2 => 'service_details',
  ),
  'convert' => false,
)
[ info ] [ HEADER ] array (
  'host' => 'test.mlxyadmin.com:8080',
  'connection' => 'keep-alive',
  'upgrade-insecure-requests' => '1',
  'user-agent' => 'Mozilla/5.0 (Windows NT 10.0; WOW64) AppleWebKit/537.36 (KHTML, like Gecko) Chrome/63.0.3239.9 Safari/537.36',
  'accept' => 'text/html,application/xhtml+xml,application/xml;q=0.9,image/webp,image/apng,*/*;q=0.8',
  'referer' => 'http://test.mlxyadmin.com:8080/dcp/Login/logout.html',
  'accept-encoding' => 'gzip, deflate',
  'accept-language' => 'zh-CN,zh;q=0.9',
  'cookie' => 'amback=http%3A%2F%2Ftest.mlxyadmin.com%3A8080%2FAllianz%2Fdcp',
)
[ info ] [ PARAM ] array (
)
[ info ] [ CACHE ] INIT File
[ info ] [ BEHAVIOR ] Run \app\common\behaviors\LoadConfigBehavior @module_init [ RunTime:0.007946s ]
[ info ] [ DB ] INIT mysql
[ info ] [ RUN ] app\dcp\controller\Index->service_details[ D:\www\mlxyadmin\application\dcp\controller\Index.php ]
[ info ] [ VIEW ] D:\www\mlxyadmin\application\dcp\view\index\service_details.html [ array (
  0 => 'site_version',
  1 => 'static_path',
  2 => 'module_path',
  3 => 'lib_path',
  4 => 'service_list',
  5 => 'area',
  6 => 'country_list',
  7 => 'userid',
  8 => 'minedata',
  9 => 'service_id',
  10 => 'site_title',
) ]
[ info ] [ LOG ] INIT File
[ sql ] [ DB ] CONNECT:[ UseTime:0.012680s ] mysql:dbname=databases;host=localhost;port=3306;charset=utf8
[ sql ] [ SQL ] SHOW COLUMNS FROM `nd_cases_case_type` [ RunTime:0.010336s ]
[ sql ] [ SQL ] SELECT * FROM `nd_cases_case_type` ORDER BY sort desc [ RunTime:0.000492s ]
[ sql ] [ SQL ] SHOW COLUMNS FROM `nd_cases_area` [ RunTime:0.009986s ]
[ sql ] [ SQL ] SELECT * FROM `nd_cases_area` WHERE  `parent_id` = 0 [ RunTime:0.011556s ]
[ sql ] [ SQL ] SHOW COLUMNS FROM `nd_cases_country` [ RunTime:0.009386s ]
[ sql ] [ SQL ] SELECT * FROM `nd_cases_country` ORDER BY locate('Malaysia',ename) desc [ RunTime:0.000844s ]
[ sql ] [ SQL ] SHOW COLUMNS FROM `nd_cases_chatuser` [ RunTime:0.009436s ]
[ sql ] [ SQL ] SELECT `a_chatuser`.*,a_case_company.name as companyname FROM `nd_cases_chatuser` `a_chatuser` INNER JOIN `nd_cases_company` `a_case_company` ON `a_chatuser`.`company`=`a_case_company`.`id` ORDER BY a_chatuser.sort desc LIMIT 1 [ RunTime:0.005516s ]
[ error ] [2]DOMDocument::loadHTML(): Tag section invalid in Entity, line: 34[D:\www\mlxyadmin\thinkcms\library\minify\HtmlMinify.php:21]
[ error ] [2]DOMDocument::loadHTML(): Unexpected end tag : option in Entity, line: 596[D:\www\mlxyadmin\thinkcms\library\minify\HtmlMinify.php:21]
[ error ] [2]DOMDocument::loadHTML(): Unexpected end tag : option in Entity, line: 600[D:\www\mlxyadmin\thinkcms\library\minify\HtmlMinify.php:21]
[ error ] [2]DOMDocument::loadHTML(): Unexpected end tag : option in Entity, line: 617[D:\www\mlxyadmin\thinkcms\library\minify\HtmlMinify.php:21]
[ error ] [2]DOMDocument::loadHTML(): Unexpected end tag : option in Entity, line: 620[D:\www\mlxyadmin\thinkcms\library\minify\HtmlMinify.php:21]
[ error ] [2]DOMDocument::loadHTML(): Unexpected end tag : option in Entity, line: 627[D:\www\mlxyadmin\thinkcms\library\minify\HtmlMinify.php:21]
[ error ] [2]DOMDocument::loadHTML(): Unexpected end tag : option in Entity, line: 632[D:\www\mlxyadmin\thinkcms\library\minify\HtmlMinify.php:21]
[ error ] [2]DOMDocument::loadHTML(): Unexpected end tag : option in Entity, line: 638[D:\www\mlxyadmin\thinkcms\library\minify\HtmlMinify.php:21]
[ error ] [2]DOMDocument::loadHTML(): Unexpected end tag : option in Entity, line: 640[D:\www\mlxyadmin\thinkcms\library\minify\HtmlMinify.php:21]
[ error ] [2]DOMDocument::loadHTML(): Unexpected end tag : span in Entity, line: 689[D:\www\mlxyadmin\thinkcms\library\minify\HtmlMinify.php:21]
[ error ] [2]DOMDocument::loadHTML(): Unexpected end tag : span in Entity, line: 692[D:\www\mlxyadmin\thinkcms\library\minify\HtmlMinify.php:21]
[ error ] [2]DOMDocument::loadHTML(): Unexpected end tag : span in Entity, line: 697[D:\www\mlxyadmin\thinkcms\library\minify\HtmlMinify.php:21]
---------------------------------------------------------------
[ 2018-02-01T13:02:54+08:00 ] 127.0.0.1 127.0.0.1 GET /Allianz/dcp
[ info ] test.mlxyadmin.com:8080/Allianz/dcp [运行时间：0.211466s][吞吐率：4.73req/s] [内存消耗：5,730.06kb] [文件加载：83]
[ info ] [ LANG ] D:\www\mlxyadmin\thinkphp\lang\zh-cn.php
[ info ] [ ROUTE ] array (
  'type' => 'module',
  'module' => 
  array (
    0 => 'dcp',
    1 => 'Index',
    2 => 'service_details',
  ),
  'convert' => false,
)
[ info ] [ HEADER ] array (
  'host' => 'test.mlxyadmin.com:8080',
  'connection' => 'keep-alive',
  'user-agent' => 'Mozilla/5.0 (Windows NT 10.0; WOW64) AppleWebKit/537.36 (KHTML, like Gecko) Chrome/63.0.3239.9 Safari/537.36',
  'upgrade-insecure-requests' => '1',
  'accept' => 'text/html,application/xhtml+xml,application/xml;q=0.9,image/webp,image/apng,*/*;q=0.8',
  'accept-encoding' => 'gzip, deflate',
  'accept-language' => 'zh-CN,zh;q=0.9',
  'cookie' => 'amback=http%3A%2F%2Ftest.mlxyadmin.com%3A8080%2FAllianz%2Fdcp',
)
[ info ] [ PARAM ] array (
)
[ info ] [ CACHE ] INIT File
[ info ] [ DB ] INIT mysql
[ info ] [ BEHAVIOR ] Run \app\common\behaviors\LoadConfigBehavior @module_init [ RunTime:0.043990s ]
[ info ] [ RUN ] app\dcp\controller\Index->service_details[ D:\www\mlxyadmin\application\dcp\controller\Index.php ]
[ info ] [ VIEW ] D:\www\mlxyadmin\application\dcp\view\index\service_details.html [ array (
  0 => 'site_version',
  1 => 'static_path',
  2 => 'module_path',
  3 => 'lib_path',
  4 => 'service_list',
  5 => 'area',
  6 => 'country_list',
  7 => 'userid',
  8 => 'minedata',
  9 => 'service_id',
  10 => 'site_title',
) ]
[ info ] [ LOG ] INIT File
[ sql ] [ DB ] CONNECT:[ UseTime:0.003416s ] mysql:dbname=databases;host=localhost;port=3306;charset=utf8
[ sql ] [ SQL ] SHOW COLUMNS FROM `nd_manage_config` [ RunTime:0.011750s ]
[ sql ] [ SQL ] SELECT * FROM `nd_manage_config` [ RunTime:0.000542s ]
[ sql ] [ SQL ] SHOW COLUMNS FROM `nd_cases_case_type` [ RunTime:0.012988s ]
[ sql ] [ SQL ] SELECT * FROM `nd_cases_case_type` ORDER BY sort desc [ RunTime:0.000306s ]
[ sql ] [ SQL ] SHOW COLUMNS FROM `nd_cases_area` [ RunTime:0.011783s ]
[ sql ] [ SQL ] SELECT * FROM `nd_cases_area` WHERE  `parent_id` = 0 [ RunTime:0.012711s ]
[ sql ] [ SQL ] SHOW COLUMNS FROM `nd_cases_country` [ RunTime:0.011078s ]
[ sql ] [ SQL ] SELECT * FROM `nd_cases_country` ORDER BY locate('Malaysia',ename) desc [ RunTime:0.001079s ]
[ sql ] [ SQL ] SHOW COLUMNS FROM `nd_cases_chatuser` [ RunTime:0.012103s ]
[ sql ] [ SQL ] SELECT `a_chatuser`.*,a_case_company.name as companyname FROM `nd_cases_chatuser` `a_chatuser` INNER JOIN `nd_cases_company` `a_case_company` ON `a_chatuser`.`company`=`a_case_company`.`id` ORDER BY a_chatuser.sort desc LIMIT 1 [ RunTime:0.005986s ]
[ error ] [2]DOMDocument::loadHTML(): Tag section invalid in Entity, line: 34[D:\www\mlxyadmin\thinkcms\library\minify\HtmlMinify.php:21]
[ error ] [2]DOMDocument::loadHTML(): Unexpected end tag : option in Entity, line: 596[D:\www\mlxyadmin\thinkcms\library\minify\HtmlMinify.php:21]
[ error ] [2]DOMDocument::loadHTML(): Unexpected end tag : option in Entity, line: 600[D:\www\mlxyadmin\thinkcms\library\minify\HtmlMinify.php:21]
[ error ] [2]DOMDocument::loadHTML(): Unexpected end tag : option in Entity, line: 617[D:\www\mlxyadmin\thinkcms\library\minify\HtmlMinify.php:21]
[ error ] [2]DOMDocument::loadHTML(): Unexpected end tag : option in Entity, line: 620[D:\www\mlxyadmin\thinkcms\library\minify\HtmlMinify.php:21]
[ error ] [2]DOMDocument::loadHTML(): Unexpected end tag : option in Entity, line: 627[D:\www\mlxyadmin\thinkcms\library\minify\HtmlMinify.php:21]
[ error ] [2]DOMDocument::loadHTML(): Unexpected end tag : option in Entity, line: 632[D:\www\mlxyadmin\thinkcms\library\minify\HtmlMinify.php:21]
[ error ] [2]DOMDocument::loadHTML(): Unexpected end tag : option in Entity, line: 638[D:\www\mlxyadmin\thinkcms\library\minify\HtmlMinify.php:21]
[ error ] [2]DOMDocument::loadHTML(): Unexpected end tag : option in Entity, line: 640[D:\www\mlxyadmin\thinkcms\library\minify\HtmlMinify.php:21]
[ error ] [2]DOMDocument::loadHTML(): Unexpected end tag : span in Entity, line: 689[D:\www\mlxyadmin\thinkcms\library\minify\HtmlMinify.php:21]
[ error ] [2]DOMDocument::loadHTML(): Unexpected end tag : span in Entity, line: 692[D:\www\mlxyadmin\thinkcms\library\minify\HtmlMinify.php:21]
[ error ] [2]DOMDocument::loadHTML(): Unexpected end tag : span in Entity, line: 697[D:\www\mlxyadmin\thinkcms\library\minify\HtmlMinify.php:21]
---------------------------------------------------------------
[ 2018-02-01T13:02:57+08:00 ] 127.0.0.1 127.0.0.1 GET /dcp/Login/index.html
[ info ] test.mlxyadmin.com:8080/dcp/Login/index.html [运行时间：0.078867s][吞吐率：12.68req/s] [内存消耗：3,687.16kb] [文件加载：70]
[ info ] [ LANG ] D:\www\mlxyadmin\thinkphp\lang\zh-cn.php
[ info ] [ ROUTE ] array (
  'type' => 'module',
  'module' => 
  array (
    0 => 'dcp',
    1 => 'Login',
    2 => 'index',
  ),
)
[ info ] [ HEADER ] array (
  'host' => 'test.mlxyadmin.com:8080',
  'connection' => 'keep-alive',
  'upgrade-insecure-requests' => '1',
  'user-agent' => 'Mozilla/5.0 (Windows NT 10.0; WOW64) AppleWebKit/537.36 (KHTML, like Gecko) Chrome/63.0.3239.9 Safari/537.36',
  'accept' => 'text/html,application/xhtml+xml,application/xml;q=0.9,image/webp,image/apng,*/*;q=0.8',
  'referer' => 'http://test.mlxyadmin.com:8080/Allianz/dcp',
  'accept-encoding' => 'gzip, deflate',
  'accept-language' => 'zh-CN,zh;q=0.9',
  'cookie' => 'amback=http%3A%2F%2Ftest.mlxyadmin.com%3A8080%2FAllianz%2Fdcp',
)
[ info ] [ PARAM ] array (
)
[ info ] [ CACHE ] INIT File
[ info ] [ BEHAVIOR ] Run \app\common\behaviors\LoadConfigBehavior @module_init [ RunTime:0.010321s ]
[ info ] [ RUN ] app\dcp\controller\Login->index[ D:\www\mlxyadmin\application\dcp\controller\Login.php ]
[ info ] [ VIEW ] D:\www\mlxyadmin\application\dcp\view\login\index.html [ array (
  0 => 'site_version',
  1 => 'static_path',
  2 => 'module_path',
  3 => 'lib_path',
  4 => 'site_title',
) ]
[ info ] [ LOG ] INIT File
---------------------------------------------------------------
[ 2018-02-01T16:16:48+08:00 ] 127.0.0.1 127.0.0.1 GET /Allianz/dcp
[ info ] test.mlxyadmin.com:8080/Allianz/dcp [运行时间：0.229023s][吞吐率：4.37req/s] [内存消耗：6,007.91kb] [文件加载：85]
[ info ] [ LANG ] D:\www\mlxyadmin\thinkphp\lang\zh-cn.php
[ info ] [ ROUTE ] array (
  'type' => 'module',
  'module' => 
  array (
    0 => 'dcp',
    1 => 'Index',
    2 => 'service_details',
  ),
  'convert' => false,
)
[ info ] [ HEADER ] array (
  'host' => 'test.mlxyadmin.com:8080',
  'connection' => 'keep-alive',
  'user-agent' => 'Mozilla/5.0 (Windows NT 10.0; WOW64) AppleWebKit/537.36 (KHTML, like Gecko) Chrome/63.0.3239.9 Safari/537.36',
  'upgrade-insecure-requests' => '1',
  'accept' => 'text/html,application/xhtml+xml,application/xml;q=0.9,image/webp,image/apng,*/*;q=0.8',
  'accept-encoding' => 'gzip, deflate',
  'accept-language' => 'zh-CN,zh;q=0.9',
)
[ info ] [ PARAM ] array (
)
[ info ] [ CACHE ] INIT File
[ info ] [ DB ] INIT mysql
[ info ] [ BEHAVIOR ] Run \app\common\behaviors\LoadConfigBehavior @module_init [ RunTime:0.050067s ]
[ info ] [ RUN ] app\dcp\controller\Index->service_details[ D:\www\mlxyadmin\application\dcp\controller\Index.php ]
[ info ] [ VIEW ] D:\www\mlxyadmin\application\dcp\view\index\service_details.html [ array (
  0 => 'site_version',
  1 => 'static_path',
  2 => 'module_path',
  3 => 'lib_path',
  4 => 'service_list',
  5 => 'area',
  6 => 'country_list',
  7 => 'userid',
  8 => 'minedata',
  9 => 'service_id',
  10 => 'site_title',
) ]
[ info ] [ LOG ] INIT File
[ sql ] [ DB ] CONNECT:[ UseTime:0.011826s ] mysql:dbname=databases;host=localhost;port=3306;charset=utf8
[ sql ] [ SQL ] SHOW COLUMNS FROM `nd_manage_config` [ RunTime:0.011723s ]
[ sql ] [ SQL ] SELECT * FROM `nd_manage_config` [ RunTime:0.000626s ]
[ sql ] [ SQL ] SHOW COLUMNS FROM `nd_cases_case_type` [ RunTime:0.014184s ]
[ sql ] [ SQL ] SELECT * FROM `nd_cases_case_type` ORDER BY sort desc [ RunTime:0.000522s ]
[ sql ] [ SQL ] SHOW COLUMNS FROM `nd_cases_area` [ RunTime:0.012950s ]
[ sql ] [ SQL ] SELECT * FROM `nd_cases_area` WHERE  `parent_id` = 0 [ RunTime:0.018558s ]
[ sql ] [ SQL ] SHOW COLUMNS FROM `nd_cases_country` [ RunTime:0.011845s ]
[ sql ] [ SQL ] SELECT * FROM `nd_cases_country` ORDER BY locate('Malaysia',ename) desc [ RunTime:0.001782s ]
[ sql ] [ SQL ] SHOW COLUMNS FROM `nd_cases_chatuser` [ RunTime:0.011889s ]
[ sql ] [ SQL ] SELECT `a_chatuser`.*,a_case_company.name as companyname FROM `nd_cases_chatuser` `a_chatuser` INNER JOIN `nd_cases_company` `a_case_company` ON `a_chatuser`.`company`=`a_case_company`.`id` ORDER BY a_chatuser.sort desc LIMIT 1 [ RunTime:0.007304s ]
[ error ] [2]DOMDocument::loadHTML(): Tag section invalid in Entity, line: 34[D:\www\mlxyadmin\thinkcms\library\minify\HtmlMinify.php:21]
[ error ] [2]DOMDocument::loadHTML(): Unexpected end tag : option in Entity, line: 597[D:\www\mlxyadmin\thinkcms\library\minify\HtmlMinify.php:21]
[ error ] [2]DOMDocument::loadHTML(): Unexpected end tag : option in Entity, line: 601[D:\www\mlxyadmin\thinkcms\library\minify\HtmlMinify.php:21]
[ error ] [2]DOMDocument::loadHTML(): Unexpected end tag : option in Entity, line: 618[D:\www\mlxyadmin\thinkcms\library\minify\HtmlMinify.php:21]
[ error ] [2]DOMDocument::loadHTML(): Unexpected end tag : option in Entity, line: 621[D:\www\mlxyadmin\thinkcms\library\minify\HtmlMinify.php:21]
[ error ] [2]DOMDocument::loadHTML(): Unexpected end tag : option in Entity, line: 628[D:\www\mlxyadmin\thinkcms\library\minify\HtmlMinify.php:21]
[ error ] [2]DOMDocument::loadHTML(): Unexpected end tag : option in Entity, line: 633[D:\www\mlxyadmin\thinkcms\library\minify\HtmlMinify.php:21]
[ error ] [2]DOMDocument::loadHTML(): Unexpected end tag : option in Entity, line: 639[D:\www\mlxyadmin\thinkcms\library\minify\HtmlMinify.php:21]
[ error ] [2]DOMDocument::loadHTML(): Unexpected end tag : option in Entity, line: 641[D:\www\mlxyadmin\thinkcms\library\minify\HtmlMinify.php:21]
[ error ] [2]DOMDocument::loadHTML(): Unexpected end tag : span in Entity, line: 690[D:\www\mlxyadmin\thinkcms\library\minify\HtmlMinify.php:21]
[ error ] [2]DOMDocument::loadHTML(): Unexpected end tag : span in Entity, line: 693[D:\www\mlxyadmin\thinkcms\library\minify\HtmlMinify.php:21]
[ error ] [2]DOMDocument::loadHTML(): Unexpected end tag : span in Entity, line: 698[D:\www\mlxyadmin\thinkcms\library\minify\HtmlMinify.php:21]
---------------------------------------------------------------
[ 2018-02-01T16:16:51+08:00 ] 127.0.0.1 127.0.0.1 POST /module/cases/Interfaces/valid_login.html
[ info ] test.mlxyadmin.com:8080/module/cases/Interfaces/valid_login.html [运行时间：0.076044s][吞吐率：13.15req/s] [内存消耗：2,944.51kb] [文件加载：59]
[ info ] [ LANG ] D:\www\mlxyadmin\thinkphp\lang\zh-cn.php
[ info ] [ ROUTE ] array (
  'type' => 'module',
  'module' => 
  array (
    0 => 'manage',
    1 => 'loader',
    2 => 'run',
  ),
  'convert' => false,
)
[ info ] [ HEADER ] array (
  'host' => 'test.mlxyadmin.com:8080',
  'connection' => 'keep-alive',
  'content-length' => '0',
  'accept' => 'application/json, text/javascript, */*; q=0.01',
  'origin' => 'http://test.mlxyadmin.com:8080',
  'x-requested-with' => 'XMLHttpRequest',
  'user-agent' => 'Mozilla/5.0 (Windows NT 10.0; WOW64) AppleWebKit/537.36 (KHTML, like Gecko) Chrome/63.0.3239.9 Safari/537.36',
  'referer' => 'http://test.mlxyadmin.com:8080/Allianz/dcp',
  'accept-encoding' => 'gzip, deflate',
  'accept-language' => 'zh-CN,zh;q=0.9',
  'cookie' => 'amback=http%3A%2F%2Ftest.mlxyadmin.com%3A8080%2FAllianz%2Fdcp',
)
[ info ] [ PARAM ] array (
  '_module_' => 'cases',
  '_controller_' => 'Interfaces',
  '_action_' => 'valid_login',
)
[ info ] [ CACHE ] INIT File
[ info ] [ BEHAVIOR ] Run \app\common\behaviors\LoadConfigBehavior @module_init [ RunTime:0.010443s ]
[ info ] [ RUN ] app\manage\controller\Loader->run[ D:\www\mlxyadmin\application\manage\controller\Loader.php ]
[ info ] [ RUN ] module\cases\controller\Interfaces->valid_login[ D:\www\mlxyadmin\application\module\cases\controller\Interfaces.php ]
[ info ] [ LOG ] INIT File
---------------------------------------------------------------
[ 2018-02-01T16:16:51+08:00 ] 127.0.0.1 127.0.0.1 GET /dcp/Login/index.html
[ info ] test.mlxyadmin.com:8080/dcp/Login/index.html [运行时间：0.113050s][吞吐率：8.85req/s] [内存消耗：3,461.01kb] [文件加载：68]
[ info ] [ LANG ] D:\www\mlxyadmin\thinkphp\lang\zh-cn.php
[ info ] [ ROUTE ] array (
  'type' => 'module',
  'module' => 
  array (
    0 => 'dcp',
    1 => 'Login',
    2 => 'index',
  ),
)
[ info ] [ HEADER ] array (
  'host' => 'test.mlxyadmin.com:8080',
  'connection' => 'keep-alive',
  'upgrade-insecure-requests' => '1',
  'user-agent' => 'Mozilla/5.0 (Windows NT 10.0; WOW64) AppleWebKit/537.36 (KHTML, like Gecko) Chrome/63.0.3239.9 Safari/537.36',
  'accept' => 'text/html,application/xhtml+xml,application/xml;q=0.9,image/webp,image/apng,*/*;q=0.8',
  'referer' => 'http://test.mlxyadmin.com:8080/Allianz/dcp',
  'accept-encoding' => 'gzip, deflate',
  'accept-language' => 'zh-CN,zh;q=0.9',
  'cookie' => 'amback=http%3A%2F%2Ftest.mlxyadmin.com%3A8080%2FAllianz%2Fdcp',
)
[ info ] [ PARAM ] array (
)
[ info ] [ CACHE ] INIT File
[ info ] [ BEHAVIOR ] Run \app\common\behaviors\LoadConfigBehavior @module_init [ RunTime:0.009806s ]
[ info ] [ RUN ] app\dcp\controller\Login->index[ D:\www\mlxyadmin\application\dcp\controller\Login.php ]
[ info ] [ VIEW ] D:\www\mlxyadmin\application\dcp\view\login\index.html [ array (
  0 => 'site_version',
  1 => 'static_path',
  2 => 'module_path',
  3 => 'lib_path',
  4 => 'site_title',
) ]
[ info ] [ LOG ] INIT File
---------------------------------------------------------------
[ 2018-02-01T16:16:53+08:00 ] 127.0.0.1 127.0.0.1 POST /dcp/login/dologin.html
[ info ] test.mlxyadmin.com:8080/dcp/login/dologin.html [运行时间：0.097663s][吞吐率：10.24req/s] [内存消耗：4,283.46kb] [文件加载：63]
[ info ] [ LANG ] D:\www\mlxyadmin\thinkphp\lang\zh-cn.php
[ info ] [ ROUTE ] array (
  'type' => 'module',
  'module' => 
  array (
    0 => 'dcp',
    1 => 'login',
    2 => 'dologin',
  ),
)
[ info ] [ HEADER ] array (
  'host' => 'test.mlxyadmin.com:8080',
  'connection' => 'keep-alive',
  'content-length' => '41',
  'accept' => '*/*',
  'origin' => 'http://test.mlxyadmin.com:8080',
  'x-requested-with' => 'XMLHttpRequest',
  'user-agent' => 'Mozilla/5.0 (Windows NT 10.0; WOW64) AppleWebKit/537.36 (KHTML, like Gecko) Chrome/63.0.3239.9 Safari/537.36',
  'content-type' => 'application/x-www-form-urlencoded; charset=UTF-8',
  'referer' => 'http://test.mlxyadmin.com:8080/dcp/Login/index.html',
  'accept-encoding' => 'gzip, deflate',
  'accept-language' => 'zh-CN,zh;q=0.9',
  'cookie' => 'amback=http%3A%2F%2Ftest.mlxyadmin.com%3A8080%2FAllianz%2Fdcp',
)
[ info ] [ PARAM ] array (
  'user_name' => 'wangqiang@meetuuu.com',
  'pwd' => '123',
)
[ info ] [ CACHE ] INIT File
[ info ] [ BEHAVIOR ] Run \app\common\behaviors\LoadConfigBehavior @module_init [ RunTime:0.011602s ]
[ info ] [ RUN ] app\dcp\controller\Login->doLogin[ D:\www\mlxyadmin\application\dcp\controller\Login.php ]
[ info ] [ DB ] INIT mysql
[ info ] [ LOG ] INIT File
[ sql ] [ DB ] CONNECT:[ UseTime:0.004357s ] mysql:dbname=databases;host=localhost;port=3306;charset=utf8
[ sql ] [ SQL ] SHOW COLUMNS FROM `nd_cases_chatuser` [ RunTime:0.011580s ]
[ sql ] [ SQL ] SELECT `id`,`user_name`,`pwd`,`sign`,`avatar`,`is_manager` FROM `nd_cases_chatuser` WHERE  `user_name` = 'wangqiang@meetuuu.com'  AND `u_status` = 1 LIMIT 1 [ RunTime:0.000683s ]
[ sql ] [ SQL ] UPDATE `nd_cases_chatuser`  SET `status`=1  WHERE  `id` = 31 [ RunTime:0.000656s ]
---------------------------------------------------------------
[ 2018-02-01T16:16:54+08:00 ] 127.0.0.1 127.0.0.1 GET /Allianz/dcp
[ info ] test.mlxyadmin.com:8080/Allianz/dcp [运行时间：0.229942s][吞吐率：4.35req/s] [内存消耗：5,661.72kb] [文件加载：82]
[ info ] [ LANG ] D:\www\mlxyadmin\thinkphp\lang\zh-cn.php
[ info ] [ ROUTE ] array (
  'type' => 'module',
  'module' => 
  array (
    0 => 'dcp',
    1 => 'Index',
    2 => 'service_details',
  ),
  'convert' => false,
)
[ info ] [ HEADER ] array (
  'host' => 'test.mlxyadmin.com:8080',
  'connection' => 'keep-alive',
  'upgrade-insecure-requests' => '1',
  'user-agent' => 'Mozilla/5.0 (Windows NT 10.0; WOW64) AppleWebKit/537.36 (KHTML, like Gecko) Chrome/63.0.3239.9 Safari/537.36',
  'accept' => 'text/html,application/xhtml+xml,application/xml;q=0.9,image/webp,image/apng,*/*;q=0.8',
  'referer' => 'http://test.mlxyadmin.com:8080/dcp/Login/index.html',
  'accept-encoding' => 'gzip, deflate',
  'accept-language' => 'zh-CN,zh;q=0.9',
  'cookie' => 'amback=http%3A%2F%2Ftest.mlxyadmin.com%3A8080%2FAllianz%2Fdcp; phone_user_name=wangqiang%40meetuuu.com; phone_user_id=31; phone_user_avatar=http%3A%2F%2Foqi1zfida.bkt.clouddn.com%2Fupload%2Fjpeg%2Fd1f80cdeb3b802bd128bdaa479f01426.jpeg',
)
[ info ] [ PARAM ] array (
)
[ info ] [ CACHE ] INIT File
[ info ] [ BEHAVIOR ] Run \app\common\behaviors\LoadConfigBehavior @module_init [ RunTime:0.014404s ]
[ info ] [ DB ] INIT mysql
[ info ] [ RUN ] app\dcp\controller\Index->service_details[ D:\www\mlxyadmin\application\dcp\controller\Index.php ]
[ info ] [ VIEW ] D:\www\mlxyadmin\application\dcp\view\index\service_details.html [ array (
  0 => 'site_version',
  1 => 'static_path',
  2 => 'module_path',
  3 => 'lib_path',
  4 => 'service_list',
  5 => 'area',
  6 => 'country_list',
  7 => 'userid',
  8 => 'minedata',
  9 => 'service_id',
  10 => 'site_title',
) ]
[ info ] [ LOG ] INIT File
[ sql ] [ DB ] CONNECT:[ UseTime:0.003280s ] mysql:dbname=databases;host=localhost;port=3306;charset=utf8
[ sql ] [ SQL ] SHOW COLUMNS FROM `nd_cases_case_type` [ RunTime:0.014428s ]
[ sql ] [ SQL ] SELECT * FROM `nd_cases_case_type` ORDER BY sort desc [ RunTime:0.002051s ]
[ sql ] [ SQL ] SHOW COLUMNS FROM `nd_cases_area` [ RunTime:0.009835s ]
[ sql ] [ SQL ] SELECT * FROM `nd_cases_area` WHERE  `parent_id` = 0 [ RunTime:0.014494s ]
[ sql ] [ SQL ] SHOW COLUMNS FROM `nd_cases_country` [ RunTime:0.014599s ]
[ sql ] [ SQL ] SELECT * FROM `nd_cases_country` ORDER BY locate('Malaysia',ename) desc [ RunTime:0.000794s ]
[ sql ] [ SQL ] SHOW COLUMNS FROM `nd_cases_chatuser` [ RunTime:0.014463s ]
[ sql ] [ SQL ] SELECT `a_chatuser`.*,a_case_company.name as companyname FROM `nd_cases_chatuser` `a_chatuser` INNER JOIN `nd_cases_company` `a_case_company` ON `a_chatuser`.`company`=`a_case_company`.`id` WHERE  `a_chatuser`.`id` = '31' ORDER BY a_chatuser.sort desc LIMIT 1 [ RunTime:0.000509s ]
[ error ] [2]DOMDocument::loadHTML(): Tag section invalid in Entity, line: 34[D:\www\mlxyadmin\thinkcms\library\minify\HtmlMinify.php:21]
[ error ] [2]DOMDocument::loadHTML(): Unexpected end tag : option in Entity, line: 598[D:\www\mlxyadmin\thinkcms\library\minify\HtmlMinify.php:21]
[ error ] [2]DOMDocument::loadHTML(): Unexpected end tag : option in Entity, line: 602[D:\www\mlxyadmin\thinkcms\library\minify\HtmlMinify.php:21]
[ error ] [2]DOMDocument::loadHTML(): Unexpected end tag : option in Entity, line: 619[D:\www\mlxyadmin\thinkcms\library\minify\HtmlMinify.php:21]
[ error ] [2]DOMDocument::loadHTML(): Unexpected end tag : option in Entity, line: 622[D:\www\mlxyadmin\thinkcms\library\minify\HtmlMinify.php:21]
[ error ] [2]DOMDocument::loadHTML(): Unexpected end tag : option in Entity, line: 629[D:\www\mlxyadmin\thinkcms\library\minify\HtmlMinify.php:21]
[ error ] [2]DOMDocument::loadHTML(): Unexpected end tag : option in Entity, line: 634[D:\www\mlxyadmin\thinkcms\library\minify\HtmlMinify.php:21]
[ error ] [2]DOMDocument::loadHTML(): Unexpected end tag : option in Entity, line: 640[D:\www\mlxyadmin\thinkcms\library\minify\HtmlMinify.php:21]
[ error ] [2]DOMDocument::loadHTML(): Unexpected end tag : option in Entity, line: 642[D:\www\mlxyadmin\thinkcms\library\minify\HtmlMinify.php:21]
[ error ] [2]DOMDocument::loadHTML(): Unexpected end tag : span in Entity, line: 691[D:\www\mlxyadmin\thinkcms\library\minify\HtmlMinify.php:21]
[ error ] [2]DOMDocument::loadHTML(): Unexpected end tag : span in Entity, line: 694[D:\www\mlxyadmin\thinkcms\library\minify\HtmlMinify.php:21]
[ error ] [2]DOMDocument::loadHTML(): Unexpected end tag : span in Entity, line: 699[D:\www\mlxyadmin\thinkcms\library\minify\HtmlMinify.php:21]
---------------------------------------------------------------
[ 2018-02-01T16:16:56+08:00 ] 127.0.0.1 127.0.0.1 POST /module/cases/Interfaces/valid_login.html
[ info ] test.mlxyadmin.com:8080/module/cases/Interfaces/valid_login.html [运行时间：0.089617s][吞吐率：11.16req/s] [内存消耗：2,944.86kb] [文件加载：59]
[ info ] [ LANG ] D:\www\mlxyadmin\thinkphp\lang\zh-cn.php
[ info ] [ ROUTE ] array (
  'type' => 'module',
  'module' => 
  array (
    0 => 'manage',
    1 => 'loader',
    2 => 'run',
  ),
  'convert' => false,
)
[ info ] [ HEADER ] array (
  'host' => 'test.mlxyadmin.com:8080',
  'connection' => 'keep-alive',
  'content-length' => '0',
  'accept' => 'application/json, text/javascript, */*; q=0.01',
  'origin' => 'http://test.mlxyadmin.com:8080',
  'x-requested-with' => 'XMLHttpRequest',
  'user-agent' => 'Mozilla/5.0 (Windows NT 10.0; WOW64) AppleWebKit/537.36 (KHTML, like Gecko) Chrome/63.0.3239.9 Safari/537.36',
  'referer' => 'http://test.mlxyadmin.com:8080/Allianz/dcp',
  'accept-encoding' => 'gzip, deflate',
  'accept-language' => 'zh-CN,zh;q=0.9',
  'cookie' => 'amback=http%3A%2F%2Ftest.mlxyadmin.com%3A8080%2FAllianz%2Fdcp; phone_user_name=wangqiang%40meetuuu.com; phone_user_id=31; phone_user_avatar=http%3A%2F%2Foqi1zfida.bkt.clouddn.com%2Fupload%2Fjpeg%2Fd1f80cdeb3b802bd128bdaa479f01426.jpeg',
)
[ info ] [ PARAM ] array (
  '_module_' => 'cases',
  '_controller_' => 'Interfaces',
  '_action_' => 'valid_login',
)
[ info ] [ CACHE ] INIT File
[ info ] [ BEHAVIOR ] Run \app\common\behaviors\LoadConfigBehavior @module_init [ RunTime:0.015750s ]
[ info ] [ RUN ] app\manage\controller\Loader->run[ D:\www\mlxyadmin\application\manage\controller\Loader.php ]
[ info ] [ RUN ] module\cases\controller\Interfaces->valid_login[ D:\www\mlxyadmin\application\module\cases\controller\Interfaces.php ]
[ info ] [ LOG ] INIT File
---------------------------------------------------------------
[ 2018-02-01T16:17:49+08:00 ] 127.0.0.1 127.0.0.1 POST /dcp/Index/addCase.html
[ info ] test.mlxyadmin.com:8080/dcp/Index/addCase.html [运行时间：0.219779s][吞吐率：4.55req/s] [内存消耗：5,561.45kb] [文件加载：85]
[ info ] [ LANG ] D:\www\mlxyadmin\thinkphp\lang\zh-cn.php
[ info ] [ ROUTE ] array (
  'type' => 'module',
  'module' => 
  array (
    0 => 'dcp',
    1 => 'Index',
    2 => 'addCase',
  ),
)
[ info ] [ HEADER ] array (
  'host' => 'test.mlxyadmin.com:8080',
  'connection' => 'keep-alive',
  'content-length' => '354',
  'accept' => '*/*',
  'origin' => 'http://test.mlxyadmin.com:8080',
  'x-requested-with' => 'XMLHttpRequest',
  'user-agent' => 'Mozilla/5.0 (Windows NT 10.0; WOW64) AppleWebKit/537.36 (KHTML, like Gecko) Chrome/63.0.3239.9 Safari/537.36',
  'content-type' => 'application/x-www-form-urlencoded; charset=UTF-8',
  'referer' => 'http://test.mlxyadmin.com:8080/Allianz/dcp',
  'accept-encoding' => 'gzip, deflate',
  'accept-language' => 'zh-CN,zh;q=0.9',
  'cookie' => 'amback=http%3A%2F%2Ftest.mlxyadmin.com%3A8080%2FAllianz%2Fdcp; phone_user_name=wangqiang%40meetuuu.com; phone_user_id=31; phone_user_avatar=http%3A%2F%2Foqi1zfida.bkt.clouddn.com%2Fupload%2Fjpeg%2Fd1f80cdeb3b802bd128bdaa479f01426.jpeg',
)
[ info ] [ PARAM ] array (
  'case_type' => '2',
  'firstname' => 'asd',
  'lastname' => 'dsa',
  'birthday' => '2018-02-01',
  'sex' => '1',
  'isme' => '1',
  'applicant_name' => 'asd dsa',
  'country' => '3',
  'e_province' => 'asd',
  'province' => '0',
  'city' => '0',
  'district' => '0',
  'address' => 'asd',
  'zip_code' => '',
  'preferred_phone' => '18721667531',
  'standby_phone' => '',
  'email' => '972270516@qq.com',
  'preferred_time' => '9am-12am',
  'illness' => '21',
  'treatment_doctor' => '',
  'treatment_hospital' => '',
  'specialty' => '',
  'contract-checkbox' => 'on',
  'user_time' => '',
)
[ info ] [ CACHE ] INIT File
[ info ] [ BEHAVIOR ] Run \app\common\behaviors\LoadConfigBehavior @module_init [ RunTime:0.010719s ]
[ info ] [ DB ] INIT mysql
[ info ] [ RUN ] app\dcp\controller\Index->addCase[ D:\www\mlxyadmin\application\dcp\controller\Index.php ]
[ info ] [ LOG ] INIT File
[ sql ] [ DB ] CONNECT:[ UseTime:0.002313s ] mysql:dbname=databases;host=localhost;port=3306;charset=utf8
[ sql ] [ SQL ] SHOW COLUMNS FROM `nd_cases_case_type` [ RunTime:0.010838s ]
[ sql ] [ SQL ] SELECT * FROM `nd_cases_case_type` ORDER BY sort desc [ RunTime:0.000622s ]
[ sql ] [ SQL ] SHOW COLUMNS FROM `nd_cases_area` [ RunTime:0.012648s ]
[ sql ] [ SQL ] SELECT * FROM `nd_cases_area` WHERE  `parent_id` = 0 [ RunTime:0.012180s ]
[ sql ] [ SQL ] SHOW COLUMNS FROM `nd_cases_country` [ RunTime:0.009726s ]
[ sql ] [ SQL ] SELECT * FROM `nd_cases_country` ORDER BY locate('Malaysia',ename) desc [ RunTime:0.000886s ]
[ sql ] [ SQL ] SHOW COLUMNS FROM `nd_cases_chatuser` [ RunTime:0.009925s ]
[ sql ] [ SQL ] SELECT `a_chatuser`.*,a_case_company.name as companyname FROM `nd_cases_chatuser` `a_chatuser` INNER JOIN `nd_cases_company` `a_case_company` ON `a_chatuser`.`company`=`a_case_company`.`id` WHERE  `a_chatuser`.`id` = '31' ORDER BY a_chatuser.sort desc LIMIT 1 [ RunTime:0.000575s ]
[ sql ] [ SQL ] SHOW COLUMNS FROM `nd_cases_case` [ RunTime:0.009675s ]
[ sql ] [ SQL ] SELECT * FROM `nd_cases_country` WHERE  `id` = 3 LIMIT 1 [ RunTime:0.000294s ]
[ sql ] [ SQL ] SELECT COUNT(*) AS tp_count FROM `nd_cases_case` LIMIT 1 [ RunTime:0.000303s ]
[ sql ] [ SQL ] SELECT `company` FROM `nd_cases_chatuser` WHERE  `id` = 31 LIMIT 1 [ RunTime:0.000446s ]
[ sql ] [ SQL ] SHOW COLUMNS FROM `nd_cases_company` [ RunTime:0.010254s ]
[ sql ] [ SQL ] SELECT * FROM `nd_cases_company` WHERE  `id` = 3  AND `status` = 1 LIMIT 1 [ RunTime:0.000591s ]
[ sql ] [ SQL ] SELECT COUNT(*) AS tp_count FROM `nd_cases_case` WHERE  `case_code` = 'MYSXXXX30CSJK' LIMIT 1 [ RunTime:0.000349s ]
[ sql ] [ SQL ] SHOW COLUMNS FROM `nd_cases_company_email` [ RunTime:0.016126s ]
[ sql ] [ SQL ] SELECT * FROM `nd_cases_company_email` WHERE  `c_id` = 3 [ RunTime:0.000323s ]
[ error ] [8]未定义数组索引: username[D:\www\mlxyadmin\application\common\sendemail\SendUser.php:23]
---------------------------------------------------------------
[ 2018-02-01T16:19:56+08:00 ] 127.0.0.1 127.0.0.1 POST /dcp/Index/addCase.html
[ info ] test.mlxyadmin.com:8080/dcp/Index/addCase.html [运行时间：0.206395s][吞吐率：4.85req/s] [内存消耗：5,395.92kb] [文件加载：77]
[ info ] [ LANG ] D:\www\mlxyadmin\thinkphp\lang\zh-cn.php
[ info ] [ ROUTE ] array (
  'type' => 'module',
  'module' => 
  array (
    0 => 'dcp',
    1 => 'Index',
    2 => 'addCase',
  ),
)
[ info ] [ HEADER ] array (
  'host' => 'test.mlxyadmin.com:8080',
  'connection' => 'keep-alive',
  'content-length' => '354',
  'accept' => '*/*',
  'origin' => 'http://test.mlxyadmin.com:8080',
  'x-requested-with' => 'XMLHttpRequest',
  'user-agent' => 'Mozilla/5.0 (Windows NT 10.0; WOW64) AppleWebKit/537.36 (KHTML, like Gecko) Chrome/63.0.3239.9 Safari/537.36',
  'content-type' => 'application/x-www-form-urlencoded; charset=UTF-8',
  'referer' => 'http://test.mlxyadmin.com:8080/Allianz/dcp',
  'accept-encoding' => 'gzip, deflate',
  'accept-language' => 'zh-CN,zh;q=0.9',
  'cookie' => 'phone_user_name=wangqiang%40meetuuu.com; phone_user_id=31; phone_user_avatar=http%3A%2F%2Foqi1zfida.bkt.clouddn.com%2Fupload%2Fjpeg%2Fd1f80cdeb3b802bd128bdaa479f01426.jpeg; amback=http%3A%2F%2Ftest.mlxyadmin.com%3A8080%2Fdcp%2FIndex%2FaddCase.html',
)
[ info ] [ PARAM ] array (
  'case_type' => '2',
  'firstname' => 'asd',
  'lastname' => 'dsa',
  'birthday' => '2018-02-01',
  'sex' => '1',
  'isme' => '1',
  'applicant_name' => 'asd dsa',
  'country' => '3',
  'e_province' => 'asd',
  'province' => '0',
  'city' => '0',
  'district' => '0',
  'address' => 'asd',
  'zip_code' => '',
  'preferred_phone' => '18721667531',
  'standby_phone' => '',
  'email' => '972270516@qq.com',
  'preferred_time' => '9am-12am',
  'illness' => '21',
  'treatment_doctor' => '',
  'treatment_hospital' => '',
  'specialty' => '',
  'contract-checkbox' => 'on',
  'user_time' => '',
)
[ info ] [ CACHE ] INIT File
[ info ] [ BEHAVIOR ] Run \app\common\behaviors\LoadConfigBehavior @module_init [ RunTime:0.011470s ]
[ info ] [ DB ] INIT mysql
[ info ] [ RUN ] app\dcp\controller\Index->addCase[ D:\www\mlxyadmin\application\dcp\controller\Index.php ]
[ info ] [ LOG ] INIT File
[ sql ] [ DB ] CONNECT:[ UseTime:0.011745s ] mysql:dbname=databases;host=localhost;port=3306;charset=utf8
[ sql ] [ SQL ] SHOW COLUMNS FROM `nd_cases_case_type` [ RunTime:0.011749s ]
[ sql ] [ SQL ] SELECT * FROM `nd_cases_case_type` ORDER BY sort desc [ RunTime:0.000492s ]
[ sql ] [ SQL ] SHOW COLUMNS FROM `nd_cases_area` [ RunTime:0.009906s ]
[ sql ] [ SQL ] SELECT * FROM `nd_cases_area` WHERE  `parent_id` = 0 [ RunTime:0.012479s ]
[ sql ] [ SQL ] SHOW COLUMNS FROM `nd_cases_country` [ RunTime:0.010694s ]
[ sql ] [ SQL ] SELECT * FROM `nd_cases_country` ORDER BY locate('Malaysia',ename) desc [ RunTime:0.000914s ]
[ sql ] [ SQL ] SHOW COLUMNS FROM `nd_cases_chatuser` [ RunTime:0.010513s ]
[ sql ] [ SQL ] SELECT `a_chatuser`.*,a_case_company.name as companyname FROM `nd_cases_chatuser` `a_chatuser` INNER JOIN `nd_cases_company` `a_case_company` ON `a_chatuser`.`company`=`a_case_company`.`id` WHERE  `a_chatuser`.`id` = '31' ORDER BY a_chatuser.sort desc LIMIT 1 [ RunTime:0.000569s ]
[ sql ] [ SQL ] SHOW COLUMNS FROM `nd_cases_case` [ RunTime:0.010047s ]
[ sql ] [ SQL ] SELECT * FROM `nd_cases_country` WHERE  `id` = 3 LIMIT 1 [ RunTime:0.000452s ]
[ sql ] [ SQL ] SELECT COUNT(*) AS tp_count FROM `nd_cases_case` LIMIT 1 [ RunTime:0.000365s ]
[ sql ] [ SQL ] SELECT `company` FROM `nd_cases_chatuser` WHERE  `id` = 31 LIMIT 1 [ RunTime:0.000356s ]
[ sql ] [ SQL ] SHOW COLUMNS FROM `nd_cases_company` [ RunTime:0.009756s ]
[ sql ] [ SQL ] SELECT * FROM `nd_cases_company` WHERE  `id` = 3  AND `status` = 1 LIMIT 1 [ RunTime:0.000339s ]
[ sql ] [ SQL ] SELECT COUNT(*) AS tp_count FROM `nd_cases_case` WHERE  `case_code` = 'MYSXXXX30CSJK' LIMIT 1 [ RunTime:0.000310s ]
[ sql ] [ SQL ] SHOW COLUMNS FROM `nd_cases_company_email` [ RunTime:0.009809s ]
[ sql ] [ SQL ] SELECT * FROM `nd_cases_company_email` WHERE  `c_id` = 3 [ RunTime:0.000247s ]
---------------------------------------------------------------
[ 2018-02-01T16:23:57+08:00 ] 127.0.0.1 127.0.0.1 POST /module/cases/Interfaces/valid_login.html
[ info ] test.mlxyadmin.com:8080/module/cases/Interfaces/valid_login.html [运行时间：0.085794s][吞吐率：11.66req/s] [内存消耗：2,944.98kb] [文件加载：59]
[ info ] [ LANG ] D:\www\mlxyadmin\thinkphp\lang\zh-cn.php
[ info ] [ ROUTE ] array (
  'type' => 'module',
  'module' => 
  array (
    0 => 'manage',
    1 => 'loader',
    2 => 'run',
  ),
  'convert' => false,
)
[ info ] [ HEADER ] array (
  'host' => 'test.mlxyadmin.com:8080',
  'connection' => 'keep-alive',
  'content-length' => '0',
  'accept' => 'application/json, text/javascript, */*; q=0.01',
  'origin' => 'http://test.mlxyadmin.com:8080',
  'x-requested-with' => 'XMLHttpRequest',
  'user-agent' => 'Mozilla/5.0 (Windows NT 10.0; WOW64) AppleWebKit/537.36 (KHTML, like Gecko) Chrome/63.0.3239.9 Safari/537.36',
  'referer' => 'http://test.mlxyadmin.com:8080/Allianz/dcp',
  'accept-encoding' => 'gzip, deflate',
  'accept-language' => 'zh-CN,zh;q=0.9',
  'cookie' => 'phone_user_name=wangqiang%40meetuuu.com; phone_user_id=31; phone_user_avatar=http%3A%2F%2Foqi1zfida.bkt.clouddn.com%2Fupload%2Fjpeg%2Fd1f80cdeb3b802bd128bdaa479f01426.jpeg; amback=http%3A%2F%2Ftest.mlxyadmin.com%3A8080%2Fdcp%2FIndex%2FaddCase.html',
)
[ info ] [ PARAM ] array (
  '_module_' => 'cases',
  '_controller_' => 'Interfaces',
  '_action_' => 'valid_login',
)
[ info ] [ CACHE ] INIT File
[ info ] [ BEHAVIOR ] Run \app\common\behaviors\LoadConfigBehavior @module_init [ RunTime:0.016580s ]
[ info ] [ RUN ] app\manage\controller\Loader->run[ D:\www\mlxyadmin\application\manage\controller\Loader.php ]
[ info ] [ RUN ] module\cases\controller\Interfaces->valid_login[ D:\www\mlxyadmin\application\module\cases\controller\Interfaces.php ]
[ info ] [ LOG ] INIT File
---------------------------------------------------------------
[ 2018-02-01T16:24:01+08:00 ] 127.0.0.1 127.0.0.1 GET /Allianz/dcp
[ info ] test.mlxyadmin.com:8080/Allianz/dcp [运行时间：0.256266s][吞吐率：3.90req/s] [内存消耗：5,662.05kb] [文件加载：82]
[ info ] [ LANG ] D:\www\mlxyadmin\thinkphp\lang\zh-cn.php
[ info ] [ ROUTE ] array (
  'type' => 'module',
  'module' => 
  array (
    0 => 'dcp',
    1 => 'Index',
    2 => 'service_details',
  ),
  'convert' => false,
)
[ info ] [ HEADER ] array (
  'host' => 'test.mlxyadmin.com:8080',
  'connection' => 'keep-alive',
  'cache-control' => 'max-age=0',
  'upgrade-insecure-requests' => '1',
  'user-agent' => 'Mozilla/5.0 (Windows NT 10.0; WOW64) AppleWebKit/537.36 (KHTML, like Gecko) Chrome/63.0.3239.9 Safari/537.36',
  'accept' => 'text/html,application/xhtml+xml,application/xml;q=0.9,image/webp,image/apng,*/*;q=0.8',
  'referer' => 'http://test.mlxyadmin.com:8080/dcp/Login/index.html',
  'accept-encoding' => 'gzip, deflate',
  'accept-language' => 'zh-CN,zh;q=0.9',
  'cookie' => 'phone_user_name=wangqiang%40meetuuu.com; phone_user_id=31; phone_user_avatar=http%3A%2F%2Foqi1zfida.bkt.clouddn.com%2Fupload%2Fjpeg%2Fd1f80cdeb3b802bd128bdaa479f01426.jpeg; amback=http%3A%2F%2Ftest.mlxyadmin.com%3A8080%2Fdcp%2FIndex%2FaddCase.html',
)
[ info ] [ PARAM ] array (
)
[ info ] [ CACHE ] INIT File
[ info ] [ BEHAVIOR ] Run \app\common\behaviors\LoadConfigBehavior @module_init [ RunTime:0.011630s ]
[ info ] [ DB ] INIT mysql
[ info ] [ RUN ] app\dcp\controller\Index->service_details[ D:\www\mlxyadmin\application\dcp\controller\Index.php ]
[ info ] [ VIEW ] D:\www\mlxyadmin\application\dcp\view\index\service_details.html [ array (
  0 => 'site_version',
  1 => 'static_path',
  2 => 'module_path',
  3 => 'lib_path',
  4 => 'service_list',
  5 => 'area',
  6 => 'country_list',
  7 => 'userid',
  8 => 'minedata',
  9 => 'service_id',
  10 => 'site_title',
) ]
[ info ] [ LOG ] INIT File
[ sql ] [ DB ] CONNECT:[ UseTime:0.012539s ] mysql:dbname=databases;host=localhost;port=3306;charset=utf8
[ sql ] [ SQL ] SHOW COLUMNS FROM `nd_cases_case_type` [ RunTime:0.021536s ]
[ sql ] [ SQL ] SELECT * FROM `nd_cases_case_type` ORDER BY sort desc [ RunTime:0.000518s ]
[ sql ] [ SQL ] SHOW COLUMNS FROM `nd_cases_area` [ RunTime:0.016587s ]
[ sql ] [ SQL ] SELECT * FROM `nd_cases_area` WHERE  `parent_id` = 0 [ RunTime:0.015204s ]
[ sql ] [ SQL ] SHOW COLUMNS FROM `nd_cases_country` [ RunTime:0.017151s ]
[ sql ] [ SQL ] SELECT * FROM `nd_cases_country` ORDER BY locate('Malaysia',ename) desc [ RunTime:0.003103s ]
[ sql ] [ SQL ] SHOW COLUMNS FROM `nd_cases_chatuser` [ RunTime:0.017141s ]
[ sql ] [ SQL ] SELECT `a_chatuser`.*,a_case_company.name as companyname FROM `nd_cases_chatuser` `a_chatuser` INNER JOIN `nd_cases_company` `a_case_company` ON `a_chatuser`.`company`=`a_case_company`.`id` WHERE  `a_chatuser`.`id` = '31' ORDER BY a_chatuser.sort desc LIMIT 1 [ RunTime:0.000478s ]
[ error ] [2]DOMDocument::loadHTML(): Tag section invalid in Entity, line: 34[D:\www\mlxyadmin\thinkcms\library\minify\HtmlMinify.php:21]
[ error ] [2]DOMDocument::loadHTML(): Unexpected end tag : option in Entity, line: 598[D:\www\mlxyadmin\thinkcms\library\minify\HtmlMinify.php:21]
[ error ] [2]DOMDocument::loadHTML(): Unexpected end tag : option in Entity, line: 602[D:\www\mlxyadmin\thinkcms\library\minify\HtmlMinify.php:21]
[ error ] [2]DOMDocument::loadHTML(): Unexpected end tag : option in Entity, line: 619[D:\www\mlxyadmin\thinkcms\library\minify\HtmlMinify.php:21]
[ error ] [2]DOMDocument::loadHTML(): Unexpected end tag : option in Entity, line: 622[D:\www\mlxyadmin\thinkcms\library\minify\HtmlMinify.php:21]
[ error ] [2]DOMDocument::loadHTML(): Unexpected end tag : option in Entity, line: 629[D:\www\mlxyadmin\thinkcms\library\minify\HtmlMinify.php:21]
[ error ] [2]DOMDocument::loadHTML(): Unexpected end tag : option in Entity, line: 634[D:\www\mlxyadmin\thinkcms\library\minify\HtmlMinify.php:21]
[ error ] [2]DOMDocument::loadHTML(): Unexpected end tag : option in Entity, line: 640[D:\www\mlxyadmin\thinkcms\library\minify\HtmlMinify.php:21]
[ error ] [2]DOMDocument::loadHTML(): Unexpected end tag : option in Entity, line: 642[D:\www\mlxyadmin\thinkcms\library\minify\HtmlMinify.php:21]
[ error ] [2]DOMDocument::loadHTML(): Unexpected end tag : span in Entity, line: 691[D:\www\mlxyadmin\thinkcms\library\minify\HtmlMinify.php:21]
[ error ] [2]DOMDocument::loadHTML(): Unexpected end tag : span in Entity, line: 694[D:\www\mlxyadmin\thinkcms\library\minify\HtmlMinify.php:21]
[ error ] [2]DOMDocument::loadHTML(): Unexpected end tag : span in Entity, line: 699[D:\www\mlxyadmin\thinkcms\library\minify\HtmlMinify.php:21]
---------------------------------------------------------------
[ 2018-02-01T16:24:03+08:00 ] 127.0.0.1 127.0.0.1 POST /module/cases/Interfaces/valid_login.html
[ info ] test.mlxyadmin.com:8080/module/cases/Interfaces/valid_login.html [运行时间：0.080103s][吞吐率：12.48req/s] [内存消耗：2,944.86kb] [文件加载：59]
[ info ] [ LANG ] D:\www\mlxyadmin\thinkphp\lang\zh-cn.php
[ info ] [ ROUTE ] array (
  'type' => 'module',
  'module' => 
  array (
    0 => 'manage',
    1 => 'loader',
    2 => 'run',
  ),
  'convert' => false,
)
[ info ] [ HEADER ] array (
  'host' => 'test.mlxyadmin.com:8080',
  'connection' => 'keep-alive',
  'content-length' => '0',
  'accept' => 'application/json, text/javascript, */*; q=0.01',
  'origin' => 'http://test.mlxyadmin.com:8080',
  'x-requested-with' => 'XMLHttpRequest',
  'user-agent' => 'Mozilla/5.0 (Windows NT 10.0; WOW64) AppleWebKit/537.36 (KHTML, like Gecko) Chrome/63.0.3239.9 Safari/537.36',
  'referer' => 'http://test.mlxyadmin.com:8080/Allianz/dcp',
  'accept-encoding' => 'gzip, deflate',
  'accept-language' => 'zh-CN,zh;q=0.9',
  'cookie' => 'phone_user_name=wangqiang%40meetuuu.com; phone_user_id=31; phone_user_avatar=http%3A%2F%2Foqi1zfida.bkt.clouddn.com%2Fupload%2Fjpeg%2Fd1f80cdeb3b802bd128bdaa479f01426.jpeg; amback=http%3A%2F%2Ftest.mlxyadmin.com%3A8080%2FAllianz%2Fdcp',
)
[ info ] [ PARAM ] array (
  '_module_' => 'cases',
  '_controller_' => 'Interfaces',
  '_action_' => 'valid_login',
)
[ info ] [ CACHE ] INIT File
[ info ] [ BEHAVIOR ] Run \app\common\behaviors\LoadConfigBehavior @module_init [ RunTime:0.012980s ]
[ info ] [ RUN ] app\manage\controller\Loader->run[ D:\www\mlxyadmin\application\manage\controller\Loader.php ]
[ info ] [ RUN ] module\cases\controller\Interfaces->valid_login[ D:\www\mlxyadmin\application\module\cases\controller\Interfaces.php ]
[ info ] [ LOG ] INIT File
---------------------------------------------------------------
[ 2018-02-01T16:24:29+08:00 ] 127.0.0.1 127.0.0.1 POST /dcp/Index/addCase.html
[ info ] test.mlxyadmin.com:8080/dcp/Index/addCase.html [运行时间：0.236679s][吞吐率：4.23req/s] [内存消耗：5,658.73kb] [文件加载：88]
[ info ] [ LANG ] D:\www\mlxyadmin\thinkphp\lang\zh-cn.php
[ info ] [ ROUTE ] array (
  'type' => 'module',
  'module' => 
  array (
    0 => 'dcp',
    1 => 'Index',
    2 => 'addCase',
  ),
)
[ info ] [ HEADER ] array (
  'host' => 'test.mlxyadmin.com:8080',
  'connection' => 'keep-alive',
  'content-length' => '355',
  'accept' => '*/*',
  'origin' => 'http://test.mlxyadmin.com:8080',
  'x-requested-with' => 'XMLHttpRequest',
  'user-agent' => 'Mozilla/5.0 (Windows NT 10.0; WOW64) AppleWebKit/537.36 (KHTML, like Gecko) Chrome/63.0.3239.9 Safari/537.36',
  'content-type' => 'application/x-www-form-urlencoded; charset=UTF-8',
  'referer' => 'http://test.mlxyadmin.com:8080/Allianz/dcp',
  'accept-encoding' => 'gzip, deflate',
  'accept-language' => 'zh-CN,zh;q=0.9',
  'cookie' => 'phone_user_name=wangqiang%40meetuuu.com; phone_user_id=31; phone_user_avatar=http%3A%2F%2Foqi1zfida.bkt.clouddn.com%2Fupload%2Fjpeg%2Fd1f80cdeb3b802bd128bdaa479f01426.jpeg; amback=http%3A%2F%2Ftest.mlxyadmin.com%3A8080%2FAllianz%2Fdcp',
)
[ info ] [ PARAM ] array (
  'case_type' => '2',
  'firstname' => 'asd',
  'lastname' => 'dsa',
  'birthday' => '2018-02-01',
  'sex' => '1',
  'isme' => '1',
  'applicant_name' => 'asd dsa',
  'country' => '3',
  'e_province' => 'asd',
  'province' => '0',
  'city' => '0',
  'district' => '0',
  'address' => 'asd',
  'zip_code' => '',
  'preferred_phone' => '18721667531',
  'standby_phone' => '',
  'email' => '972270516@qq.com',
  'preferred_time' => '9am-12am',
  'illness' => 'asd',
  'treatment_doctor' => '',
  'treatment_hospital' => '',
  'specialty' => '',
  'contract-checkbox' => 'on',
  'user_time' => '',
)
[ info ] [ CACHE ] INIT File
[ info ] [ BEHAVIOR ] Run \app\common\behaviors\LoadConfigBehavior @module_init [ RunTime:0.007678s ]
[ info ] [ DB ] INIT mysql
[ info ] [ RUN ] app\dcp\controller\Index->addCase[ D:\www\mlxyadmin\application\dcp\controller\Index.php ]
[ info ] [ LOG ] INIT File
[ sql ] [ DB ] CONNECT:[ UseTime:0.011585s ] mysql:dbname=databases;host=localhost;port=3306;charset=utf8
[ sql ] [ SQL ] SHOW COLUMNS FROM `nd_cases_case_type` [ RunTime:0.011141s ]
[ sql ] [ SQL ] SELECT * FROM `nd_cases_case_type` ORDER BY sort desc [ RunTime:0.000404s ]
[ sql ] [ SQL ] SHOW COLUMNS FROM `nd_cases_area` [ RunTime:0.010409s ]
[ sql ] [ SQL ] SELECT * FROM `nd_cases_area` WHERE  `parent_id` = 0 [ RunTime:0.013311s ]
[ sql ] [ SQL ] SHOW COLUMNS FROM `nd_cases_country` [ RunTime:0.009020s ]
[ sql ] [ SQL ] SELECT * FROM `nd_cases_country` ORDER BY locate('Malaysia',ename) desc [ RunTime:0.001281s ]
[ sql ] [ SQL ] SHOW COLUMNS FROM `nd_cases_chatuser` [ RunTime:0.010399s ]
[ sql ] [ SQL ] SELECT `a_chatuser`.*,a_case_company.name as companyname FROM `nd_cases_chatuser` `a_chatuser` INNER JOIN `nd_cases_company` `a_case_company` ON `a_chatuser`.`company`=`a_case_company`.`id` WHERE  `a_chatuser`.`id` = '31' ORDER BY a_chatuser.sort desc LIMIT 1 [ RunTime:0.000735s ]
[ sql ] [ SQL ] SHOW COLUMNS FROM `nd_cases_case` [ RunTime:0.009043s ]
[ sql ] [ SQL ] SELECT * FROM `nd_cases_country` WHERE  `id` = 3 LIMIT 1 [ RunTime:0.000583s ]
[ sql ] [ SQL ] SELECT COUNT(*) AS tp_count FROM `nd_cases_case` LIMIT 1 [ RunTime:0.000460s ]
[ sql ] [ SQL ] SELECT `company` FROM `nd_cases_chatuser` WHERE  `id` = 31 LIMIT 1 [ RunTime:0.000344s ]
[ sql ] [ SQL ] SHOW COLUMNS FROM `nd_cases_company` [ RunTime:0.009064s ]
[ sql ] [ SQL ] SELECT * FROM `nd_cases_company` WHERE  `id` = 3  AND `status` = 1 LIMIT 1 [ RunTime:0.000461s ]
[ sql ] [ SQL ] SELECT COUNT(*) AS tp_count FROM `nd_cases_case` WHERE  `case_code` = 'MYSXXXX30CSJK' LIMIT 1 [ RunTime:0.000360s ]
[ sql ] [ SQL ] SHOW COLUMNS FROM `nd_cases_company_email` [ RunTime:0.009986s ]
[ sql ] [ SQL ] SELECT * FROM `nd_cases_company_email` WHERE  `c_id` = 3 [ RunTime:0.000391s ]
[ sql ] [ SQL ] SHOW COLUMNS FROM `nd_manage_job` [ RunTime:0.016135s ]
[ sql ] [ SQL ] INSERT INTO `nd_manage_job` (`queue` , `payload` , `attempts` , `reserved` , `reserved_at` , `available_at` , `created_at`) VALUES ('jobs' , '{\"job\":\"app\\\\common\\\\jobs\\\\QueueClient@sendMAIL\",\"data\":{\"to\":\"972270516@qq.com\",\"title\":\"Reminder of medical service\",\"content\":\"asd dsa has enrolled in the ALLIANZ MALAYSIA\\/ADVANCE MEDICAL Diabetes Care Programme through the online portal.\"}}' , 0 , 0 , NULL , 1517473469 , 1517473469) [ RunTime:0.005138s ]
[ sql ] [ SQL ] INSERT INTO `nd_cases_case` (`username` , `birthday` , `sex` , `isme` , `relationship` , `applicant_name` , `address` , `province` , `city` , `district` , `zip_code` , `preferred_phone` , `standby_phone` , `preferred_time` , `illness` , `treatment_doctor` , `treatment_hospital` , `specialty` , `case_type` , `sort` , `country` , `email` , `e_province` , `userid` , `case_code` , `create_time` , `update_time`) VALUES ('asd dsa' , '2018-02-01' , 1 , 1 , NULL , 'asddsa' , 'asd' , 110000 , 110100 , 110101 , '' , '18721667531' , '' , '9am-12am' , 'asd' , '' , '' , '' , 2 , 0 , 3 , '972270516@qq.com' , 'asd' , 31 , 'MYSXXXX30CSJK' , 1517473469 , 1517473469) [ RunTime:0.001303s ]
---------------------------------------------------------------
[ 2018-02-01T16:27:35+08:00 ] 127.0.0.1 127.0.0.1 GET /Allianz/dcp
[ info ] test.mlxyadmin.com:8080/Allianz/dcp [运行时间：0.179108s][吞吐率：5.58req/s] [内存消耗：5,732.20kb] [文件加载：83]
[ info ] [ LANG ] D:\www\mlxyadmin\thinkphp\lang\zh-cn.php
[ info ] [ ROUTE ] array (
  'type' => 'module',
  'module' => 
  array (
    0 => 'dcp',
    1 => 'Index',
    2 => 'service_details',
  ),
  'convert' => false,
)
[ info ] [ HEADER ] array (
  'host' => 'test.mlxyadmin.com:8080',
  'connection' => 'keep-alive',
  'upgrade-insecure-requests' => '1',
  'user-agent' => 'Mozilla/5.0 (Windows NT 10.0; WOW64) AppleWebKit/537.36 (KHTML, like Gecko) Chrome/63.0.3239.9 Safari/537.36',
  'accept' => 'text/html,application/xhtml+xml,application/xml;q=0.9,image/webp,image/apng,*/*;q=0.8',
  'referer' => 'http://test.mlxyadmin.com:8080/Allianz/dcp',
  'accept-encoding' => 'gzip, deflate',
  'accept-language' => 'zh-CN,zh;q=0.9',
  'cookie' => 'phone_user_name=wangqiang%40meetuuu.com; phone_user_id=31; phone_user_avatar=http%3A%2F%2Foqi1zfida.bkt.clouddn.com%2Fupload%2Fjpeg%2Fd1f80cdeb3b802bd128bdaa479f01426.jpeg; amback=http%3A%2F%2Ftest.mlxyadmin.com%3A8080%2Fdcp%2FIndex%2FaddCase.html',
)
[ info ] [ PARAM ] array (
)
[ info ] [ CACHE ] INIT File
[ info ] [ DB ] INIT mysql
[ info ] [ BEHAVIOR ] Run \app\common\behaviors\LoadConfigBehavior @module_init [ RunTime:0.046308s ]
[ info ] [ RUN ] app\dcp\controller\Index->service_details[ D:\www\mlxyadmin\application\dcp\controller\Index.php ]
[ info ] [ VIEW ] D:\www\mlxyadmin\application\dcp\view\index\service_details.html [ array (
  0 => 'site_version',
  1 => 'static_path',
  2 => 'module_path',
  3 => 'lib_path',
  4 => 'service_list',
  5 => 'area',
  6 => 'country_list',
  7 => 'userid',
  8 => 'minedata',
  9 => 'service_id',
  10 => 'site_title',
) ]
[ info ] [ LOG ] INIT File
[ sql ] [ DB ] CONNECT:[ UseTime:0.011682s ] mysql:dbname=databases;host=localhost;port=3306;charset=utf8
[ sql ] [ SQL ] SHOW COLUMNS FROM `nd_manage_config` [ RunTime:0.011182s ]
[ sql ] [ SQL ] SELECT * FROM `nd_manage_config` [ RunTime:0.000493s ]
[ sql ] [ SQL ] SHOW COLUMNS FROM `nd_cases_case_type` [ RunTime:0.010644s ]
[ sql ] [ SQL ] SELECT * FROM `nd_cases_case_type` ORDER BY sort desc [ RunTime:0.000476s ]
[ sql ] [ SQL ] SHOW COLUMNS FROM `nd_cases_area` [ RunTime:0.010563s ]
[ sql ] [ SQL ] SELECT * FROM `nd_cases_area` WHERE  `parent_id` = 0 [ RunTime:0.012310s ]
[ sql ] [ SQL ] SHOW COLUMNS FROM `nd_cases_country` [ RunTime:0.010852s ]
[ sql ] [ SQL ] SELECT * FROM `nd_cases_country` ORDER BY locate('Malaysia',ename) desc [ RunTime:0.000939s ]
[ sql ] [ SQL ] SHOW COLUMNS FROM `nd_cases_chatuser` [ RunTime:0.010362s ]
[ sql ] [ SQL ] SELECT `a_chatuser`.*,a_case_company.name as companyname FROM `nd_cases_chatuser` `a_chatuser` INNER JOIN `nd_cases_company` `a_case_company` ON `a_chatuser`.`company`=`a_case_company`.`id` WHERE  `a_chatuser`.`id` = '31' ORDER BY a_chatuser.sort desc LIMIT 1 [ RunTime:0.000456s ]
[ error ] [2]DOMDocument::loadHTML(): Tag section invalid in Entity, line: 34[D:\www\mlxyadmin\thinkcms\library\minify\HtmlMinify.php:21]
[ error ] [2]DOMDocument::loadHTML(): Unexpected end tag : option in Entity, line: 598[D:\www\mlxyadmin\thinkcms\library\minify\HtmlMinify.php:21]
[ error ] [2]DOMDocument::loadHTML(): Unexpected end tag : option in Entity, line: 602[D:\www\mlxyadmin\thinkcms\library\minify\HtmlMinify.php:21]
[ error ] [2]DOMDocument::loadHTML(): Unexpected end tag : option in Entity, line: 619[D:\www\mlxyadmin\thinkcms\library\minify\HtmlMinify.php:21]
[ error ] [2]DOMDocument::loadHTML(): Unexpected end tag : option in Entity, line: 622[D:\www\mlxyadmin\thinkcms\library\minify\HtmlMinify.php:21]
[ error ] [2]DOMDocument::loadHTML(): Unexpected end tag : option in Entity, line: 629[D:\www\mlxyadmin\thinkcms\library\minify\HtmlMinify.php:21]
[ error ] [2]DOMDocument::loadHTML(): Unexpected end tag : option in Entity, line: 634[D:\www\mlxyadmin\thinkcms\library\minify\HtmlMinify.php:21]
[ error ] [2]DOMDocument::loadHTML(): Unexpected end tag : option in Entity, line: 640[D:\www\mlxyadmin\thinkcms\library\minify\HtmlMinify.php:21]
[ error ] [2]DOMDocument::loadHTML(): Unexpected end tag : option in Entity, line: 642[D:\www\mlxyadmin\thinkcms\library\minify\HtmlMinify.php:21]
[ error ] [2]DOMDocument::loadHTML(): Unexpected end tag : span in Entity, line: 691[D:\www\mlxyadmin\thinkcms\library\minify\HtmlMinify.php:21]
[ error ] [2]DOMDocument::loadHTML(): Unexpected end tag : span in Entity, line: 694[D:\www\mlxyadmin\thinkcms\library\minify\HtmlMinify.php:21]
[ error ] [2]DOMDocument::loadHTML(): Unexpected end tag : span in Entity, line: 699[D:\www\mlxyadmin\thinkcms\library\minify\HtmlMinify.php:21]
---------------------------------------------------------------
[ 2018-02-01T16:27:38+08:00 ] 127.0.0.1 127.0.0.1 POST /module/cases/Interfaces/valid_login.html
[ info ] test.mlxyadmin.com:8080/module/cases/Interfaces/valid_login.html [运行时间：0.078514s][吞吐率：12.74req/s] [内存消耗：2,944.86kb] [文件加载：59]
[ info ] [ LANG ] D:\www\mlxyadmin\thinkphp\lang\zh-cn.php
[ info ] [ ROUTE ] array (
  'type' => 'module',
  'module' => 
  array (
    0 => 'manage',
    1 => 'loader',
    2 => 'run',
  ),
  'convert' => false,
)
[ info ] [ HEADER ] array (
  'host' => 'test.mlxyadmin.com:8080',
  'connection' => 'keep-alive',
  'content-length' => '0',
  'accept' => 'application/json, text/javascript, */*; q=0.01',
  'origin' => 'http://test.mlxyadmin.com:8080',
  'x-requested-with' => 'XMLHttpRequest',
  'user-agent' => 'Mozilla/5.0 (Windows NT 10.0; WOW64) AppleWebKit/537.36 (KHTML, like Gecko) Chrome/63.0.3239.9 Safari/537.36',
  'referer' => 'http://test.mlxyadmin.com:8080/Allianz/dcp',
  'accept-encoding' => 'gzip, deflate',
  'accept-language' => 'zh-CN,zh;q=0.9',
  'cookie' => 'phone_user_name=wangqiang%40meetuuu.com; phone_user_id=31; phone_user_avatar=http%3A%2F%2Foqi1zfida.bkt.clouddn.com%2Fupload%2Fjpeg%2Fd1f80cdeb3b802bd128bdaa479f01426.jpeg; amback=http%3A%2F%2Ftest.mlxyadmin.com%3A8080%2FAllianz%2Fdcp',
)
[ info ] [ PARAM ] array (
  '_module_' => 'cases',
  '_controller_' => 'Interfaces',
  '_action_' => 'valid_login',
)
[ info ] [ CACHE ] INIT File
[ info ] [ BEHAVIOR ] Run \app\common\behaviors\LoadConfigBehavior @module_init [ RunTime:0.009482s ]
[ info ] [ RUN ] app\manage\controller\Loader->run[ D:\www\mlxyadmin\application\manage\controller\Loader.php ]
[ info ] [ RUN ] module\cases\controller\Interfaces->valid_login[ D:\www\mlxyadmin\application\module\cases\controller\Interfaces.php ]
[ info ] [ LOG ] INIT File
---------------------------------------------------------------
[ 2018-02-01T16:28:13+08:00 ] 127.0.0.1 127.0.0.1 POST /dcp/Index/addCase.html
[ info ] test.mlxyadmin.com:8080/dcp/Index/addCase.html [运行时间：0.240286s][吞吐率：4.16req/s] [内存消耗：5,658.53kb] [文件加载：88]
[ info ] [ LANG ] D:\www\mlxyadmin\thinkphp\lang\zh-cn.php
[ info ] [ ROUTE ] array (
  'type' => 'module',
  'module' => 
  array (
    0 => 'dcp',
    1 => 'Index',
    2 => 'addCase',
  ),
)
[ info ] [ HEADER ] array (
  'host' => 'test.mlxyadmin.com:8080',
  'connection' => 'keep-alive',
  'content-length' => '351',
  'accept' => '*/*',
  'origin' => 'http://test.mlxyadmin.com:8080',
  'x-requested-with' => 'XMLHttpRequest',
  'user-agent' => 'Mozilla/5.0 (Windows NT 10.0; WOW64) AppleWebKit/537.36 (KHTML, like Gecko) Chrome/63.0.3239.9 Safari/537.36',
  'content-type' => 'application/x-www-form-urlencoded; charset=UTF-8',
  'referer' => 'http://test.mlxyadmin.com:8080/Allianz/dcp',
  'accept-encoding' => 'gzip, deflate',
  'accept-language' => 'zh-CN,zh;q=0.9',
  'cookie' => 'phone_user_name=wangqiang%40meetuuu.com; phone_user_id=31; phone_user_avatar=http%3A%2F%2Foqi1zfida.bkt.clouddn.com%2Fupload%2Fjpeg%2Fd1f80cdeb3b802bd128bdaa479f01426.jpeg; amback=http%3A%2F%2Ftest.mlxyadmin.com%3A8080%2FAllianz%2Fdcp',
)
[ info ] [ PARAM ] array (
  'case_type' => '2',
  'firstname' => 'aa',
  'lastname' => 'bb',
  'birthday' => '2018-02-01',
  'sex' => '1',
  'isme' => '1',
  'applicant_name' => 'aa bb',
  'country' => '3',
  'e_province' => 'asd',
  'province' => '0',
  'city' => '0',
  'district' => '0',
  'address' => 'asd',
  'zip_code' => '',
  'preferred_phone' => '18721667531',
  'standby_phone' => '',
  'email' => '972270516@qq.com',
  'preferred_time' => '9am-12am',
  'illness' => 'asd',
  'treatment_doctor' => '',
  'treatment_hospital' => '',
  'specialty' => '',
  'contract-checkbox' => 'on',
  'user_time' => '',
)
[ info ] [ CACHE ] INIT File
[ info ] [ BEHAVIOR ] Run \app\common\behaviors\LoadConfigBehavior @module_init [ RunTime:0.012790s ]
[ info ] [ DB ] INIT mysql
[ info ] [ RUN ] app\dcp\controller\Index->addCase[ D:\www\mlxyadmin\application\dcp\controller\Index.php ]
[ info ] [ LOG ] INIT File
[ sql ] [ DB ] CONNECT:[ UseTime:0.011532s ] mysql:dbname=databases;host=localhost;port=3306;charset=utf8
[ sql ] [ SQL ] SHOW COLUMNS FROM `nd_cases_case_type` [ RunTime:0.010148s ]
[ sql ] [ SQL ] SELECT * FROM `nd_cases_case_type` ORDER BY sort desc [ RunTime:0.000361s ]
[ sql ] [ SQL ] SHOW COLUMNS FROM `nd_cases_area` [ RunTime:0.011012s ]
[ sql ] [ SQL ] SELECT * FROM `nd_cases_area` WHERE  `parent_id` = 0 [ RunTime:0.011735s ]
[ sql ] [ SQL ] SHOW COLUMNS FROM `nd_cases_country` [ RunTime:0.008791s ]
[ sql ] [ SQL ] SELECT * FROM `nd_cases_country` ORDER BY locate('Malaysia',ename) desc [ RunTime:0.001095s ]
[ sql ] [ SQL ] SHOW COLUMNS FROM `nd_cases_chatuser` [ RunTime:0.009600s ]
[ sql ] [ SQL ] SELECT `a_chatuser`.*,a_case_company.name as companyname FROM `nd_cases_chatuser` `a_chatuser` INNER JOIN `nd_cases_company` `a_case_company` ON `a_chatuser`.`company`=`a_case_company`.`id` WHERE  `a_chatuser`.`id` = '31' ORDER BY a_chatuser.sort desc LIMIT 1 [ RunTime:0.000592s ]
[ sql ] [ SQL ] SHOW COLUMNS FROM `nd_cases_case` [ RunTime:0.010826s ]
[ sql ] [ SQL ] SELECT * FROM `nd_cases_country` WHERE  `id` = 3 LIMIT 1 [ RunTime:0.000513s ]
[ sql ] [ SQL ] SELECT COUNT(*) AS tp_count FROM `nd_cases_case` LIMIT 1 [ RunTime:0.000432s ]
[ sql ] [ SQL ] SELECT `company` FROM `nd_cases_chatuser` WHERE  `id` = 31 LIMIT 1 [ RunTime:0.000936s ]
[ sql ] [ SQL ] SHOW COLUMNS FROM `nd_cases_company` [ RunTime:0.010386s ]
[ sql ] [ SQL ] SELECT * FROM `nd_cases_company` WHERE  `id` = 3  AND `status` = 1 LIMIT 1 [ RunTime:0.000424s ]
[ sql ] [ SQL ] SELECT COUNT(*) AS tp_count FROM `nd_cases_case` WHERE  `case_code` = 'MYSXXXX31CSJK' LIMIT 1 [ RunTime:0.000365s ]
[ sql ] [ SQL ] SHOW COLUMNS FROM `nd_cases_company_email` [ RunTime:0.010422s ]
[ sql ] [ SQL ] SELECT * FROM `nd_cases_company_email` WHERE  `c_id` = 3 [ RunTime:0.000366s ]
[ sql ] [ SQL ] SHOW COLUMNS FROM `nd_manage_job` [ RunTime:0.010898s ]
[ sql ] [ SQL ] INSERT INTO `nd_manage_job` (`queue` , `payload` , `attempts` , `reserved` , `reserved_at` , `available_at` , `created_at`) VALUES ('jobs' , '{\"job\":\"app\\\\common\\\\jobs\\\\QueueClient@sendMAIL\",\"data\":{\"to\":\"972270516@qq.com\",\"title\":\"Reminder of medical service\",\"content\":\"aa bb has enrolled in the ALLIANZ MALAYSIA\\/ADVANCE MEDICAL Diabetes Care Programme through the online portal.\"}}' , 0 , 0 , NULL , 1517473693 , 1517473693) [ RunTime:0.001925s ]
[ sql ] [ SQL ] INSERT INTO `nd_cases_case` (`username` , `birthday` , `sex` , `isme` , `relationship` , `applicant_name` , `address` , `province` , `city` , `district` , `zip_code` , `preferred_phone` , `standby_phone` , `preferred_time` , `illness` , `treatment_doctor` , `treatment_hospital` , `specialty` , `case_type` , `sort` , `country` , `email` , `e_province` , `userid` , `case_code` , `create_time` , `update_time`) VALUES ('aa bb' , '2018-02-01' , 1 , 1 , NULL , 'aabb' , 'asd' , 110000 , 110100 , 110101 , '' , '18721667531' , '' , '9am-12am' , 'asd' , '' , '' , '' , 2 , 0 , 3 , '972270516@qq.com' , 'asd' , 31 , 'MYSXXXX31CSJK' , 1517473693 , 1517473693) [ RunTime:0.001645s ]
---------------------------------------------------------------
[ 2018-02-01T16:28:15+08:00 ] 127.0.0.1 127.0.0.1 GET /Allianz/dcp
[ info ] test.mlxyadmin.com:8080/Allianz/dcp [运行时间：0.163018s][吞吐率：6.13req/s] [内存消耗：5,661.68kb] [文件加载：82]
[ info ] [ LANG ] D:\www\mlxyadmin\thinkphp\lang\zh-cn.php
[ info ] [ ROUTE ] array (
  'type' => 'module',
  'module' => 
  array (
    0 => 'dcp',
    1 => 'Index',
    2 => 'service_details',
  ),
  'convert' => false,
)
[ info ] [ HEADER ] array (
  'host' => 'test.mlxyadmin.com:8080',
  'connection' => 'keep-alive',
  'upgrade-insecure-requests' => '1',
  'user-agent' => 'Mozilla/5.0 (Windows NT 10.0; WOW64) AppleWebKit/537.36 (KHTML, like Gecko) Chrome/63.0.3239.9 Safari/537.36',
  'accept' => 'text/html,application/xhtml+xml,application/xml;q=0.9,image/webp,image/apng,*/*;q=0.8',
  'referer' => 'http://test.mlxyadmin.com:8080/Allianz/dcp',
  'accept-encoding' => 'gzip, deflate',
  'accept-language' => 'zh-CN,zh;q=0.9',
  'cookie' => 'phone_user_name=wangqiang%40meetuuu.com; phone_user_id=31; phone_user_avatar=http%3A%2F%2Foqi1zfida.bkt.clouddn.com%2Fupload%2Fjpeg%2Fd1f80cdeb3b802bd128bdaa479f01426.jpeg; amback=http%3A%2F%2Ftest.mlxyadmin.com%3A8080%2Fdcp%2FIndex%2FaddCase.html',
)
[ info ] [ PARAM ] array (
)
[ info ] [ CACHE ] INIT File
[ info ] [ BEHAVIOR ] Run \app\common\behaviors\LoadConfigBehavior @module_init [ RunTime:0.008362s ]
[ info ] [ DB ] INIT mysql
[ info ] [ RUN ] app\dcp\controller\Index->service_details[ D:\www\mlxyadmin\application\dcp\controller\Index.php ]
[ info ] [ VIEW ] D:\www\mlxyadmin\application\dcp\view\index\service_details.html [ array (
  0 => 'site_version',
  1 => 'static_path',
  2 => 'module_path',
  3 => 'lib_path',
  4 => 'service_list',
  5 => 'area',
  6 => 'country_list',
  7 => 'userid',
  8 => 'minedata',
  9 => 'service_id',
  10 => 'site_title',
) ]
[ info ] [ LOG ] INIT File
[ sql ] [ DB ] CONNECT:[ UseTime:0.001880s ] mysql:dbname=databases;host=localhost;port=3306;charset=utf8
[ sql ] [ SQL ] SHOW COLUMNS FROM `nd_cases_case_type` [ RunTime:0.009258s ]
[ sql ] [ SQL ] SELECT * FROM `nd_cases_case_type` ORDER BY sort desc [ RunTime:0.000409s ]
[ sql ] [ SQL ] SHOW COLUMNS FROM `nd_cases_area` [ RunTime:0.010584s ]
[ sql ] [ SQL ] SELECT * FROM `nd_cases_area` WHERE  `parent_id` = 0 [ RunTime:0.012970s ]
[ sql ] [ SQL ] SHOW COLUMNS FROM `nd_cases_country` [ RunTime:0.010329s ]
[ sql ] [ SQL ] SELECT * FROM `nd_cases_country` ORDER BY locate('Malaysia',ename) desc [ RunTime:0.000856s ]
[ sql ] [ SQL ] SHOW COLUMNS FROM `nd_cases_chatuser` [ RunTime:0.009614s ]
[ sql ] [ SQL ] SELECT `a_chatuser`.*,a_case_company.name as companyname FROM `nd_cases_chatuser` `a_chatuser` INNER JOIN `nd_cases_company` `a_case_company` ON `a_chatuser`.`company`=`a_case_company`.`id` WHERE  `a_chatuser`.`id` = '31' ORDER BY a_chatuser.sort desc LIMIT 1 [ RunTime:0.000489s ]
[ error ] [2]DOMDocument::loadHTML(): Tag section invalid in Entity, line: 34[D:\www\mlxyadmin\thinkcms\library\minify\HtmlMinify.php:21]
[ error ] [2]DOMDocument::loadHTML(): Unexpected end tag : option in Entity, line: 598[D:\www\mlxyadmin\thinkcms\library\minify\HtmlMinify.php:21]
[ error ] [2]DOMDocument::loadHTML(): Unexpected end tag : option in Entity, line: 602[D:\www\mlxyadmin\thinkcms\library\minify\HtmlMinify.php:21]
[ error ] [2]DOMDocument::loadHTML(): Unexpected end tag : option in Entity, line: 619[D:\www\mlxyadmin\thinkcms\library\minify\HtmlMinify.php:21]
[ error ] [2]DOMDocument::loadHTML(): Unexpected end tag : option in Entity, line: 622[D:\www\mlxyadmin\thinkcms\library\minify\HtmlMinify.php:21]
[ error ] [2]DOMDocument::loadHTML(): Unexpected end tag : option in Entity, line: 629[D:\www\mlxyadmin\thinkcms\library\minify\HtmlMinify.php:21]
[ error ] [2]DOMDocument::loadHTML(): Unexpected end tag : option in Entity, line: 634[D:\www\mlxyadmin\thinkcms\library\minify\HtmlMinify.php:21]
[ error ] [2]DOMDocument::loadHTML(): Unexpected end tag : option in Entity, line: 640[D:\www\mlxyadmin\thinkcms\library\minify\HtmlMinify.php:21]
[ error ] [2]DOMDocument::loadHTML(): Unexpected end tag : option in Entity, line: 642[D:\www\mlxyadmin\thinkcms\library\minify\HtmlMinify.php:21]
[ error ] [2]DOMDocument::loadHTML(): Unexpected end tag : span in Entity, line: 691[D:\www\mlxyadmin\thinkcms\library\minify\HtmlMinify.php:21]
[ error ] [2]DOMDocument::loadHTML(): Unexpected end tag : span in Entity, line: 694[D:\www\mlxyadmin\thinkcms\library\minify\HtmlMinify.php:21]
[ error ] [2]DOMDocument::loadHTML(): Unexpected end tag : span in Entity, line: 699[D:\www\mlxyadmin\thinkcms\library\minify\HtmlMinify.php:21]
---------------------------------------------------------------
[ 2018-02-01T18:26:03+08:00 ] 127.0.0.1 127.0.0.1 GET /Allianz/dcp
[ info ] test.mlxyadmin.com:8080/Allianz/dcp [运行时间：0.314111s][吞吐率：3.18req/s] [内存消耗：5,729.40kb] [文件加载：83]
[ info ] [ LANG ] D:\www\mlxyadmin\thinkphp\lang\zh-cn.php
[ info ] [ ROUTE ] array (
  'type' => 'module',
  'module' => 
  array (
    0 => 'dcp',
    1 => 'Index',
    2 => 'service_details',
  ),
  'convert' => false,
)
[ info ] [ HEADER ] array (
  'host' => 'test.mlxyadmin.com:8080',
  'connection' => 'keep-alive',
  'user-agent' => 'Mozilla/5.0 (Windows NT 10.0; WOW64) AppleWebKit/537.36 (KHTML, like Gecko) Chrome/63.0.3239.9 Safari/537.36',
  'upgrade-insecure-requests' => '1',
  'accept' => 'text/html,application/xhtml+xml,application/xml;q=0.9,image/webp,image/apng,*/*;q=0.8',
  'accept-encoding' => 'gzip, deflate',
  'accept-language' => 'zh-CN,zh;q=0.9',
)
[ info ] [ PARAM ] array (
)
[ info ] [ CACHE ] INIT File
[ info ] [ DB ] INIT mysql
[ info ] [ BEHAVIOR ] Run \app\common\behaviors\LoadConfigBehavior @module_init [ RunTime:0.063397s ]
[ info ] [ RUN ] app\dcp\controller\Index->service_details[ D:\www\mlxyadmin\application\dcp\controller\Index.php ]
[ info ] [ VIEW ] D:\www\mlxyadmin\application\dcp\view\index\service_details.html [ array (
  0 => 'site_version',
  1 => 'static_path',
  2 => 'module_path',
  3 => 'lib_path',
  4 => 'service_list',
  5 => 'area',
  6 => 'country_list',
  7 => 'userid',
  8 => 'minedata',
  9 => 'service_id',
  10 => 'site_title',
) ]
[ info ] [ LOG ] INIT File
[ sql ] [ DB ] CONNECT:[ UseTime:0.003373s ] mysql:dbname=databases;host=localhost;port=3306;charset=utf8
[ sql ] [ SQL ] SHOW COLUMNS FROM `nd_manage_config` [ RunTime:0.017597s ]
[ sql ] [ SQL ] SELECT * FROM `nd_manage_config` [ RunTime:0.001184s ]
[ sql ] [ SQL ] SHOW COLUMNS FROM `nd_cases_case_type` [ RunTime:0.021099s ]
[ sql ] [ SQL ] SELECT * FROM `nd_cases_case_type` ORDER BY sort desc [ RunTime:0.000810s ]
[ sql ] [ SQL ] SHOW COLUMNS FROM `nd_cases_area` [ RunTime:0.017661s ]
[ sql ] [ SQL ] SELECT * FROM `nd_cases_area` WHERE  `parent_id` = 0 [ RunTime:0.023756s ]
[ sql ] [ SQL ] SHOW COLUMNS FROM `nd_cases_country` [ RunTime:0.018347s ]
[ sql ] [ SQL ] SELECT * FROM `nd_cases_country` ORDER BY locate('Malaysia',ename) desc [ RunTime:0.001910s ]
[ sql ] [ SQL ] SHOW COLUMNS FROM `nd_cases_chatuser` [ RunTime:0.016361s ]
[ sql ] [ SQL ] SELECT `a_chatuser`.*,a_case_company.name as companyname FROM `nd_cases_chatuser` `a_chatuser` INNER JOIN `nd_cases_company` `a_case_company` ON `a_chatuser`.`company`=`a_case_company`.`id` ORDER BY a_chatuser.sort desc LIMIT 1 [ RunTime:0.010103s ]
[ error ] [2]DOMDocument::loadHTML(): Tag section invalid in Entity, line: 34[D:\www\mlxyadmin\thinkcms\library\minify\HtmlMinify.php:21]
[ error ] [2]DOMDocument::loadHTML(): Unexpected end tag : option in Entity, line: 597[D:\www\mlxyadmin\thinkcms\library\minify\HtmlMinify.php:21]
[ error ] [2]DOMDocument::loadHTML(): Unexpected end tag : option in Entity, line: 601[D:\www\mlxyadmin\thinkcms\library\minify\HtmlMinify.php:21]
[ error ] [2]DOMDocument::loadHTML(): Unexpected end tag : option in Entity, line: 618[D:\www\mlxyadmin\thinkcms\library\minify\HtmlMinify.php:21]
[ error ] [2]DOMDocument::loadHTML(): Unexpected end tag : option in Entity, line: 621[D:\www\mlxyadmin\thinkcms\library\minify\HtmlMinify.php:21]
[ error ] [2]DOMDocument::loadHTML(): Unexpected end tag : option in Entity, line: 628[D:\www\mlxyadmin\thinkcms\library\minify\HtmlMinify.php:21]
[ error ] [2]DOMDocument::loadHTML(): Unexpected end tag : option in Entity, line: 633[D:\www\mlxyadmin\thinkcms\library\minify\HtmlMinify.php:21]
[ error ] [2]DOMDocument::loadHTML(): Unexpected end tag : option in Entity, line: 639[D:\www\mlxyadmin\thinkcms\library\minify\HtmlMinify.php:21]
[ error ] [2]DOMDocument::loadHTML(): Unexpected end tag : option in Entity, line: 641[D:\www\mlxyadmin\thinkcms\library\minify\HtmlMinify.php:21]
[ error ] [2]DOMDocument::loadHTML(): Unexpected end tag : span in Entity, line: 690[D:\www\mlxyadmin\thinkcms\library\minify\HtmlMinify.php:21]
[ error ] [2]DOMDocument::loadHTML(): Unexpected end tag : span in Entity, line: 693[D:\www\mlxyadmin\thinkcms\library\minify\HtmlMinify.php:21]
[ error ] [2]DOMDocument::loadHTML(): Unexpected end tag : span in Entity, line: 698[D:\www\mlxyadmin\thinkcms\library\minify\HtmlMinify.php:21]
